
--- Module:   C:\qp_lab\qpc\src\qv\qv.c (C)

/// Start of Pass 2 ///

--- Module:   C:\qp_lab\qpc\src\qv\qv.c (C)

--- Global Wrap-up

"C:\qp_lab\qpc\include\qf.h" 61 1 Info 756: global typedef 'QEvtSize' (line 61, file C:\qp_lab\qpc\include\qf.h) not referenced
"C:\qp_lab\qpc\include\qs.h" 272 1 Info 757: global declarator 'QS_mem(const uint8_t *, uint8_t)' (line 272, file C:\qp_lab\qpc\include\qs.h) not referenced
 Note 960: Violates MISRA 2004 Required Rule 8.9, undefined symbol: 'QS_mem' 
"C:\qp_lab\qpc\ports\lint\qv\qf_port.h" 212 1 Warning 526: Symbol 'intEnable(void)' (line 212, file C:\qp_lab\qpc\ports\lint\qv\qf_port.h) not defined
 Note 960: Violates MISRA 2004 Required Rule 8.9, undefined symbol: 'intEnable' 
"C:\qp_lab\qpc\ports\lint\stdint.h" 31 1 Info 756: global typedef 'uint64_t' (line 31, file C:\qp_lab\qpc\ports\lint\stdint.h) not referenced
"C:\qp_lab\qpc\ports\lint\stdint.h" 26 1 Info 756: global typedef 'int64_t' (line 26, file C:\qp_lab\qpc\ports\lint\stdint.h) not referenced
"C:\qp_lab\qpc\include\qf.h" 834 1 Info 757: global declarator 'QTicker_ctor(QTicker *, uint8_t)' (line 834, file C:\qp_lab\qpc\include\qf.h) not referenced
 Note 960: Violates MISRA 2004 Required Rule 8.9, undefined symbol: 'QTicker_ctor' 
"C:\qp_lab\qpc\include\qpset.h" 205 1 Warning 526: Symbol 'QF_LOG2(uint32_t)' (line 205, file C:\qp_lab\qpc\include\qpset.h) not defined
 Note 960: Violates MISRA 2004 Required Rule 8.9, undefined symbol: 'QF_LOG2' 
"C:\qp_lab\qpc\include\qf.h" 391 1 Info 756: global typedef 'QMActiveVtbl' (line 391, file C:\qp_lab\qpc\include\qf.h) not referenced
"C:\qp_lab\qpc\include\qf.h" 394 1 Info 757: global declarator 'QMActive_ctor(QMActive *, QStateHandler)' (line 394, file C:\qp_lab\qpc\include\qf.h) not referenced
 Note 960: Violates MISRA 2004 Required Rule 8.9, undefined symbol: 'QMActive_ctor' 
"C:\qp_lab\qpc\include\qs.h" 287 1 Info 757: global declarator 'QS_obj_dict(const void *, const char_t *)' (line 287, file C:\qp_lab\qpc\include\qs.h) not referenced
 Note 960: Violates MISRA 2004 Required Rule 8.9, undefined symbol: 'QS_obj_dict' 
"C:\qp_lab\qpc\include\qs.h" 338 1 Info 757: global declarator 'QS_onCleanup(void)' (line 338, file C:\qp_lab\qpc\include\qs.h) not referenced
 Note 960: Violates MISRA 2004 Required Rule 8.9, undefined symbol: 'QS_onCleanup' 
"C:\qp_lab\qpc\include\qs.h" 1153 1 Info 757: global declarator 'QS_onCommand(uint8_t, uint32_t, uint32_t, uint32_t)' (line 1153, file C:\qp_lab\qpc\include\qs.h) not referenced
 Note 960: Violates MISRA 2004 Required Rule 8.9, undefined symbol: 'QS_onCommand' 
"C:\qp_lab\qpc\include\qs.h" 348 1 Warning 526: Symbol 'QS_onFlush(void)' (line 348, file C:\qp_lab\qpc\include\qs.h) not defined
 Note 960: Violates MISRA 2004 Required Rule 8.9, undefined symbol: 'QS_onFlush' 
"C:\qp_lab\qpc\include\qs.h" 368 1 Warning 526: Symbol 'QS_onGetTime(void)' (line 368, file C:\qp_lab\qpc\include\qs.h) not defined
 Note 960: Violates MISRA 2004 Required Rule 8.9, undefined symbol: 'QS_onGetTime' 
"C:\qp_lab\qpc\include\qs.h" 1150 1 Info 757: global declarator 'QS_onReset(void)' (line 1150, file C:\qp_lab\qpc\include\qs.h) not referenced
 Note 960: Violates MISRA 2004 Required Rule 8.9, undefined symbol: 'QS_onReset' 
"C:\qp_lab\qpc\include\qs.h" 328 1 Info 757: global declarator 'QS_onStartup(const void *)' (line 328, file C:\qp_lab\qpc\include\qs.h) not referenced
 Note 960: Violates MISRA 2004 Required Rule 8.9, undefined symbol: 'QS_onStartup' 
"C:\qp_lab\qpc\include\qs.h" 1164 1 Info 757: global declarator 'QS_onTestLoop(void)' (line 1164, file C:\qp_lab\qpc\include\qs.h) not referenced
 Note 960: Violates MISRA 2004 Required Rule 8.9, undefined symbol: 'QS_onTestLoop' 
"C:\qp_lab\qpc\include\qs.h" 1167 1 Info 757: global declarator 'QS_onTestEvt(QEvt *)' (line 1167, file C:\qp_lab\qpc\include\qs.h) not referenced
 Note 960: Violates MISRA 2004 Required Rule 8.9, undefined symbol: 'QS_onTestEvt' 
"C:\qp_lab\qpc\include\qs.h" 1158 1 Info 757: global declarator 'QS_onTestSetup(void)' (line 1158, file C:\qp_lab\qpc\include\qs.h) not referenced
 Note 960: Violates MISRA 2004 Required Rule 8.9, undefined symbol: 'QS_onTestSetup' 
"C:\qp_lab\qpc\include\qs.h" 1161 1 Info 757: global declarator 'QS_onTestTeardown(void)' (line 1161, file C:\qp_lab\qpc\include\qs.h) not referenced
 Note 960: Violates MISRA 2004 Required Rule 8.9, undefined symbol: 'QS_onTestTeardown' 
"C:\qp_lab\qpc\ports\lint\qv\qf_port.h" 272 1 Warning 526: Symbol 'critEntry(void)' (line 272, file C:\qp_lab\qpc\ports\lint\qv\qf_port.h) not defined
 Note 960: Violates MISRA 2004 Required Rule 8.9, undefined symbol: 'critEntry' 
"C:\qp_lab\qpc\ports\lint\qv\qf_port.h" 273 1 Warning 526: Symbol 'critExit(crit_stat_t)' (line 273, file C:\qp_lab\qpc\ports\lint\qv\qf_port.h) not defined
 Note 960: Violates MISRA 2004 Required Rule 8.9, undefined symbol: 'critExit' 
"C:\qp_lab\qpc\ports\lint\stdint.h" 23 1 Info 756: global typedef 'int8_t' (line 23, file C:\qp_lab\qpc\ports\lint\stdint.h) not referenced
"C:\qp_lab\qpc\src\qf_pkg.h" 96 1 Warning 526: Symbol 'QF_maxPool_' (line 96, file C:\qp_lab\qpc\src\qf_pkg.h) not defined
"C:\qp_lab\qpc\src\qf_pkg.h" 98 1 Warning 526: Symbol 'QF_maxPubSignal_' (line 98, file C:\qp_lab\qpc\src\qf_pkg.h) not defined
"C:\qp_lab\qpc\include\qs.h" 1081 1 Warning 526: Symbol 'QS_priv_' (line 1081, file C:\qp_lab\qpc\include\qs.h) not defined
"C:\qp_lab\qpc\include\qf.h" 654 1 Info 757: global declarator 'QF_noTimeEvtsActiveX(uint_fast8_t)' (line 654, file C:\qp_lab\qpc\include\qf.h) not referenced
 Note 960: Violates MISRA 2004 Required Rule 8.9, undefined symbol: 'QF_noTimeEvtsActiveX' 
"C:\qp_lab\qpc\include\qf.h" 670 1 Info 757: global declarator 'QF_newX_(uint_fast16_t, uint_fast16_t, enum_t)' (line 670, file C:\qp_lab\qpc\include\qf.h) not referenced
 Note 960: Violates MISRA 2004 Required Rule 8.9, undefined symbol: 'QF_newX_' 
"C:\qp_lab\qpc\include\qf.h" 674 1 Info 757: global declarator 'QF_newRef_(const QEvt *, const QEvt *)' (line 674, file C:\qp_lab\qpc\include\qf.h) not referenced
 Note 960: Violates MISRA 2004 Required Rule 8.9, undefined symbol: 'QF_newRef_' 
"C:\qp_lab\qpc\include\qep.h" 414 1 Info 756: global typedef 'QMTranActTable' (line 414, file C:\qp_lab\qpc\include\qep.h) not referenced
"C:\qp_lab\qpc\include\qf.h" 547 1 Warning 526: Symbol 'QF_onStartup(void)' (line 547, file C:\qp_lab\qpc\include\qf.h) not defined
 Note 960: Violates MISRA 2004 Required Rule 8.9, undefined symbol: 'QF_onStartup' 
"C:\qp_lab\qpc\include\qf.h" 563 1 Warning 526: Symbol 'QF_onCleanup(void)' (line 563, file C:\qp_lab\qpc\include\qf.h) not defined
 Note 960: Violates MISRA 2004 Required Rule 8.9, undefined symbol: 'QF_onCleanup' 
"C:\qp_lab\qpc\include\qv.h" 77 1 Warning 526: Symbol 'QV_onIdle(void)' (line 77, file C:\qp_lab\qpc\include\qv.h) not defined
 Note 960: Violates MISRA 2004 Required Rule 8.9, undefined symbol: 'QV_onIdle' 
"C:\qp_lab\qpc\include\qs.h" 232 1 Warning 526: Symbol 'QS_beginRec(uint_fast8_t)' (line 232, file C:\qp_lab\qpc\include\qs.h) not defined
 Note 960: Violates MISRA 2004 Required Rule 8.9, undefined symbol: 'QS_beginRec' 
"C:\qp_lab\qpc\include\qs.h" 1147 1 Info 757: global declarator 'QS_rxGetNfree(void)' (line 1147, file C:\qp_lab\qpc\include\qs.h) not referenced
 Note 960: Violates MISRA 2004 Required Rule 8.9, undefined symbol: 'QS_rxGetNfree' 
"C:\qp_lab\qpc\include\qs.h" 1113 1 Info 757: global declarator 'QS_rxInitBuf(uint8_t *, uint16_t)' (line 1113, file C:\qp_lab\qpc\include\qs.h) not referenced
 Note 960: Violates MISRA 2004 Required Rule 8.9, undefined symbol: 'QS_rxInitBuf' 
"C:\qp_lab\qpc\include\qs.h" 1116 1 Info 757: global declarator 'QS_rxParse(void)' (line 1116, file C:\qp_lab\qpc\include\qs.h) not referenced
 Note 960: Violates MISRA 2004 Required Rule 8.9, undefined symbol: 'QS_rxParse' 
"C:\qp_lab\qpc\include\qs.h" 1128 1 Info 757: global declarator 'QS_rxPriv_' (line 1128, file C:\qp_lab\qpc\include\qs.h) not referenced
 Note 960: Violates MISRA 2004 Required Rule 8.9, undefined symbol: 'QS_rxPriv_' 
"C:\qp_lab\qpc\include\qf.h" 531 1 Info 757: global declarator 'QF_poolGetMaxBlockSize(void)' (line 531, file C:\qp_lab\qpc\include\qf.h) not referenced
 Note 960: Violates MISRA 2004 Required Rule 8.9, undefined symbol: 'QF_poolGetMaxBlockSize' 
"C:\qp_lab\qpc\include\qf.h" 527 1 Info 757: global declarator 'QF_poolInit(void *, uint_fast32_t, uint_fast16_t)' (line 527, file C:\qp_lab\qpc\include\qf.h) not referenced
 Note 960: Violates MISRA 2004 Required Rule 8.9, undefined symbol: 'QF_poolInit' 
"C:\qp_lab\qpc\src\qf_pkg.h" 95 1 Info 757: global declarator 'QF_pool_' (line 95, file C:\qp_lab\qpc\src\qf_pkg.h) not referenced
 Note 960: Violates MISRA 2004 Required Rule 8.9, undefined symbol: 'QF_pool_' 
"C:\qp_lab\qpc\include\qf.h" 524 1 Info 757: global declarator 'QF_psInit(QSubscrList *, enum_t)' (line 524, file C:\qp_lab\qpc\include\qf.h) not referenced
 Note 960: Violates MISRA 2004 Required Rule 8.9, undefined symbol: 'QF_psInit' 
"C:\qp_lab\qpc\include\qf.h" 568 1 Info 757: global declarator 'QF_publish_(const QEvt *, const void *)' (line 568, file C:\qp_lab\qpc\include\qf.h) not referenced
 Note 960: Violates MISRA 2004 Required Rule 8.9, undefined symbol: 'QF_publish_' 
"C:\qp_lab\qpc\include\qep.h" 98 1 Info 757: global declarator 'QP_versionStr' (line 98, file C:\qp_lab\qpc\include\qep.h) not referenced
 Note 960: Violates MISRA 2004 Required Rule 8.9, undefined symbol: 'QP_versionStr' 
"C:\qp_lab\qpc\include\qs.h" 250 1 Info 757: global declarator 'QS_str_(const char_t *)' (line 250, file C:\qp_lab\qpc\include\qs.h) not referenced
 Note 960: Violates MISRA 2004 Required Rule 8.9, undefined symbol: 'QS_str_' 
"C:\qp_lab\qpc\include\qs.h" 269 1 Info 757: global declarator 'QS_str(const char_t *)' (line 269, file C:\qp_lab\qpc\include\qs.h) not referenced
 Note 960: Violates MISRA 2004 Required Rule 8.9, undefined symbol: 'QS_str' 
"C:\qp_lab\qpc\include\qs.h" 283 1 Info 757: global declarator 'QS_sig_dict(enum_t, const void *, const char_t *)' (line 283, file C:\qp_lab\qpc\include\qs.h) not referenced
 Note 960: Violates MISRA 2004 Required Rule 8.9, undefined symbol: 'QS_sig_dict' 
"C:\qp_lab\qpc\include\qf.h" 817 1 Warning 526: Symbol 'QF_active_' (line 817, file C:\qp_lab\qpc\include\qf.h) not defined
 Note 960: Violates MISRA 2004 Required Rule 8.9, undefined symbol: 'QF_active_' 
"C:\qp_lab\qpc\include\qf.h" 657 1 Warning 526: Symbol 'QF_add_(struct QActive *)' (line 657, file C:\qp_lab\qpc\include\qf.h) not defined
 Note 960: Violates MISRA 2004 Required Rule 8.9, undefined symbol: 'QF_add_' 
"C:\qp_lab\qpc\include\qf.h" 660 1 Warning 526: Symbol 'QF_remove_(struct QActive *)' (line 660, file C:\qp_lab\qpc\include\qf.h) not defined
 Note 960: Violates MISRA 2004 Required Rule 8.9, undefined symbol: 'QF_remove_' 
"C:\qp_lab\qpc\include\qf.h" 796 1 Warning 526: Symbol 'QF_bzero(void *, uint_fast16_t)' (line 796, file C:\qp_lab\qpc\include\qf.h) not defined
 Note 960: Violates MISRA 2004 Required Rule 8.9, undefined symbol: 'QF_bzero' 
"C:\qp_lab\qpc\src\qv\qv.c" 111 1 Info 714: Symbol 'QF_run(void)' (line 111, file C:\qp_lab\qpc\src\qv\qv.c) not referenced
"C:\qp_lab\qpc\include\qs.h" 235 1 Warning 526: Symbol 'QS_endRec(void)' (line 235, file C:\qp_lab\qpc\include\qs.h) not defined
 Note 960: Violates MISRA 2004 Required Rule 8.9, undefined symbol: 'QS_endRec' 
"C:\qp_lab\qpc\include\qs.h" 257 1 Info 757: global declarator 'QS_u16(uint8_t, uint16_t)' (line 257, file C:\qp_lab\qpc\include\qs.h) not referenced
 Note 960: Violates MISRA 2004 Required Rule 8.9, undefined symbol: 'QS_u16' 
"C:\qp_lab\qpc\include\qs.h" 244 1 Info 757: global declarator 'QS_u16_(uint16_t)' (line 244, file C:\qp_lab\qpc\include\qs.h) not referenced
 Note 960: Violates MISRA 2004 Required Rule 8.9, undefined symbol: 'QS_u16_' 
"C:\qp_lab\qpc\include\qs.h" 260 1 Info 757: global declarator 'QS_u32(uint8_t, uint32_t)' (line 260, file C:\qp_lab\qpc\include\qs.h) not referenced
 Note 960: Violates MISRA 2004 Required Rule 8.9, undefined symbol: 'QS_u32' 
"C:\qp_lab\qpc\include\qs.h" 247 1 Warning 526: Symbol 'QS_u32_(uint32_t)' (line 247, file C:\qp_lab\qpc\include\qs.h) not defined
 Note 960: Violates MISRA 2004 Required Rule 8.9, undefined symbol: 'QS_u32_' 
"C:\qp_lab\qpc\include\qs.h" 254 1 Info 757: global declarator 'QS_u8(uint8_t, uint8_t)' (line 254, file C:\qp_lab\qpc\include\qs.h) not referenced
 Note 960: Violates MISRA 2004 Required Rule 8.9, undefined symbol: 'QS_u8' 
"C:\qp_lab\qpc\include\qs.h" 238 1 Warning 526: Symbol 'QS_u8_(uint8_t)' (line 238, file C:\qp_lab\qpc\include\qs.h) not defined
 Note 960: Violates MISRA 2004 Required Rule 8.9, undefined symbol: 'QS_u8_' 
"C:\qp_lab\qpc\include\qs.h" 241 1 Warning 526: Symbol 'QS_u8u8_(uint8_t, uint8_t)' (line 241, file C:\qp_lab\qpc\include\qs.h) not defined
 Note 960: Violates MISRA 2004 Required Rule 8.9, undefined symbol: 'QS_u8u8_' 
"C:\qp_lab\qpc\include\qs.h" 295 1 Info 757: global declarator 'QS_usr_dict(enum_t, const char_t *)' (line 295, file C:\qp_lab\qpc\include\qs.h) not referenced
 Note 960: Violates MISRA 2004 Required Rule 8.9, undefined symbol: 'QS_usr_dict' 
"C:\qp_lab\qpc\include\qf.h" 163 1 Info 757: global declarator 'QActive_ctor(struct QActive *, QStateHandler)' (line 163, file C:\qp_lab\qpc\include\qf.h) not referenced
 Note 960: Violates MISRA 2004 Required Rule 8.9, undefined symbol: 'QActive_ctor' 
"C:\qp_lab\qpc\include\qf.h" 309 1 Info 757: global declarator 'QActive_postLIFO_(struct QActive *, const QEvt *)' (line 309, file C:\qp_lab\qpc\include\qf.h) not referenced
 Note 960: Violates MISRA 2004 Required Rule 8.9, undefined symbol: 'QActive_postLIFO_' 
"C:\qp_lab\qpc\include\qf.h" 338 1 Info 757: global declarator 'QActive_defer(const struct QActive *, struct QEQueue *, const QEvt *)' (line 338, file C:\qp_lab\qpc\include\qf.h) not referenced
 Note 960: Violates MISRA 2004 Required Rule 8.9, undefined symbol: 'QActive_defer' 
"C:\qp_lab\qpc\include\qf.h" 345 1 Info 757: global declarator 'QActive_flushDeferred(const struct QActive *, struct QEQueue *)' (line 345, file C:\qp_lab\qpc\include\qf.h) not referenced
 Note 960: Violates MISRA 2004 Required Rule 8.9, undefined symbol: 'QActive_flushDeferred' 
"C:\qp_lab\qpc\include\qf.h" 349 1 Warning 526: Symbol 'QActive_get_(struct QActive *)' (line 349, file C:\qp_lab\qpc\include\qf.h) not defined
 Note 960: Violates MISRA 2004 Required Rule 8.9, undefined symbol: 'QActive_get_' 
"C:\qp_lab\qpc\include\qf.h" 223 1 Info 757: global declarator 'QActive_post_(struct QActive *, const QEvt *, uint_fast16_t, const void *)' (line 223, file C:\qp_lab\qpc\include\qf.h) not referenced
 Note 960: Violates MISRA 2004 Required Rule 8.9, undefined symbol: 'QActive_post_' 
"C:\qp_lab\qpc\include\qf.h" 342 1 Info 757: global declarator 'QActive_recall(struct QActive *, struct QEQueue *)' (line 342, file C:\qp_lab\qpc\include\qf.h) not referenced
 Note 960: Violates MISRA 2004 Required Rule 8.9, undefined symbol: 'QActive_recall' 
"C:\qp_lab\qpc\include\qf.h" 352 1 Info 757: global declarator 'QActive_setAttr(struct QActive *, uint32_t, const void *)' (line 352, file C:\qp_lab\qpc\include\qf.h) not referenced
 Note 960: Violates MISRA 2004 Required Rule 8.9, undefined symbol: 'QActive_setAttr' 
"C:\qp_lab\qpc\src\qv\qv.c" 209 1 Info 714: Symbol 'QActive_start_(struct QActive *, uint_fast8_t, const QEvt **, uint_fast16_t, void *, uint_fast16_t, const QEvt *)' (line 209, file C:\qp_lab\qpc\src\qv\qv.c) not referenced
"C:\qp_lab\qpc\src\qv\qv.c" 242 1 Info 714: Symbol 'QActive_stop(struct QActive *)' (line 242, file C:\qp_lab\qpc\src\qv\qv.c) not referenced
"C:\qp_lab\qpc\include\qf.h" 328 1 Info 757: global declarator 'QActive_subscribe(const struct QActive *, enum_t)' (line 328, file C:\qp_lab\qpc\include\qf.h) not referenced
 Note 960: Violates MISRA 2004 Required Rule 8.9, undefined symbol: 'QActive_subscribe' 
"C:\qp_lab\qpc\include\qf.h" 331 1 Info 757: global declarator 'QActive_unsubscribe(const struct QActive *, enum_t)' (line 331, file C:\qp_lab\qpc\include\qf.h) not referenced
 Note 960: Violates MISRA 2004 Required Rule 8.9, undefined symbol: 'QActive_unsubscribe' 
"C:\qp_lab\qpc\include\qf.h" 334 1 Info 757: global declarator 'QActive_unsubscribeAll(const struct QActive *)' (line 334, file C:\qp_lab\qpc\include\qf.h) not referenced
 Note 960: Violates MISRA 2004 Required Rule 8.9, undefined symbol: 'QActive_unsubscribeAll' 
"C:\qp_lab\qpc\src\qv\qv.c" 98 1 Info 714: Symbol 'QF_stop(void)' (line 98, file C:\qp_lab\qpc\src\qv\qv.c) not referenced
"C:\qp_lab\qpc\src\qf_pkg.h" 97 1 Warning 526: Symbol 'QF_subscrList_' (line 97, file C:\qp_lab\qpc\src\qf_pkg.h) not defined
"C:\qp_lab\qpc\include\qep.h" 350 1 Info 757: global declarator 'QHsm_childState_(QHsm *, QStateHandler)' (line 350, file C:\qp_lab\qpc\include\qep.h) not referenced
 Note 960: Violates MISRA 2004 Required Rule 8.9, undefined symbol: 'QHsm_childState_' 
"C:\qp_lab\qpc\include\qep.h" 297 1 Info 757: global declarator 'QHsm_ctor(QHsm *, QStateHandler)' (line 297, file C:\qp_lab\qpc\include\qep.h) not referenced
 Note 960: Violates MISRA 2004 Required Rule 8.9, undefined symbol: 'QHsm_ctor' 
"C:\qp_lab\qpc\include\qep.h" 329 1 Info 757: global declarator 'QHsm_dispatch_(QHsm *, const QEvt *)' (line 329, file C:\qp_lab\qpc\include\qep.h) not referenced
 Note 960: Violates MISRA 2004 Required Rule 8.9, undefined symbol: 'QHsm_dispatch_' 
"C:\qp_lab\qpc\include\qep.h" 314 1 Info 757: global declarator 'QHsm_init_(QHsm *, const QEvt *)' (line 314, file C:\qp_lab\qpc\include\qep.h) not referenced
 Note 960: Violates MISRA 2004 Required Rule 8.9, undefined symbol: 'QHsm_init_' 
"C:\qp_lab\qpc\include\qep.h" 356 1 Info 757: global declarator 'QHsm_isIn(QHsm *, QStateHandler)' (line 356, file C:\qp_lab\qpc\include\qep.h) not referenced
 Note 960: Violates MISRA 2004 Required Rule 8.9, undefined symbol: 'QHsm_isIn' 
"C:\qp_lab\qpc\include\qep.h" 361 1 Info 757: global declarator 'QHsm_top(const void *, const QEvt *)' (line 361, file C:\qp_lab\qpc\include\qep.h) not referenced
 Note 960: Violates MISRA 2004 Required Rule 8.9, undefined symbol: 'QHsm_top' 
"C:\qp_lab\qpc\include\qs.h" 229 1 Info 757: global declarator 'QS_filterOff(uint_fast8_t)' (line 229, file C:\qp_lab\qpc\include\qs.h) not referenced
 Note 960: Violates MISRA 2004 Required Rule 8.9, undefined symbol: 'QS_filterOff' 
"C:\qp_lab\qpc\include\qs.h" 263 1 Info 757: global declarator 'QS_f32(uint8_t, float32_t)' (line 263, file C:\qp_lab\qpc\include\qs.h) not referenced
 Note 960: Violates MISRA 2004 Required Rule 8.9, undefined symbol: 'QS_f32' 
"C:\qp_lab\qpc\include\qs.h" 266 1 Info 757: global declarator 'QS_f64(uint8_t, float64_t)' (line 266, file C:\qp_lab\qpc\include\qs.h) not referenced
 Note 960: Violates MISRA 2004 Required Rule 8.9, undefined symbol: 'QS_f64' 
"C:\qp_lab\qpc\include\qs.h" 226 1 Info 757: global declarator 'QS_filterOn(uint_fast8_t)' (line 226, file C:\qp_lab\qpc\include\qs.h) not referenced
 Note 960: Violates MISRA 2004 Required Rule 8.9, undefined symbol: 'QS_filterOn' 
"C:\qp_lab\qpc\include\qs.h" 291 1 Info 757: global declarator 'QS_fun_dict(void (*)(void), const char_t *)' (line 291, file C:\qp_lab\qpc\include\qs.h) not referenced
 Note 960: Violates MISRA 2004 Required Rule 8.9, undefined symbol: 'QS_fun_dict' 
"C:\qp_lab\qpc\include\qf.h" 605 1 Info 757: global declarator 'QF_tickX_(uint_fast8_t, const void *)' (line 605, file C:\qp_lab\qpc\include\qf.h) not referenced
 Note 960: Violates MISRA 2004 Required Rule 8.9, undefined symbol: 'QF_tickX_' 
"C:\qp_lab\qpc\src\qf_pkg.h" 93 1 Warning 526: Symbol 'QF_timeEvtHead_' (line 93, file C:\qp_lab\qpc\src\qf_pkg.h) not defined
"C:\qp_lab\qpc\include\qs.h" 306 1 Info 757: global declarator 'QS_getBlock(uint16_t *)' (line 306, file C:\qp_lab\qpc\include\qs.h) not referenced
 Note 960: Violates MISRA 2004 Required Rule 8.9, undefined symbol: 'QS_getBlock' 
"C:\qp_lab\qpc\include\qs.h" 300 1 Info 757: global declarator 'QS_getByte(void)' (line 300, file C:\qp_lab\qpc\include\qs.h) not referenced
 Note 960: Violates MISRA 2004 Required Rule 8.9, undefined symbol: 'QS_getByte' 
"C:\qp_lab\qpc\include\qs.h" 1170 1 Info 757: global declarator 'QS_getTestProbe_(void (*)(void))' (line 1170, file C:\qp_lab\qpc\include\qs.h) not referenced
 Note 960: Violates MISRA 2004 Required Rule 8.9, undefined symbol: 'QS_getTestProbe_' 
"C:\qp_lab\qpc\ports\lint\stdint.h" 36 1 Info 756: global typedef 'int_fast16_t' (line 36, file C:\qp_lab\qpc\ports\lint\stdint.h) not referenced
"C:\qp_lab\qpc\ports\lint\stdint.h" 38 1 Info 756: global typedef 'int_fast32_t' (line 38, file C:\qp_lab\qpc\ports\lint\stdint.h) not referenced
"C:\qp_lab\qpc\ports\lint\stdint.h" 34 1 Info 756: global typedef 'int_fast8_t' (line 34, file C:\qp_lab\qpc\ports\lint\stdint.h) not referenced
"C:\qp_lab\qpc\include\qf.h" 491 1 Info 757: global declarator 'QTimeEvt_armX(struct QTimeEvt *, QTimeEvtCtr, QTimeEvtCtr)' (line 491, file C:\qp_lab\qpc\include\qf.h) not referenced
 Note 960: Violates MISRA 2004 Required Rule 8.9, undefined symbol: 'QTimeEvt_armX' 
"C:\qp_lab\qpc\include\qf.h" 487 1 Info 757: global declarator 'QTimeEvt_ctorX(struct QTimeEvt *, struct QActive *, enum_t, uint_fast8_t)' (line 487, file C:\qp_lab\qpc\include\qf.h) not referenced
 Note 960: Violates MISRA 2004 Required Rule 8.9, undefined symbol: 'QTimeEvt_ctorX' 
"C:\qp_lab\qpc\include\qf.h" 495 1 Info 757: global declarator 'QTimeEvt_rearm(struct QTimeEvt *, QTimeEvtCtr)' (line 495, file C:\qp_lab\qpc\include\qf.h) not referenced
 Note 960: Violates MISRA 2004 Required Rule 8.9, undefined symbol: 'QTimeEvt_rearm' 
"C:\qp_lab\qpc\include\qf.h" 498 1 Info 757: global declarator 'QTimeEvt_disarm(struct QTimeEvt *)' (line 498, file C:\qp_lab\qpc\include\qf.h) not referenced
 Note 960: Violates MISRA 2004 Required Rule 8.9, undefined symbol: 'QTimeEvt_disarm' 
"C:\qp_lab\qpc\include\qf.h" 501 1 Info 757: global declarator 'QTimeEvt_ctr(const struct QTimeEvt *)' (line 501, file C:\qp_lab\qpc\include\qf.h) not referenced
 Note 960: Violates MISRA 2004 Required Rule 8.9, undefined symbol: 'QTimeEvt_ctr' 
"C:\qp_lab\qpc\ports\lint\stdint.h" 24 1 Info 756: global typedef 'int16_t' (line 24, file C:\qp_lab\qpc\ports\lint\stdint.h) not referenced
"C:\qp_lab\qpc\include\qequeue.h" 184 1 Info 757: global declarator 'QEQueue_get(struct QEQueue *)' (line 184, file C:\qp_lab\qpc\include\qequeue.h) not referenced
 Note 960: Violates MISRA 2004 Required Rule 8.9, undefined symbol: 'QEQueue_get' 
"C:\qp_lab\qpc\include\qequeue.h" 173 1 Warning 526: Symbol 'QEQueue_init(struct QEQueue *, const QEvt **, uint_fast16_t)' (line 173, file C:\qp_lab\qpc\include\qequeue.h) not defined
 Note 960: Violates MISRA 2004 Required Rule 8.9, undefined symbol: 'QEQueue_init' 
"C:\qp_lab\qpc\include\qequeue.h" 177 1 Info 757: global declarator 'QEQueue_post(struct QEQueue *, const QEvt *, uint_fast16_t)' (line 177, file C:\qp_lab\qpc\include\qequeue.h) not referenced
 Note 960: Violates MISRA 2004 Required Rule 8.9, undefined symbol: 'QEQueue_post' 
"C:\qp_lab\qpc\include\qequeue.h" 181 1 Info 757: global declarator 'QEQueue_postLIFO(struct QEQueue *, const QEvt *)' (line 181, file C:\qp_lab\qpc\include\qequeue.h) not referenced
 Note 960: Violates MISRA 2004 Required Rule 8.9, undefined symbol: 'QEQueue_postLIFO' 
"C:\qp_lab\qpc\include\qs.h" 223 1 Info 757: global declarator 'QS_initBuf(uint8_t *, uint_fast16_t)' (line 223, file C:\qp_lab\qpc\include\qs.h) not referenced
 Note 960: Violates MISRA 2004 Required Rule 8.9, undefined symbol: 'QS_initBuf' 
"C:\qp_lab\qpc\include\qf.h" 793 1 Warning 526: Symbol 'QF_gc(const QEvt *)' (line 793, file C:\qp_lab\qpc\include\qf.h) not defined
 Note 960: Violates MISRA 2004 Required Rule 8.9, undefined symbol: 'QF_gc' 
"C:\qp_lab\qpc\include\qf.h" 663 1 Info 757: global declarator 'QF_getPoolMin(uint_fast8_t)' (line 663, file C:\qp_lab\qpc\include\qf.h) not referenced
 Note 960: Violates MISRA 2004 Required Rule 8.9, undefined symbol: 'QF_getPoolMin' 
"C:\qp_lab\qpc\include\qf.h" 667 1 Info 757: global declarator 'QF_getQueueMin(uint_fast8_t)' (line 667, file C:\qp_lab\qpc\include\qf.h) not referenced
 Note 960: Violates MISRA 2004 Required Rule 8.9, undefined symbol: 'QF_getQueueMin' 
"C:\qp_lab\qpc\include\qmpool.h" 154 1 Info 757: global declarator 'QMPool_get(QMPool *, uint_fast16_t)' (line 154, file C:\qp_lab\qpc\include\qmpool.h) not referenced
 Note 960: Violates MISRA 2004 Required Rule 8.9, undefined symbol: 'QMPool_get' 
"C:\qp_lab\qpc\include\qmpool.h" 150 1 Info 757: global declarator 'QMPool_init(QMPool *, void *, uint_fast32_t, uint_fast16_t)' (line 150, file C:\qp_lab\qpc\include\qmpool.h) not referenced
 Note 960: Violates MISRA 2004 Required Rule 8.9, undefined symbol: 'QMPool_init' 
"C:\qp_lab\qpc\include\qmpool.h" 157 1 Info 757: global declarator 'QMPool_put(QMPool *, void *)' (line 157, file C:\qp_lab\qpc\include\qmpool.h) not referenced
 Note 960: Violates MISRA 2004 Required Rule 8.9, undefined symbol: 'QMPool_put' 
"C:\qp_lab\qpc\include\qassert.h" 229 1 Warning 526: Symbol 'Q_onAssert(const char_t *, int_t)' (line 229, file C:\qp_lab\qpc\include\qassert.h) not defined
 Note 960: Violates MISRA 2004 Required Rule 8.9, undefined symbol: 'Q_onAssert' 
"C:\qp_lab\qpc\ports\lint\stdint.h" 25 1 Info 756: global typedef 'int32_t' (line 25, file C:\qp_lab\qpc\ports\lint\stdint.h) not referenced
"C:\qp_lab\qpc\src\qf_pkg.h" 103 1 Info 756: global typedef 'QFreeBlock' (line 103, file C:\qp_lab\qpc\src\qf_pkg.h) not referenced
"C:\qp_lab\qpc\include\qep.h" 388 1 Info 756: global typedef 'QMsmVtbl' (line 388, file C:\qp_lab\qpc\include\qep.h) not referenced
"C:\qp_lab\qpc\include\qep.h" 444 1 Info 757: global declarator 'QMsm_childStateObj_(const QMsm *, const struct QMState *)' (line 444, file C:\qp_lab\qpc\include\qep.h) not referenced
 Note 960: Violates MISRA 2004 Required Rule 8.9, undefined symbol: 'QMsm_childStateObj_' 
"C:\qp_lab\qpc\include\qep.h" 417 1 Info 757: global declarator 'QMsm_ctor(QMsm *, QStateHandler)' (line 417, file C:\qp_lab\qpc\include\qep.h) not referenced
 Note 960: Violates MISRA 2004 Required Rule 8.9, undefined symbol: 'QMsm_ctor' 
"C:\qp_lab\qpc\include\qep.h" 423 1 Info 757: global declarator 'QMsm_dispatch_(QMsm *, const QEvt *)' (line 423, file C:\qp_lab\qpc\include\qep.h) not referenced
 Note 960: Violates MISRA 2004 Required Rule 8.9, undefined symbol: 'QMsm_dispatch_' 
"C:\qp_lab\qpc\include\qep.h" 420 1 Info 757: global declarator 'QMsm_init_(QMsm *, const QEvt *)' (line 420, file C:\qp_lab\qpc\include\qep.h) not referenced
 Note 960: Violates MISRA 2004 Required Rule 8.9, undefined symbol: 'QMsm_init_' 
"C:\qp_lab\qpc\include\qep.h" 450 1 Info 757: global declarator 'QMsm_isInState(const QMsm *, const struct QMState *)' (line 450, file C:\qp_lab\qpc\include\qep.h) not referenced
 Note 960: Violates MISRA 2004 Required Rule 8.9, undefined symbol: 'QMsm_isInState' 
"C:\qp_lab\qpc\ports\lint\qv\qf_port.h" 211 1 Warning 526: Symbol 'intDisable(void)' (line 211, file C:\qp_lab\qpc\ports\lint\qv\qf_port.h) not defined
 Note 960: Violates MISRA 2004 Required Rule 8.9, undefined symbol: 'intDisable' 
"C:\qp_lab\qpc\src\qv\qv.c" 72 1 Info 714: Symbol 'QF_init(void)' (line 72, file C:\qp_lab\qpc\src\qv\qv.c) not referenced
"C:\qp_lab\qpc\ports\lint\stdbool.h" 17 1 Info 755: global macro 'true' (line 17, file C:\qp_lab\qpc\ports\lint\stdbool.h) not referenced
"C:\qp_lab\qpc\include\qep.h" 545 1 Info 755: global macro 'QM_SM_EXIT' (line 545, file C:\qp_lab\qpc\include\qep.h) not referenced
"C:\qp_lab\qpc\include\qep.h" 599 1 Info 755: global macro 'QM_SUPER' (line 599, file C:\qp_lab\qpc\include\qep.h) not referenced
"C:\qp_lab\qpc\include\qep.h" 605 1 Info 755: global macro 'QM_SUPER_SUB' (line 605, file C:\qp_lab\qpc\include\qep.h) not referenced
"C:\qp_lab\qpc\src\qf_pkg.h" 170 1 Info 755: global macro 'QS_MPS_' (line 170, file C:\qp_lab\qpc\src\qf_pkg.h) not referenced
"C:\qp_lab\qpc\src\qf_pkg.h" 184 1 Info 755: global macro 'QS_MPC_' (line 184, file C:\qp_lab\qpc\src\qf_pkg.h) not referenced
"C:\qp_lab\qpc\include\qs.h" 844 1 Info 755: global macro 'QS_MEM' (line 844, file C:\qp_lab\qpc\include\qs.h) not referenced
"C:\qp_lab\qpc\include\qep.h" 552 1 Info 755: global macro 'QM_TRAN' (line 552, file C:\qp_lab\qpc\include\qep.h) not referenced
"C:\qp_lab\qpc\include\qep.h" 567 1 Info 755: global macro 'QM_TRAN_HIST' (line 567, file C:\qp_lab\qpc\include\qep.h) not referenced
"C:\qp_lab\qpc\include\qep.h" 574 1 Info 755: global macro 'QM_TRAN_EP' (line 574, file C:\qp_lab\qpc\include\qep.h) not referenced
"C:\qp_lab\qpc\include\qep.h" 559 1 Info 755: global macro 'QM_TRAN_INIT' (line 559, file C:\qp_lab\qpc\include\qep.h) not referenced
"C:\qp_lab\qpc\include\qep.h" 582 1 Info 755: global macro 'QM_TRAN_XP' (line 582, file C:\qp_lab\qpc\include\qep.h) not referenced
"C:\qp_lab\qpc\include\qep.h" 526 1 Info 755: global macro 'QM_ENTRY' (line 526, file C:\qp_lab\qpc\include\qep.h) not referenced
"C:\qp_lab\qpc\include\qep.h" 532 1 Info 755: global macro 'QM_EXIT' (line 532, file C:\qp_lab\qpc\include\qep.h) not referenced
"C:\qp_lab\qpc\include\qep.h" 594 1 Info 755: global macro 'QM_UNHANDLED' (line 594, file C:\qp_lab\qpc\include\qep.h) not referenced
"C:\qp_lab\qpc\include\qep.h" 57 1 Info 755: global macro 'QP_RELEASE' (line 57, file C:\qp_lab\qpc\include\qep.h) not referenced
"C:\qp_lab\qpc\include\qs.h" 852 1 Info 755: global macro 'QS_OBJ' (line 852, file C:\qp_lab\qpc\include\qs.h) not referenced
"C:\qp_lab\qpc\include\qs.h" 735 1 Info 755: global macro 'QS_OBJ_' (line 735, file C:\qp_lab\qpc\include\qs.h) not referenced
"C:\qp_lab\qpc\include\qs.h" 960 1 Info 755: global macro 'QS_OBJ_DICTIONARY' (line 960, file C:\qp_lab\qpc\include\qs.h) not referenced
"C:\qp_lab\qpc\include\qmpool.h" 166 1 Info 755: global macro 'QF_MPOOL_EL' (line 166, file C:\qp_lab\qpc\include\qmpool.h) not referenced
"C:\qp_lab\qpc\include\qs.h" 216 1 Info 755: global macro 'QS_PTR_AT_' (line 216, file C:\qp_lab\qpc\include\qs.h) not referenced
"C:\qp_lab\qpc\include\qassert.h" 262 1 Info 755: global macro 'Q_ENSURE' (line 262, file C:\qp_lab\qpc\include\qassert.h) not referenced
"C:\qp_lab\qpc\include\qassert.h" 273 1 Info 755: global macro 'Q_ENSURE_ID' (line 273, file C:\qp_lab\qpc\include\qassert.h) not referenced
"C:\qp_lab\qpc\include\qf.h" 716 1 Info 755: global macro 'Q_NEW' (line 716, file C:\qp_lab\qpc\include\qf.h) not referenced
"C:\qp_lab\qpc\include\qf.h" 745 1 Info 755: global macro 'Q_NEW_X' (line 745, file C:\qp_lab\qpc\include\qf.h) not referenced
"C:\qp_lab\qpc\include\qf.h" 770 1 Info 755: global macro 'Q_NEW_REF' (line 770, file C:\qp_lab\qpc\include\qf.h) not referenced
"C:\qp_lab\qpc\include\qep.h" 486 1 Info 755: global macro 'Q_UNHANDLED' (line 486, file C:\qp_lab\qpc\include\qep.h) not referenced
"C:\qp_lab\qpc\include\qf.h" 648 1 Info 755: global macro 'QF_NO_MARGIN' (line 648, file C:\qp_lab\qpc\include\qf.h) not referenced
"C:\qp_lab\qpc\include\qs.h" 1005 1 Info 755: global macro 'QS_ASSERTION' (line 1005, file C:\qp_lab\qpc\include\qs.h) not referenced
"C:\qp_lab\qpc\include\qep.h" 236 1 Info 755: global macro 'Q_ACTION_CAST' (line 236, file C:\qp_lab\qpc\include\qep.h) not referenced
"C:\qp_lab\qpc\include\qassert.h" 118 1 Info 755: global macro 'Q_ASSERT' (line 118, file C:\qp_lab\qpc\include\qassert.h) not referenced
"C:\qp_lab\qpc\include\qassert.h" 307 1 Info 755: global macro 'Q_ASSERT_COMPILE' (line 307, file C:\qp_lab\qpc\include\qassert.h) not referenced
"C:\qp_lab\qpc\include\qep.h" 101 1 Info 755: global macro 'QEP_getVersion' (line 101, file C:\qp_lab\qpc\include\qep.h) not referenced
"C:\qp_lab\qpc\include\qep.h" 587 1 Info 755: global macro 'QM_HANDLED' (line 587, file C:\qp_lab\qpc\include\qep.h) not referenced
"C:\qp_lab\qpc\include\qs.h" 645 1 Info 755: global macro 'QS_BEGIN' (line 645, file C:\qp_lab\qpc\include\qs.h) not referenced
"C:\qp_lab\qpc\include\qs.h" 669 1 Info 755: global macro 'QS_BEGIN_' (line 669, file C:\qp_lab\qpc\include\qs.h) not referenced
"C:\qp_lab\qpc\include\qs.h" 554 1 Info 755: global macro 'QS_BEGIN_NOCRIT' (line 554, file C:\qp_lab\qpc\include\qs.h) not referenced
"C:\qp_lab\qpc\include\qs.h" 1144 1 Info 755: global macro 'QS_RX_PUT' (line 1144, file C:\qp_lab\qpc\include\qs.h) not referenced
"C:\qp_lab\qpc\include\qf.h" 594 1 Info 755: global macro 'QF_PUBLISH' (line 594, file C:\qp_lab\qpc\include\qf.h) not referenced
"C:\qp_lab\qpc\src\qf_pkg.h" 114 1 Info 755: global macro 'QF_PTR_AT_' (line 114, file C:\qp_lab\qpc\src\qf_pkg.h) not referenced
"C:\qp_lab\qpc\src\qf_pkg.h" 124 1 Info 755: global macro 'QF_PTR_RANGE_' (line 124, file C:\qp_lab\qpc\src\qf_pkg.h) not referenced
"C:\qp_lab\qpc\include\qep.h" 48 1 Info 755: global macro 'QP_VERSION' (line 48, file C:\qp_lab\qpc\include\qep.h) not referenced
"C:\qp_lab\qpc\include\qep.h" 54 1 Info 755: global macro 'QP_VERSION_STR' (line 54, file C:\qp_lab\qpc\include\qep.h) not referenced
"C:\qp_lab\qpc\include\qs.h" 620 1 Info 755: global macro 'QS_CRIT_ENTRY_' (line 620, file C:\qp_lab\qpc\include\qs.h) not referenced
"C:\qp_lab\qpc\include\qs.h" 621 1 Info 755: global macro 'QS_CRIT_EXIT_' (line 621, file C:\qp_lab\qpc\include\qs.h) not referenced
"C:\qp_lab\qpc\include\qs.h" 619 1 Info 755: global macro 'QS_CRIT_STAT_' (line 619, file C:\qp_lab\qpc\include\qs.h) not referenced
"C:\qp_lab\qpc\include\qs.h" 887 1 Info 755: global macro 'QS_SIG' (line 887, file C:\qp_lab\qpc\include\qs.h) not referenced
"C:\qp_lab\qpc\include\qs.h" 724 1 Info 755: global macro 'QS_SIG_' (line 724, file C:\qp_lab\qpc\include\qs.h) not referenced
"C:\qp_lab\qpc\include\qs.h" 767 1 Info 755: global macro 'QS_STR_' (line 767, file C:\qp_lab\qpc\include\qs.h) not referenced
"C:\qp_lab\qpc\include\qs.h" 841 1 Info 755: global macro 'QS_STR' (line 841, file C:\qp_lab\qpc\include\qs.h) not referenced
"C:\qp_lab\qpc\include\qs.h" 941 1 Info 755: global macro 'QS_SIG_DICTIONARY' (line 941, file C:\qp_lab\qpc\include\qs.h) not referenced
"C:\qp_lab\qpc\include\qep.h" 457 1 Info 755: global macro 'Q_TRAN' (line 457, file C:\qp_lab\qpc\include\qep.h) not referenced
"C:\qp_lab\qpc\include\qep.h" 466 1 Info 755: global macro 'Q_TRAN_HIST' (line 466, file C:\qp_lab\qpc\include\qep.h) not referenced
"C:\qp_lab\qpc\ports\lint\stdbool.h" 18 1 Info 755: global macro 'false' (line 18, file C:\qp_lab\qpc\ports\lint\stdbool.h) not referenced
"C:\qp_lab\qpc\include\qep.h" 227 1 Info 755: global macro 'Q_STATE_CAST' (line 227, file C:\qp_lab\qpc\include\qep.h) not referenced
"C:\qp_lab\qpc\include\qs.h" 1046 1 Info 755: global macro 'QF_QS_ACTION' (line 1046, file C:\qp_lab\qpc\include\qs.h) not referenced
"C:\qp_lab\qpc\include\qs.h" 1022 1 Info 755: global macro 'QF_QS_CRIT_ENTRY' (line 1022, file C:\qp_lab\qpc\include\qs.h) not referenced
"C:\qp_lab\qpc\include\qs.h" 1029 1 Info 755: global macro 'QF_QS_CRIT_EXIT' (line 1029, file C:\qp_lab\qpc\include\qs.h) not referenced
"C:\qp_lab\qpc\include\qs.h" 1036 1 Info 755: global macro 'QF_QS_ISR_ENTRY' (line 1036, file C:\qp_lab\qpc\include\qs.h) not referenced
"C:\qp_lab\qpc\include\qs.h" 1043 1 Info 755: global macro 'QF_QS_ISR_EXIT' (line 1043, file C:\qp_lab\qpc\include\qs.h) not referenced
"C:\qp_lab\qpc\src\qf_pkg.h" 199 1 Info 755: global macro 'QS_TEC_' (line 199, file C:\qp_lab\qpc\src\qf_pkg.h) not referenced
"C:\qp_lab\qpc\include\qs.h" 1178 1 Info 755: global macro 'QS_TEST_PROBE' (line 1178, file C:\qp_lab\qpc\include\qs.h) not referenced
"C:\qp_lab\qpc\include\qs.h" 1189 1 Info 755: global macro 'QS_TEST_PAUSE' (line 1189, file C:\qp_lab\qpc\include\qs.h) not referenced
"C:\qp_lab\qpc\include\qs.h" 1174 1 Info 755: global macro 'QS_TEST_PROBE_DEF' (line 1174, file C:\qp_lab\qpc\include\qs.h) not referenced
"C:\qp_lab\qpc\include\qs.h" 1182 1 Info 755: global macro 'QS_TEST_PROBE_ID' (line 1182, file C:\qp_lab\qpc\include\qs.h) not referenced
"C:\qp_lab\qpc\include\qassert.h" 177 1 Info 755: global macro 'Q_ERROR' (line 177, file C:\qp_lab\qpc\include\qassert.h) not referenced
"C:\qp_lab\qpc\include\qassert.h" 193 1 Info 755: global macro 'Q_ERROR_ID' (line 193, file C:\qp_lab\qpc\include\qassert.h) not referenced
"C:\qp_lab\qpc\include\qassert.h" 283 1 Info 755: global macro 'Q_INVARIANT' (line 283, file C:\qp_lab\qpc\include\qassert.h) not referenced
"C:\qp_lab\qpc\include\qassert.h" 294 1 Info 755: global macro 'Q_INVARIANT_ID' (line 294, file C:\qp_lab\qpc\include\qassert.h) not referenced
"C:\qp_lab\qpc\include\qassert.h" 243 1 Info 755: global macro 'Q_REQUIRE' (line 243, file C:\qp_lab\qpc\include\qassert.h) not referenced
"C:\qp_lab\qpc\include\qs.h" 303 1 Info 755: global macro 'QS_EOD' (line 303, file C:\qp_lab\qpc\include\qs.h) not referenced
"C:\qp_lab\qpc\include\qs.h" 652 1 Info 755: global macro 'QS_END' (line 652, file C:\qp_lab\qpc\include\qs.h) not referenced
"C:\qp_lab\qpc\include\qs.h" 679 1 Info 755: global macro 'QS_END_' (line 679, file C:\qp_lab\qpc\include\qs.h) not referenced
"C:\qp_lab\qpc\include\qs.h" 558 1 Info 755: global macro 'QS_END_NOCRIT' (line 558, file C:\qp_lab\qpc\include\qs.h) not referenced
"C:\qp_lab\qpc\src\qf_pkg.h" 136 1 Info 755: global macro 'QS_EQC_' (line 136, file C:\qp_lab\qpc\src\qf_pkg.h) not referenced
"C:\qp_lab\qpc\src\qf_pkg.h" 155 1 Info 755: global macro 'QS_EVS_' (line 155, file C:\qp_lab\qpc\src\qf_pkg.h) not referenced
"C:\qp_lab\qpc\include\qs.h" 389 1 Info 755: global macro 'QS_EXIT' (line 389, file C:\qp_lab\qpc\include\qs.h) not referenced
"C:\qp_lab\qpc\include\qs.h" 810 1 Info 755: global macro 'QS_U16' (line 810, file C:\qp_lab\qpc\include\qs.h) not referenced
"C:\qp_lab\qpc\include\qs.h" 711 1 Info 755: global macro 'QS_U16_' (line 711, file C:\qp_lab\qpc\include\qs.h) not referenced
"C:\qp_lab\qpc\include\qs.h" 818 1 Info 755: global macro 'QS_U32' (line 818, file C:\qp_lab\qpc\include\qs.h) not referenced
"C:\qp_lab\qpc\include\qs.h" 714 1 Info 755: global macro 'QS_U32_' (line 714, file C:\qp_lab\qpc\include\qs.h) not referenced
"C:\qp_lab\qpc\include\qs.h" 802 1 Info 755: global macro 'QS_U8' (line 802, file C:\qp_lab\qpc\include\qs.h) not referenced
"C:\qp_lab\qpc\include\qs.h" 834 1 Info 755: global macro 'QS_U64' (line 834, file C:\qp_lab\qpc\include\qs.h) not referenced
"C:\qp_lab\qpc\include\qs.h" 838 1 Info 755: global macro 'QS_U32_HEX' (line 838, file C:\qp_lab\qpc\include\qs.h) not referenced
"C:\qp_lab\qpc\include\qs.h" 989 1 Info 755: global macro 'QS_USR_DICTIONARY' (line 989, file C:\qp_lab\qpc\include\qs.h) not referenced
"C:\qp_lab\qpc\include\qep.h" 475 1 Info 755: global macro 'Q_SUPER' (line 475, file C:\qp_lab\qpc\include\qep.h) not referenced
"C:\qp_lab\qpc\include\qv.h" 97 1 Info 755: global macro 'QACTIVE_EQUEUE_SIGNAL_' (line 97, file C:\qp_lab\qpc\include\qv.h) not referenced
"C:\qp_lab\qpc\include\qv.h" 94 1 Info 755: global macro 'QACTIVE_EQUEUE_WAIT_' (line 94, file C:\qp_lab\qpc\include\qv.h) not referenced
"C:\qp_lab\qpc\include\qf.h" 213 1 Info 755: global macro 'QACTIVE_START' (line 213, file C:\qp_lab\qpc\include\qf.h) not referenced
"C:\qp_lab\qpc\include\qf.h" 254 1 Info 755: global macro 'QACTIVE_POST' (line 254, file C:\qp_lab\qpc\include\qf.h) not referenced
"C:\qp_lab\qpc\include\qf.h" 292 1 Info 755: global macro 'QACTIVE_POST_X' (line 292, file C:\qp_lab\qpc\include\qf.h) not referenced
"C:\qp_lab\qpc\include\qf.h" 318 1 Info 755: global macro 'QACTIVE_POST_LIFO' (line 318, file C:\qp_lab\qpc\include\qf.h) not referenced
"C:\qp_lab\qpc\include\qv.h" 89 1 Info 755: global macro 'QF_SCHED_LOCK_' (line 89, file C:\qp_lab\qpc\include\qv.h) not referenced
"C:\qp_lab\qpc\include\qv.h" 88 1 Info 755: global macro 'QF_SCHED_STAT_' (line 88, file C:\qp_lab\qpc\include\qv.h) not referenced
"C:\qp_lab\qpc\include\qv.h" 90 1 Info 755: global macro 'QF_SCHED_UNLOCK_' (line 90, file C:\qp_lab\qpc\include\qv.h) not referenced
"C:\qp_lab\qpc\include\qep.h" 347 1 Info 755: global macro 'QHsm_childState' (line 347, file C:\qp_lab\qpc\include\qep.h) not referenced
"C:\qp_lab\qpc\include\qep.h" 337 1 Info 755: global macro 'QHsm_state' (line 337, file C:\qp_lab\qpc\include\qep.h) not referenced
"C:\qp_lab\qpc\include\qpset.h" 104 1 Info 755: global macro 'QPSet_setEmpty' (line 104, file C:\qp_lab\qpc\include\qpset.h) not referenced
"C:\qp_lab\qpc\include\qpset.h" 126 1 Info 755: global macro 'QPSet_hasElement' (line 126, file C:\qp_lab\qpc\include\qpset.h) not referenced
"C:\qp_lab\qpc\include\qpset.h" 136 1 Info 755: global macro 'QPSet_insert' (line 136, file C:\qp_lab\qpc\include\qpset.h) not referenced
"C:\qp_lab\qpc\include\qpset.h" 111 1 Info 755: global macro 'QPSet_isEmpty' (line 111, file C:\qp_lab\qpc\include\qpset.h) not referenced
"C:\qp_lab\qpc\include\qs.h" 413 1 Info 755: global macro 'QS_FILTER_OFF' (line 413, file C:\qp_lab\qpc\include\qs.h) not referenced
"C:\qp_lab\qpc\include\qs.h" 822 1 Info 755: global macro 'QS_F32' (line 822, file C:\qp_lab\qpc\include\qs.h) not referenced
"C:\qp_lab\qpc\include\qs.h" 826 1 Info 755: global macro 'QS_F64' (line 826, file C:\qp_lab\qpc\include\qs.h) not referenced
"C:\qp_lab\qpc\include\qs.h" 462 1 Info 755: global macro 'QS_FILTER_AO_OBJ' (line 462, file C:\qp_lab\qpc\include\qs.h) not referenced
"C:\qp_lab\qpc\include\qs.h" 482 1 Info 755: global macro 'QS_FILTER_MP_OBJ' (line 482, file C:\qp_lab\qpc\include\qs.h) not referenced
"C:\qp_lab\qpc\include\qs.h" 502 1 Info 755: global macro 'QS_FILTER_EQ_OBJ' (line 502, file C:\qp_lab\qpc\include\qs.h) not referenced
"C:\qp_lab\qpc\include\qs.h" 540 1 Info 755: global macro 'QS_FILTER_AP_OBJ' (line 540, file C:\qp_lab\qpc\include\qs.h) not referenced
"C:\qp_lab\qpc\include\qs.h" 400 1 Info 755: global macro 'QS_FILTER_ON' (line 400, file C:\qp_lab\qpc\include\qs.h) not referenced
"C:\qp_lab\qpc\include\qs.h" 441 1 Info 755: global macro 'QS_FILTER_SM_OBJ' (line 441, file C:\qp_lab\qpc\include\qs.h) not referenced
"C:\qp_lab\qpc\include\qs.h" 523 1 Info 755: global macro 'QS_FILTER_TE_OBJ' (line 523, file C:\qp_lab\qpc\include\qs.h) not referenced
"C:\qp_lab\qpc\include\qs.h" 866 1 Info 755: global macro 'QS_FUN' (line 866, file C:\qp_lab\qpc\include\qs.h) not referenced
"C:\qp_lab\qpc\include\qs.h" 753 1 Info 755: global macro 'QS_FUN_' (line 753, file C:\qp_lab\qpc\include\qs.h) not referenced
"C:\qp_lab\qpc\include\qs.h" 978 1 Info 755: global macro 'QS_FUN_DICTIONARY' (line 978, file C:\qp_lab\qpc\include\qs.h) not referenced
"C:\qp_lab\qpc\ports\lint\qv\qf_port.h" 269 1 Info 755: global macro 'QV_CPU_SLEEP' (line 269, file C:\qp_lab\qpc\ports\lint\qv\qf_port.h) not referenced
"C:\qp_lab\qpc\include\qep.h" 480 1 Info 755: global macro 'Q_HANDLED' (line 480, file C:\qp_lab\qpc\include\qep.h) not referenced
"C:\qp_lab\qpc\include\qf.h" 790 1 Info 755: global macro 'Q_DELETE_REF' (line 790, file C:\qp_lab\qpc\include\qf.h) not referenced
"C:\qp_lab\qpc\include\qassert.h" 86 1 Info 755: global macro 'Q_DEFINE_THIS_FILE' (line 86, file C:\qp_lab\qpc\include\qassert.h) not referenced
"C:\qp_lab\qpc\include\qf.h" 636 1 Info 755: global macro 'QF_TICK_X' (line 636, file C:\qp_lab\qpc\include\qf.h) not referenced
"C:\qp_lab\qpc\include\qf.h" 651 1 Info 755: global macro 'QF_TICK' (line 651, file C:\qp_lab\qpc\include\qf.h) not referenced
"C:\qp_lab\qpc\include\qs.h" 1049 1 Info 755: global macro 'QS_getVersion' (line 1049, file C:\qp_lab\qpc\include\qs.h) not referenced
"C:\qp_lab\qpc\include\qv.h" 103 1 Info 755: global macro 'QF_EPOOL_EVENT_SIZE_' (line 103, file C:\qp_lab\qpc\include\qv.h) not referenced
"C:\qp_lab\qpc\include\qv.h" 104 1 Info 755: global macro 'QF_EPOOL_GET_' (line 104, file C:\qp_lab\qpc\include\qv.h) not referenced
"C:\qp_lab\qpc\include\qv.h" 102 1 Info 755: global macro 'QF_EPOOL_INIT_' (line 102, file C:\qp_lab\qpc\include\qv.h) not referenced
"C:\qp_lab\qpc\include\qv.h" 105 1 Info 755: global macro 'QF_EPOOL_PUT_' (line 105, file C:\qp_lab\qpc\include\qv.h) not referenced
"C:\qp_lab\qpc\include\qep.h" 190 1 Info 755: global macro 'Q_EVT_CAST' (line 190, file C:\qp_lab\qpc\include\qep.h) not referenced
"C:\qp_lab\qpc\src\qf_pkg.h" 108 1 Info 755: global macro 'QF_EVT_REF_CTR_INC_' (line 108, file C:\qp_lab\qpc\src\qf_pkg.h) not referenced
"C:\qp_lab\qpc\src\qf_pkg.h" 111 1 Info 755: global macro 'QF_EVT_REF_CTR_DEC_' (line 111, file C:\qp_lab\qpc\src\qf_pkg.h) not referenced
"C:\qp_lab\qpc\include\qep.h" 180 1 Info 755: global macro 'Q_HSM_UPCAST' (line 180, file C:\qp_lab\qpc\include\qep.h) not referenced
"C:\qp_lab\qpc\include\qequeue.h" 200 1 Info 755: global macro 'QEQueue_getNFree' (line 200, file C:\qp_lab\qpc\include\qequeue.h) not referenced
"C:\qp_lab\qpc\include\qequeue.h" 214 1 Info 755: global macro 'QEQueue_getNMin' (line 214, file C:\qp_lab\qpc\include\qequeue.h) not referenced
"C:\qp_lab\qpc\include\qequeue.h" 230 1 Info 755: global macro 'QEQueue_isEmpty' (line 230, file C:\qp_lab\qpc\include\qequeue.h) not referenced
"C:\qp_lab\qpc\include\qs.h" 380 1 Info 755: global macro 'QS_INIT' (line 380, file C:\qp_lab\qpc\include\qs.h) not referenced
"C:\qp_lab\qpc\include\qs.h" 798 1 Info 755: global macro 'QS_I8' (line 798, file C:\qp_lab\qpc\include\qs.h) not referenced
"C:\qp_lab\qpc\include\qs.h" 806 1 Info 755: global macro 'QS_I16' (line 806, file C:\qp_lab\qpc\include\qs.h) not referenced
"C:\qp_lab\qpc\include\qs.h" 814 1 Info 755: global macro 'QS_I32' (line 814, file C:\qp_lab\qpc\include\qs.h) not referenced
"C:\qp_lab\qpc\include\qs.h" 830 1 Info 755: global macro 'QS_I64' (line 830, file C:\qp_lab\qpc\include\qs.h) not referenced
"C:\qp_lab\qpc\include\qep.h" 193 1 Info 755: global macro 'Q_DIM' (line 193, file C:\qp_lab\qpc\include\qep.h) not referenced
"C:\qp_lab\qpc\include\qf.h" 838 1 Info 755: global macro 'QF_getVersion' (line 838, file C:\qp_lab\qpc\include\qf.h) not referenced
"C:\qp_lab\qpc\include\qv.h" 81 1 Info 755: global macro 'QV_getVersion' (line 81, file C:\qp_lab\qpc\include\qv.h) not referenced
"C:\qp_lab\qpc\include\qassert.h" 152 1 Info 755: global macro 'Q_ALLEGE' (line 152, file C:\qp_lab\qpc\include\qassert.h) not referenced
"C:\qp_lab\qpc\include\qassert.h" 167 1 Info 755: global macro 'Q_ALLEGE_ID' (line 167, file C:\qp_lab\qpc\include\qassert.h) not referenced
"C:\qp_lab\qpc\include\qep.h" 431 1 Info 755: global macro 'QMsm_stateObj' (line 431, file C:\qp_lab\qpc\include\qep.h) not referenced
"C:\qp_lab\qpc\include\qep.h" 441 1 Info 755: global macro 'QMsm_childStateObj' (line 441, file C:\qp_lab\qpc\include\qep.h) not referenced
"C:\qp_lab\qpc\include\qep.h" 204 1 Info 755: global macro 'Q_UINT2PTR_CAST' (line 204, file C:\qp_lab\qpc\include\qep.h) not referenced
"C:\qp_lab\qpc\ports\lint\stdbool.h" 22 1 Info 755: global macro '__bool_true_false_are_defined' (line 22, file C:\qp_lab\qpc\ports\lint\stdbool.h) not referenced
"C:\qp_lab\qpc\include\qep.h" 494 1 Info 758: global enum '(untagged)' (line 494, file C:\qp_lab\qpc\include\qep.h) not referenced
"C:\qp_lab\qpc\include\qep.h" 608 1 Info 758: global enum '(untagged)' (line 608, file C:\qp_lab\qpc\include\qep.h) not referenced
"C:\qp_lab\qpc\include\qs.h" 153 1 Info 758: global enum 'QSpyRecordGroups' (line 153, file C:\qp_lab\qpc\include\qs.h) not referenced
"C:\qp_lab\qpc\include\qs.h" 171 1 Info 758: global enum 'QSpyUserRecords' (line 171, file C:\qp_lab\qpc\include\qs.h) not referenced
"C:\qp_lab\qpc\include\qs.h" 777 1 Info 758: global enum '(untagged)' (line 777, file C:\qp_lab\qpc\include\qs.h) not referenced
"C:\qp_lab\qpc\include\qs.h" 1092 1 Info 758: global enum 'QSpyRxRecords' (line 1092, file C:\qp_lab\qpc\include\qs.h) not referenced
"C:\qp_lab\qpc\include\qep.h" 154 1 Info 768: global struct member 'QEvt::sig' (line 154, file C:\qp_lab\qpc\include\qep.h) not referenced
"C:\qp_lab\qpc\include\qep.h" 155 1 Info 768: global struct member 'QEvt::poolId_' (line 155, file C:\qp_lab\qpc\include\qep.h) not referenced
"C:\qp_lab\qpc\include\qep.h" 156 1 Info 768: global struct member 'QEvt::refCtr_' (line 156, file C:\qp_lab\qpc\include\qep.h) not referenced
"C:\qp_lab\qpc\include\qep.h" 250 1 Info 768: global struct member 'QHsmAttr::fun' (line 250, file C:\qp_lab\qpc\include\qep.h) not referenced
"C:\qp_lab\qpc\include\qep.h" 251 1 Info 768: global struct member 'QHsmAttr::act' (line 251, file C:\qp_lab\qpc\include\qep.h) not referenced
"C:\qp_lab\qpc\include\qep.h" 252 1 Info 768: global struct member 'QHsmAttr::obj' (line 252, file C:\qp_lab\qpc\include\qep.h) not referenced
"C:\qp_lab\qpc\include\qep.h" 253 1 Info 768: global struct member 'QHsmAttr::tatbl' (line 253, file C:\qp_lab\qpc\include\qep.h) not referenced
"C:\qp_lab\qpc\include\qep.h" 283 1 Info 768: global struct member 'QHsm::state' (line 283, file C:\qp_lab\qpc\include\qep.h) not referenced
"C:\qp_lab\qpc\include\qep.h" 284 1 Info 768: global struct member 'QHsm::temp' (line 284, file C:\qp_lab\qpc\include\qep.h) not referenced
"C:\qp_lab\qpc\include\qep.h" 403 1 Info 768: global struct member 'QMState::superstate' (line 403, file C:\qp_lab\qpc\include\qep.h) not referenced
"C:\qp_lab\qpc\include\qep.h" 404 1 Info 768: global struct member 'QMState::stateHandler' (line 404, file C:\qp_lab\qpc\include\qep.h) not referenced
"C:\qp_lab\qpc\include\qep.h" 405 1 Info 768: global struct member 'QMState::entryAction' (line 405, file C:\qp_lab\qpc\include\qep.h) not referenced
"C:\qp_lab\qpc\include\qep.h" 406 1 Info 768: global struct member 'QMState::exitAction' (line 406, file C:\qp_lab\qpc\include\qep.h) not referenced
"C:\qp_lab\qpc\include\qep.h" 407 1 Info 768: global struct member 'QMState::initAction' (line 407, file C:\qp_lab\qpc\include\qep.h) not referenced
"C:\qp_lab\qpc\include\qep.h" 412 1 Info 768: global struct member 'QMTranActTable::target' (line 412, file C:\qp_lab\qpc\include\qep.h) not referenced
"C:\qp_lab\qpc\include\qep.h" 413 1 Info 768: global struct member 'QMTranActTable::act' (line 413, file C:\qp_lab\qpc\include\qep.h) not referenced
"C:\qp_lab\qpc\include\qep.h" 496 1 Info 769: global enumeration constant 'Q_RET_SUPER' (line 496, file C:\qp_lab\qpc\include\qep.h) not referenced
"C:\qp_lab\qpc\include\qep.h" 497 1 Info 769: global enumeration constant 'Q_RET_SUPER_SUB' (line 497, file C:\qp_lab\qpc\include\qep.h) not referenced
"C:\qp_lab\qpc\include\qep.h" 498 1 Info 769: global enumeration constant 'Q_RET_UNHANDLED' (line 498, file C:\qp_lab\qpc\include\qep.h) not referenced
"C:\qp_lab\qpc\include\qep.h" 501 1 Info 769: global enumeration constant 'Q_RET_HANDLED' (line 501, file C:\qp_lab\qpc\include\qep.h) not referenced
"C:\qp_lab\qpc\include\qep.h" 502 1 Info 769: global enumeration constant 'Q_RET_IGNORED' (line 502, file C:\qp_lab\qpc\include\qep.h) not referenced
"C:\qp_lab\qpc\include\qep.h" 505 1 Info 769: global enumeration constant 'Q_RET_ENTRY' (line 505, file C:\qp_lab\qpc\include\qep.h) not referenced
"C:\qp_lab\qpc\include\qep.h" 506 1 Info 769: global enumeration constant 'Q_RET_EXIT' (line 506, file C:\qp_lab\qpc\include\qep.h) not referenced
"C:\qp_lab\qpc\include\qep.h" 509 1 Info 769: global enumeration constant 'Q_RET_NULL' (line 509, file C:\qp_lab\qpc\include\qep.h) not referenced
"C:\qp_lab\qpc\include\qep.h" 512 1 Info 769: global enumeration constant 'Q_RET_TRAN' (line 512, file C:\qp_lab\qpc\include\qep.h) not referenced
"C:\qp_lab\qpc\include\qep.h" 513 1 Info 769: global enumeration constant 'Q_RET_TRAN_INIT' (line 513, file C:\qp_lab\qpc\include\qep.h) not referenced
"C:\qp_lab\qpc\include\qep.h" 514 1 Info 769: global enumeration constant 'Q_RET_TRAN_EP' (line 514, file C:\qp_lab\qpc\include\qep.h) not referenced
"C:\qp_lab\qpc\include\qep.h" 517 1 Info 769: global enumeration constant 'Q_RET_TRAN_HIST' (line 517, file C:\qp_lab\qpc\include\qep.h) not referenced
"C:\qp_lab\qpc\include\qep.h" 518 1 Info 769: global enumeration constant 'Q_RET_TRAN_XP' (line 518, file C:\qp_lab\qpc\include\qep.h) not referenced
"C:\qp_lab\qpc\include\qep.h" 609 1 Info 769: global enumeration constant 'Q_ENTRY_SIG' (line 609, file C:\qp_lab\qpc\include\qep.h) not referenced
"C:\qp_lab\qpc\include\qep.h" 610 1 Info 769: global enumeration constant 'Q_EXIT_SIG' (line 610, file C:\qp_lab\qpc\include\qep.h) not referenced
"C:\qp_lab\qpc\include\qep.h" 611 1 Info 769: global enumeration constant 'Q_INIT_SIG' (line 611, file C:\qp_lab\qpc\include\qep.h) not referenced
"C:\qp_lab\qpc\include\qep.h" 612 1 Info 769: global enumeration constant 'Q_USER_SIG' (line 612, file C:\qp_lab\qpc\include\qep.h) not referenced
"C:\qp_lab\qpc\include\qequeue.h" 130 1 Info 768: global struct member 'QEQueue' (line 130, file C:\qp_lab\qpc\include\qequeue.h) not referenced
"C:\qp_lab\qpc\include\qequeue.h" 146 1 Info 768: global struct member 'QEQueue::ring' (line 146, file C:\qp_lab\qpc\include\qequeue.h) not referenced
"C:\qp_lab\qpc\include\qequeue.h" 149 1 Info 768: global struct member 'QEQueue::end' (line 149, file C:\qp_lab\qpc\include\qequeue.h) not referenced
"C:\qp_lab\qpc\include\qequeue.h" 152 1 Info 768: global struct member 'QEQueue::head' (line 152, file C:\qp_lab\qpc\include\qequeue.h) not referenced
"C:\qp_lab\qpc\include\qequeue.h" 155 1 Info 768: global struct member 'QEQueue::tail' (line 155, file C:\qp_lab\qpc\include\qequeue.h) not referenced
"C:\qp_lab\qpc\include\qequeue.h" 158 1 Info 768: global struct member 'QEQueue::nFree' (line 158, file C:\qp_lab\qpc\include\qequeue.h) not referenced
"C:\qp_lab\qpc\include\qequeue.h" 167 1 Info 768: global struct member 'QEQueue::nMin' (line 167, file C:\qp_lab\qpc\include\qequeue.h) not referenced
"C:\qp_lab\qpc\include\qmpool.h" 120 1 Info 768: global struct member 'QMPool::free_head' (line 120, file C:\qp_lab\qpc\include\qmpool.h) not referenced
"C:\qp_lab\qpc\include\qmpool.h" 123 1 Info 768: global struct member 'QMPool::start' (line 123, file C:\qp_lab\qpc\include\qmpool.h) not referenced
"C:\qp_lab\qpc\include\qmpool.h" 126 1 Info 768: global struct member 'QMPool::end' (line 126, file C:\qp_lab\qpc\include\qmpool.h) not referenced
"C:\qp_lab\qpc\include\qmpool.h" 129 1 Info 768: global struct member 'QMPool::blockSize' (line 129, file C:\qp_lab\qpc\include\qmpool.h) not referenced
"C:\qp_lab\qpc\include\qmpool.h" 132 1 Info 768: global struct member 'QMPool::nTot' (line 132, file C:\qp_lab\qpc\include\qmpool.h) not referenced
"C:\qp_lab\qpc\include\qmpool.h" 135 1 Info 768: global struct member 'QMPool::nFree' (line 135, file C:\qp_lab\qpc\include\qmpool.h) not referenced
"C:\qp_lab\qpc\include\qmpool.h" 144 1 Info 768: global struct member 'QMPool::nMin' (line 144, file C:\qp_lab\qpc\include\qmpool.h) not referenced
"C:\qp_lab\qpc\include\qf.h" 167 1 Info 768: global struct member 'QActiveVtbl::super' (line 167, file C:\qp_lab\qpc\include\qf.h) not referenced
"C:\qp_lab\qpc\include\qf.h" 174 1 Info 768: global struct member 'QActiveVtbl::start' (line 174, file C:\qp_lab\qpc\include\qf.h) not referenced
"C:\qp_lab\qpc\include\qf.h" 180 1 Info 768: global struct member 'QActiveVtbl::post' (line 180, file C:\qp_lab\qpc\include\qf.h) not referenced
"C:\qp_lab\qpc\include\qf.h" 188 1 Info 768: global struct member 'QActiveVtbl::postLIFO' (line 188, file C:\qp_lab\qpc\include\qf.h) not referenced
"C:\qp_lab\qpc\include\qf.h" 457 1 Info 768: global struct member 'QTimeEvt::super' (line 457, file C:\qp_lab\qpc\include\qf.h) not referenced
"C:\qp_lab\qpc\include\qf.h" 460 1 Info 768: global struct member 'QTimeEvt::next' (line 460, file C:\qp_lab\qpc\include\qf.h) not referenced
"C:\qp_lab\qpc\include\qf.h" 463 1 Info 768: global struct member 'QTimeEvt::act' (line 463, file C:\qp_lab\qpc\include\qf.h) not referenced
"C:\qp_lab\qpc\include\qf.h" 472 1 Info 768: global struct member 'QTimeEvt::ctr' (line 472, file C:\qp_lab\qpc\include\qf.h) not referenced
"C:\qp_lab\qpc\include\qf.h" 481 1 Info 768: global struct member 'QTimeEvt::interval' (line 481, file C:\qp_lab\qpc\include\qf.h) not referenced
"C:\qp_lab\qpc\src\qf_pkg.h" 102 1 Info 768: global struct member 'QFreeBlock::next' (line 102, file C:\qp_lab\qpc\src\qf_pkg.h) not referenced
"C:\qp_lab\qpc\include\qs.h" 67 1 Info 769: global enumeration constant 'QSpyRecords::QS_EMPTY' (line 67, file C:\qp_lab\qpc\include\qs.h) not referenced
"C:\qp_lab\qpc\include\qs.h" 70 1 Info 769: global enumeration constant 'QSpyRecords::QS_QEP_STATE_ENTRY' (line 70, file C:\qp_lab\qpc\include\qs.h) not referenced
"C:\qp_lab\qpc\include\qs.h" 71 1 Info 769: global enumeration constant 'QSpyRecords::QS_QEP_STATE_EXIT' (line 71, file C:\qp_lab\qpc\include\qs.h) not referenced
"C:\qp_lab\qpc\include\qs.h" 72 1 Info 769: global enumeration constant 'QSpyRecords::QS_QEP_STATE_INIT' (line 72, file C:\qp_lab\qpc\include\qs.h) not referenced
"C:\qp_lab\qpc\include\qs.h" 73 1 Info 769: global enumeration constant 'QSpyRecords::QS_QEP_INIT_TRAN' (line 73, file C:\qp_lab\qpc\include\qs.h) not referenced
"C:\qp_lab\qpc\include\qs.h" 74 1 Info 769: global enumeration constant 'QSpyRecords::QS_QEP_INTERN_TRAN' (line 74, file C:\qp_lab\qpc\include\qs.h) not referenced
"C:\qp_lab\qpc\include\qs.h" 75 1 Info 769: global enumeration constant 'QSpyRecords::QS_QEP_TRAN' (line 75, file C:\qp_lab\qpc\include\qs.h) not referenced
"C:\qp_lab\qpc\include\qs.h" 76 1 Info 769: global enumeration constant 'QSpyRecords::QS_QEP_IGNORED' (line 76, file C:\qp_lab\qpc\include\qs.h) not referenced
"C:\qp_lab\qpc\include\qs.h" 77 1 Info 769: global enumeration constant 'QSpyRecords::QS_QEP_DISPATCH' (line 77, file C:\qp_lab\qpc\include\qs.h) not referenced
"C:\qp_lab\qpc\include\qs.h" 78 1 Info 769: global enumeration constant 'QSpyRecords::QS_QEP_UNHANDLED' (line 78, file C:\qp_lab\qpc\include\qs.h) not referenced
"C:\qp_lab\qpc\include\qs.h" 81 1 Info 769: global enumeration constant 'QSpyRecords::QS_QF_ACTIVE_ADD' (line 81, file C:\qp_lab\qpc\include\qs.h) not referenced
"C:\qp_lab\qpc\include\qs.h" 82 1 Info 769: global enumeration constant 'QSpyRecords::QS_QF_ACTIVE_REMOVE' (line 82, file C:\qp_lab\qpc\include\qs.h) not referenced
"C:\qp_lab\qpc\include\qs.h" 83 1 Info 769: global enumeration constant 'QSpyRecords::QS_QF_ACTIVE_SUBSCRIBE' (line 83, file C:\qp_lab\qpc\include\qs.h) not referenced
"C:\qp_lab\qpc\include\qs.h" 84 1 Info 769: global enumeration constant 'QSpyRecords::QS_QF_ACTIVE_UNSUBSCRIBE' (line 84, file C:\qp_lab\qpc\include\qs.h) not referenced
"C:\qp_lab\qpc\include\qs.h" 85 1 Info 769: global enumeration constant 'QSpyRecords::QS_QF_ACTIVE_POST_FIFO' (line 85, file C:\qp_lab\qpc\include\qs.h) not referenced
"C:\qp_lab\qpc\include\qs.h" 86 1 Info 769: global enumeration constant 'QSpyRecords::QS_QF_ACTIVE_POST_LIFO' (line 86, file C:\qp_lab\qpc\include\qs.h) not referenced
"C:\qp_lab\qpc\include\qs.h" 87 1 Info 769: global enumeration constant 'QSpyRecords::QS_QF_ACTIVE_GET' (line 87, file C:\qp_lab\qpc\include\qs.h) not referenced
"C:\qp_lab\qpc\include\qs.h" 88 1 Info 769: global enumeration constant 'QSpyRecords::QS_QF_ACTIVE_GET_LAST' (line 88, file C:\qp_lab\qpc\include\qs.h) not referenced
"C:\qp_lab\qpc\include\qs.h" 89 1 Info 769: global enumeration constant 'QSpyRecords::QS_QF_EQUEUE_INIT' (line 89, file C:\qp_lab\qpc\include\qs.h) not referenced
"C:\qp_lab\qpc\include\qs.h" 90 1 Info 769: global enumeration constant 'QSpyRecords::QS_QF_EQUEUE_POST_FIFO' (line 90, file C:\qp_lab\qpc\include\qs.h) not referenced
"C:\qp_lab\qpc\include\qs.h" 91 1 Info 769: global enumeration constant 'QSpyRecords::QS_QF_EQUEUE_POST_LIFO' (line 91, file C:\qp_lab\qpc\include\qs.h) not referenced
"C:\qp_lab\qpc\include\qs.h" 92 1 Info 769: global enumeration constant 'QSpyRecords::QS_QF_EQUEUE_GET' (line 92, file C:\qp_lab\qpc\include\qs.h) not referenced
"C:\qp_lab\qpc\include\qs.h" 93 1 Info 769: global enumeration constant 'QSpyRecords::QS_QF_EQUEUE_GET_LAST' (line 93, file C:\qp_lab\qpc\include\qs.h) not referenced
"C:\qp_lab\qpc\include\qs.h" 94 1 Info 769: global enumeration constant 'QSpyRecords::QS_QF_MPOOL_INIT' (line 94, file C:\qp_lab\qpc\include\qs.h) not referenced
"C:\qp_lab\qpc\include\qs.h" 95 1 Info 769: global enumeration constant 'QSpyRecords::QS_QF_MPOOL_GET' (line 95, file C:\qp_lab\qpc\include\qs.h) not referenced
"C:\qp_lab\qpc\include\qs.h" 96 1 Info 769: global enumeration constant 'QSpyRecords::QS_QF_MPOOL_PUT' (line 96, file C:\qp_lab\qpc\include\qs.h) not referenced
"C:\qp_lab\qpc\include\qs.h" 97 1 Info 769: global enumeration constant 'QSpyRecords::QS_QF_PUBLISH' (line 97, file C:\qp_lab\qpc\include\qs.h) not referenced
"C:\qp_lab\qpc\include\qs.h" 98 1 Info 769: global enumeration constant 'QSpyRecords::QS_QF_RESERVED8' (line 98, file C:\qp_lab\qpc\include\qs.h) not referenced
"C:\qp_lab\qpc\include\qs.h" 99 1 Info 769: global enumeration constant 'QSpyRecords::QS_QF_NEW' (line 99, file C:\qp_lab\qpc\include\qs.h) not referenced
"C:\qp_lab\qpc\include\qs.h" 100 1 Info 769: global enumeration constant 'QSpyRecords::QS_QF_GC_ATTEMPT' (line 100, file C:\qp_lab\qpc\include\qs.h) not referenced
"C:\qp_lab\qpc\include\qs.h" 101 1 Info 769: global enumeration constant 'QSpyRecords::QS_QF_GC' (line 101, file C:\qp_lab\qpc\include\qs.h) not referenced
"C:\qp_lab\qpc\include\qs.h" 102 1 Info 769: global enumeration constant 'QSpyRecords::QS_QF_TICK' (line 102, file C:\qp_lab\qpc\include\qs.h) not referenced
"C:\qp_lab\qpc\include\qs.h" 103 1 Info 769: global enumeration constant 'QSpyRecords::QS_QF_TIMEEVT_ARM' (line 103, file C:\qp_lab\qpc\include\qs.h) not referenced
"C:\qp_lab\qpc\include\qs.h" 104 1 Info 769: global enumeration constant 'QSpyRecords::QS_QF_TIMEEVT_AUTO_DISARM' (line 104, file C:\qp_lab\qpc\include\qs.h) not referenced
"C:\qp_lab\qpc\include\qs.h" 105 1 Info 769: global enumeration constant 'QSpyRecords::QS_QF_TIMEEVT_DISARM_ATTEMPT' (line 105, file C:\qp_lab\qpc\include\qs.h) not referenced
"C:\qp_lab\qpc\include\qs.h" 106 1 Info 769: global enumeration constant 'QSpyRecords::QS_QF_TIMEEVT_DISARM' (line 106, file C:\qp_lab\qpc\include\qs.h) not referenced
"C:\qp_lab\qpc\include\qs.h" 107 1 Info 769: global enumeration constant 'QSpyRecords::QS_QF_TIMEEVT_REARM' (line 107, file C:\qp_lab\qpc\include\qs.h) not referenced
"C:\qp_lab\qpc\include\qs.h" 108 1 Info 769: global enumeration constant 'QSpyRecords::QS_QF_TIMEEVT_POST' (line 108, file C:\qp_lab\qpc\include\qs.h) not referenced
"C:\qp_lab\qpc\include\qs.h" 109 1 Info 769: global enumeration constant 'QSpyRecords::QS_QF_TIMEEVT_CTR' (line 109, file C:\qp_lab\qpc\include\qs.h) not referenced
"C:\qp_lab\qpc\include\qs.h" 110 1 Info 769: global enumeration constant 'QSpyRecords::QS_QF_CRIT_ENTRY' (line 110, file C:\qp_lab\qpc\include\qs.h) not referenced
"C:\qp_lab\qpc\include\qs.h" 111 1 Info 769: global enumeration constant 'QSpyRecords::QS_QF_CRIT_EXIT' (line 111, file C:\qp_lab\qpc\include\qs.h) not referenced
"C:\qp_lab\qpc\include\qs.h" 112 1 Info 769: global enumeration constant 'QSpyRecords::QS_QF_ISR_ENTRY' (line 112, file C:\qp_lab\qpc\include\qs.h) not referenced
"C:\qp_lab\qpc\include\qs.h" 113 1 Info 769: global enumeration constant 'QSpyRecords::QS_QF_ISR_EXIT' (line 113, file C:\qp_lab\qpc\include\qs.h) not referenced
"C:\qp_lab\qpc\include\qs.h" 114 1 Info 769: global enumeration constant 'QSpyRecords::QS_QF_INT_DISABLE' (line 114, file C:\qp_lab\qpc\include\qs.h) not referenced
"C:\qp_lab\qpc\include\qs.h" 115 1 Info 769: global enumeration constant 'QSpyRecords::QS_QF_INT_ENABLE' (line 115, file C:\qp_lab\qpc\include\qs.h) not referenced
"C:\qp_lab\qpc\include\qs.h" 116 1 Info 769: global enumeration constant 'QSpyRecords::QS_QF_ACTIVE_POST_ATTEMPT' (line 116, file C:\qp_lab\qpc\include\qs.h) not referenced
"C:\qp_lab\qpc\include\qs.h" 117 1 Info 769: global enumeration constant 'QSpyRecords::QS_QF_EQUEUE_POST_ATTEMPT' (line 117, file C:\qp_lab\qpc\include\qs.h) not referenced
"C:\qp_lab\qpc\include\qs.h" 118 1 Info 769: global enumeration constant 'QSpyRecords::QS_QF_MPOOL_GET_ATTEMPT' (line 118, file C:\qp_lab\qpc\include\qs.h) not referenced
"C:\qp_lab\qpc\include\qs.h" 119 1 Info 769: global enumeration constant 'QSpyRecords::QS_MUTEX_LOCK' (line 119, file C:\qp_lab\qpc\include\qs.h) not referenced
"C:\qp_lab\qpc\include\qs.h" 120 1 Info 769: global enumeration constant 'QSpyRecords::QS_MUTEX_UNLOCK' (line 120, file C:\qp_lab\qpc\include\qs.h) not referenced
"C:\qp_lab\qpc\include\qs.h" 123 1 Info 769: global enumeration constant 'QSpyRecords::QS_SCHED_LOCK' (line 123, file C:\qp_lab\qpc\include\qs.h) not referenced
"C:\qp_lab\qpc\include\qs.h" 124 1 Info 769: global enumeration constant 'QSpyRecords::QS_SCHED_UNLOCK' (line 124, file C:\qp_lab\qpc\include\qs.h) not referenced
"C:\qp_lab\qpc\include\qs.h" 127 1 Info 769: global enumeration constant 'QSpyRecords::QS_SCHED_RESUME' (line 127, file C:\qp_lab\qpc\include\qs.h) not referenced
"C:\qp_lab\qpc\include\qs.h" 130 1 Info 769: global enumeration constant 'QSpyRecords::QS_QEP_TRAN_HIST' (line 130, file C:\qp_lab\qpc\include\qs.h) not referenced
"C:\qp_lab\qpc\include\qs.h" 131 1 Info 769: global enumeration constant 'QSpyRecords::QS_QEP_TRAN_EP' (line 131, file C:\qp_lab\qpc\include\qs.h) not referenced
"C:\qp_lab\qpc\include\qs.h" 132 1 Info 769: global enumeration constant 'QSpyRecords::QS_QEP_TRAN_XP' (line 132, file C:\qp_lab\qpc\include\qs.h) not referenced
"C:\qp_lab\qpc\include\qs.h" 135 1 Info 769: global enumeration constant 'QSpyRecords::QS_TEST_PAUSED' (line 135, file C:\qp_lab\qpc\include\qs.h) not referenced
"C:\qp_lab\qpc\include\qs.h" 136 1 Info 769: global enumeration constant 'QSpyRecords::QS_TEST_PROBE_GET' (line 136, file C:\qp_lab\qpc\include\qs.h) not referenced
"C:\qp_lab\qpc\include\qs.h" 137 1 Info 769: global enumeration constant 'QSpyRecords::QS_SIG_DICT' (line 137, file C:\qp_lab\qpc\include\qs.h) not referenced
"C:\qp_lab\qpc\include\qs.h" 138 1 Info 769: global enumeration constant 'QSpyRecords::QS_OBJ_DICT' (line 138, file C:\qp_lab\qpc\include\qs.h) not referenced
"C:\qp_lab\qpc\include\qs.h" 139 1 Info 769: global enumeration constant 'QSpyRecords::QS_FUN_DICT' (line 139, file C:\qp_lab\qpc\include\qs.h) not referenced
"C:\qp_lab\qpc\include\qs.h" 140 1 Info 769: global enumeration constant 'QSpyRecords::QS_USR_DICT' (line 140, file C:\qp_lab\qpc\include\qs.h) not referenced
"C:\qp_lab\qpc\include\qs.h" 141 1 Info 769: global enumeration constant 'QSpyRecords::QS_TARGET_INFO' (line 141, file C:\qp_lab\qpc\include\qs.h) not referenced
"C:\qp_lab\qpc\include\qs.h" 142 1 Info 769: global enumeration constant 'QSpyRecords::QS_TARGET_DONE' (line 142, file C:\qp_lab\qpc\include\qs.h) not referenced
"C:\qp_lab\qpc\include\qs.h" 143 1 Info 769: global enumeration constant 'QSpyRecords::QS_RX_STATUS' (line 143, file C:\qp_lab\qpc\include\qs.h) not referenced
"C:\qp_lab\qpc\include\qs.h" 144 1 Info 769: global enumeration constant 'QSpyRecords::QS_MSC_RESERVED1' (line 144, file C:\qp_lab\qpc\include\qs.h) not referenced
"C:\qp_lab\qpc\include\qs.h" 145 1 Info 769: global enumeration constant 'QSpyRecords::QS_PEEK_DATA' (line 145, file C:\qp_lab\qpc\include\qs.h) not referenced
"C:\qp_lab\qpc\include\qs.h" 146 1 Info 769: global enumeration constant 'QSpyRecords::QS_ASSERT_FAIL' (line 146, file C:\qp_lab\qpc\include\qs.h) not referenced
"C:\qp_lab\qpc\include\qs.h" 154 1 Info 769: global enumeration constant 'QSpyRecordGroups::QS_ALL_RECORDS' (line 154, file C:\qp_lab\qpc\include\qs.h) not referenced
"C:\qp_lab\qpc\include\qs.h" 155 1 Info 769: global enumeration constant 'QSpyRecordGroups::QS_SM_RECORDS' (line 155, file C:\qp_lab\qpc\include\qs.h) not referenced
"C:\qp_lab\qpc\include\qs.h" 156 1 Info 769: global enumeration constant 'QSpyRecordGroups::QS_AO_RECORDS' (line 156, file C:\qp_lab\qpc\include\qs.h) not referenced
"C:\qp_lab\qpc\include\qs.h" 157 1 Info 769: global enumeration constant 'QSpyRecordGroups::QS_EQ_RECORDS' (line 157, file C:\qp_lab\qpc\include\qs.h) not referenced
"C:\qp_lab\qpc\include\qs.h" 158 1 Info 769: global enumeration constant 'QSpyRecordGroups::QS_MP_RECORDS' (line 158, file C:\qp_lab\qpc\include\qs.h) not referenced
"C:\qp_lab\qpc\include\qs.h" 159 1 Info 769: global enumeration constant 'QSpyRecordGroups::QS_TE_RECORDS' (line 159, file C:\qp_lab\qpc\include\qs.h) not referenced
"C:\qp_lab\qpc\include\qs.h" 160 1 Info 769: global enumeration constant 'QSpyRecordGroups::QS_QF_RECORDS' (line 160, file C:\qp_lab\qpc\include\qs.h) not referenced
"C:\qp_lab\qpc\include\qs.h" 161 1 Info 769: global enumeration constant 'QSpyRecordGroups::QS_SC_RECORDS' (line 161, file C:\qp_lab\qpc\include\qs.h) not referenced
"C:\qp_lab\qpc\include\qs.h" 162 1 Info 769: global enumeration constant 'QSpyRecordGroups::QS_U0_RECORDS' (line 162, file C:\qp_lab\qpc\include\qs.h) not referenced
"C:\qp_lab\qpc\include\qs.h" 163 1 Info 769: global enumeration constant 'QSpyRecordGroups::QS_U1_RECORDS' (line 163, file C:\qp_lab\qpc\include\qs.h) not referenced
"C:\qp_lab\qpc\include\qs.h" 164 1 Info 769: global enumeration constant 'QSpyRecordGroups::QS_U2_RECORDS' (line 164, file C:\qp_lab\qpc\include\qs.h) not referenced
"C:\qp_lab\qpc\include\qs.h" 165 1 Info 769: global enumeration constant 'QSpyRecordGroups::QS_U3_RECORDS' (line 165, file C:\qp_lab\qpc\include\qs.h) not referenced
"C:\qp_lab\qpc\include\qs.h" 166 1 Info 769: global enumeration constant 'QSpyRecordGroups::QS_U4_RECORDS' (line 166, file C:\qp_lab\qpc\include\qs.h) not referenced
"C:\qp_lab\qpc\include\qs.h" 167 1 Info 769: global enumeration constant 'QSpyRecordGroups::QS_UA_RECORDS' (line 167, file C:\qp_lab\qpc\include\qs.h) not referenced
"C:\qp_lab\qpc\include\qs.h" 175 1 Info 769: global enumeration constant 'QSpyUserRecords::QS_USER3' (line 175, file C:\qp_lab\qpc\include\qs.h) not referenced
"C:\qp_lab\qpc\include\qs.h" 778 1 Info 769: global enumeration constant 'QS_I8_T' (line 778, file C:\qp_lab\qpc\include\qs.h) not referenced
"C:\qp_lab\qpc\include\qs.h" 779 1 Info 769: global enumeration constant 'QS_U8_T' (line 779, file C:\qp_lab\qpc\include\qs.h) not referenced
"C:\qp_lab\qpc\include\qs.h" 780 1 Info 769: global enumeration constant 'QS_I16_T' (line 780, file C:\qp_lab\qpc\include\qs.h) not referenced
"C:\qp_lab\qpc\include\qs.h" 781 1 Info 769: global enumeration constant 'QS_U16_T' (line 781, file C:\qp_lab\qpc\include\qs.h) not referenced
"C:\qp_lab\qpc\include\qs.h" 782 1 Info 769: global enumeration constant 'QS_I32_T' (line 782, file C:\qp_lab\qpc\include\qs.h) not referenced
"C:\qp_lab\qpc\include\qs.h" 783 1 Info 769: global enumeration constant 'QS_U32_T' (line 783, file C:\qp_lab\qpc\include\qs.h) not referenced
"C:\qp_lab\qpc\include\qs.h" 784 1 Info 769: global enumeration constant 'QS_F32_T' (line 784, file C:\qp_lab\qpc\include\qs.h) not referenced
"C:\qp_lab\qpc\include\qs.h" 785 1 Info 769: global enumeration constant 'QS_F64_T' (line 785, file C:\qp_lab\qpc\include\qs.h) not referenced
"C:\qp_lab\qpc\include\qs.h" 786 1 Info 769: global enumeration constant 'QS_STR_T' (line 786, file C:\qp_lab\qpc\include\qs.h) not referenced
"C:\qp_lab\qpc\include\qs.h" 787 1 Info 769: global enumeration constant 'QS_MEM_T' (line 787, file C:\qp_lab\qpc\include\qs.h) not referenced
"C:\qp_lab\qpc\include\qs.h" 788 1 Info 769: global enumeration constant 'QS_SIG_T' (line 788, file C:\qp_lab\qpc\include\qs.h) not referenced
"C:\qp_lab\qpc\include\qs.h" 789 1 Info 769: global enumeration constant 'QS_OBJ_T' (line 789, file C:\qp_lab\qpc\include\qs.h) not referenced
"C:\qp_lab\qpc\include\qs.h" 790 1 Info 769: global enumeration constant 'QS_FUN_T' (line 790, file C:\qp_lab\qpc\include\qs.h) not referenced
"C:\qp_lab\qpc\include\qs.h" 791 1 Info 769: global enumeration constant 'QS_I64_T' (line 791, file C:\qp_lab\qpc\include\qs.h) not referenced
"C:\qp_lab\qpc\include\qs.h" 792 1 Info 769: global enumeration constant 'QS_U64_T' (line 792, file C:\qp_lab\qpc\include\qs.h) not referenced
"C:\qp_lab\qpc\include\qs.h" 793 1 Info 769: global enumeration constant 'QS_U32_HEX_T' (line 793, file C:\qp_lab\qpc\include\qs.h) not referenced
"C:\qp_lab\qpc\include\qs.h" 1057 1 Info 769: global enumeration constant 'QSpyObjKind::SM_OBJ' (line 1057, file C:\qp_lab\qpc\include\qs.h) not referenced
"C:\qp_lab\qpc\include\qs.h" 1059 1 Info 769: global enumeration constant 'QSpyObjKind::MP_OBJ' (line 1059, file C:\qp_lab\qpc\include\qs.h) not referenced
"C:\qp_lab\qpc\include\qs.h" 1060 1 Info 769: global enumeration constant 'QSpyObjKind::EQ_OBJ' (line 1060, file C:\qp_lab\qpc\include\qs.h) not referenced
"C:\qp_lab\qpc\include\qs.h" 1061 1 Info 769: global enumeration constant 'QSpyObjKind::TE_OBJ' (line 1061, file C:\qp_lab\qpc\include\qs.h) not referenced
"C:\qp_lab\qpc\include\qs.h" 1062 1 Info 769: global enumeration constant 'QSpyObjKind::AP_OBJ' (line 1062, file C:\qp_lab\qpc\include\qs.h) not referenced
"C:\qp_lab\qpc\include\qs.h" 1070 1 Info 768: global struct member 'QSPriv::buf' (line 1070, file C:\qp_lab\qpc\include\qs.h) not referenced
"C:\qp_lab\qpc\include\qs.h" 1071 1 Info 768: global struct member 'QSPriv::end' (line 1071, file C:\qp_lab\qpc\include\qs.h) not referenced
"C:\qp_lab\qpc\include\qs.h" 1072 1 Info 768: global struct member 'QSPriv::head' (line 1072, file C:\qp_lab\qpc\include\qs.h) not referenced
"C:\qp_lab\qpc\include\qs.h" 1073 1 Info 768: global struct member 'QSPriv::tail' (line 1073, file C:\qp_lab\qpc\include\qs.h) not referenced
"C:\qp_lab\qpc\include\qs.h" 1074 1 Info 768: global struct member 'QSPriv::used' (line 1074, file C:\qp_lab\qpc\include\qs.h) not referenced
"C:\qp_lab\qpc\include\qs.h" 1075 1 Info 768: global struct member 'QSPriv::seq' (line 1075, file C:\qp_lab\qpc\include\qs.h) not referenced
"C:\qp_lab\qpc\include\qs.h" 1076 1 Info 768: global struct member 'QSPriv::chksum' (line 1076, file C:\qp_lab\qpc\include\qs.h) not referenced
"C:\qp_lab\qpc\include\qs.h" 1078 1 Info 768: global struct member 'QSPriv::critNest' (line 1078, file C:\qp_lab\qpc\include\qs.h) not referenced
"C:\qp_lab\qpc\include\qs.h" 1093 1 Info 769: global enumeration constant 'QSpyRxRecords::QS_RX_INFO' (line 1093, file C:\qp_lab\qpc\include\qs.h) not referenced
"C:\qp_lab\qpc\include\qs.h" 1094 1 Info 769: global enumeration constant 'QSpyRxRecords::QS_RX_COMMAND' (line 1094, file C:\qp_lab\qpc\include\qs.h) not referenced
"C:\qp_lab\qpc\include\qs.h" 1095 1 Info 769: global enumeration constant 'QSpyRxRecords::QS_RX_RESET' (line 1095, file C:\qp_lab\qpc\include\qs.h) not referenced
"C:\qp_lab\qpc\include\qs.h" 1096 1 Info 769: global enumeration constant 'QSpyRxRecords::QS_RX_TICK' (line 1096, file C:\qp_lab\qpc\include\qs.h) not referenced
"C:\qp_lab\qpc\include\qs.h" 1097 1 Info 769: global enumeration constant 'QSpyRxRecords::QS_RX_PEEK' (line 1097, file C:\qp_lab\qpc\include\qs.h) not referenced
"C:\qp_lab\qpc\include\qs.h" 1098 1 Info 769: global enumeration constant 'QSpyRxRecords::QS_RX_POKE' (line 1098, file C:\qp_lab\qpc\include\qs.h) not referenced
"C:\qp_lab\qpc\include\qs.h" 1099 1 Info 769: global enumeration constant 'QSpyRxRecords::QS_RX_FILL' (line 1099, file C:\qp_lab\qpc\include\qs.h) not referenced
"C:\qp_lab\qpc\include\qs.h" 1100 1 Info 769: global enumeration constant 'QSpyRxRecords::QS_RX_TEST_SETUP' (line 1100, file C:\qp_lab\qpc\include\qs.h) not referenced
"C:\qp_lab\qpc\include\qs.h" 1101 1 Info 769: global enumeration constant 'QSpyRxRecords::QS_RX_TEST_TEARDOWN' (line 1101, file C:\qp_lab\qpc\include\qs.h) not referenced
"C:\qp_lab\qpc\include\qs.h" 1102 1 Info 769: global enumeration constant 'QSpyRxRecords::QS_RX_TEST_PROBE' (line 1102, file C:\qp_lab\qpc\include\qs.h) not referenced
"C:\qp_lab\qpc\include\qs.h" 1103 1 Info 769: global enumeration constant 'QSpyRxRecords::QS_RX_GLB_FILTER' (line 1103, file C:\qp_lab\qpc\include\qs.h) not referenced
"C:\qp_lab\qpc\include\qs.h" 1104 1 Info 769: global enumeration constant 'QSpyRxRecords::QS_RX_LOC_FILTER' (line 1104, file C:\qp_lab\qpc\include\qs.h) not referenced
"C:\qp_lab\qpc\include\qs.h" 1105 1 Info 769: global enumeration constant 'QSpyRxRecords::QS_RX_AO_FILTER' (line 1105, file C:\qp_lab\qpc\include\qs.h) not referenced
"C:\qp_lab\qpc\include\qs.h" 1106 1 Info 769: global enumeration constant 'QSpyRxRecords::QS_RX_CURR_OBJ' (line 1106, file C:\qp_lab\qpc\include\qs.h) not referenced
"C:\qp_lab\qpc\include\qs.h" 1107 1 Info 769: global enumeration constant 'QSpyRxRecords::QS_RX_TEST_CONTINUE' (line 1107, file C:\qp_lab\qpc\include\qs.h) not referenced
"C:\qp_lab\qpc\include\qs.h" 1108 1 Info 769: global enumeration constant 'QSpyRxRecords::QS_RX_RESERVED1' (line 1108, file C:\qp_lab\qpc\include\qs.h) not referenced
"C:\qp_lab\qpc\include\qs.h" 1109 1 Info 769: global enumeration constant 'QSpyRxRecords::QS_RX_EVENT' (line 1109, file C:\qp_lab\qpc\include\qs.h) not referenced
"C:\qp_lab\qpc\include\qs.h" 1120 1 Info 768: global struct member 'QSrxPriv::currObj' (line 1120, file C:\qp_lab\qpc\include\qs.h) not referenced
"C:\qp_lab\qpc\include\qs.h" 1121 1 Info 768: global struct member 'QSrxPriv::buf' (line 1121, file C:\qp_lab\qpc\include\qs.h) not referenced
"C:\qp_lab\qpc\include\qs.h" 1122 1 Info 768: global struct member 'QSrxPriv::end' (line 1122, file C:\qp_lab\qpc\include\qs.h) not referenced
"C:\qp_lab\qpc\include\qs.h" 1123 1 Info 768: global struct member 'QSrxPriv::head' (line 1123, file C:\qp_lab\qpc\include\qs.h) not referenced
"C:\qp_lab\qpc\include\qs.h" 1124 1 Info 768: global struct member 'QSrxPriv::tail' (line 1124, file C:\qp_lab\qpc\include\qs.h) not referenced
"C:\qp_lab\qpc\include\qs.h" 1125 1 Info 768: global struct member 'QSrxPriv::inTestLoop' (line 1125, file C:\qp_lab\qpc\include\qs.h) not referenced
 Note 900: Successful completion, 567 messages produced

Count   Type    Number  Text

28      Warning 526     Symbol '___' (___) not defined
5       Info    714     Symbol '___' (___) not referenced
146     Info    755     global macro '___' (___) not referenced
13      Info    756     global typedef '___' (___) not referenced
77      Info    757     global declarator '___' (___) not referenced
6       Info    758     global ___ '___' (___) not referenced
54      Info    768     global struct member '___' (___) not referenced
138     Info    769     global enumeration constant '___' (___) not referenced
1       Note    900     Successful completion, ___ messages produced
100     Note    960     Violates MISRA 2004 Required Rule ___, ___
