
--- Module:   C:\qp_lab\qpc\src\qf\qep_hsm.c (C)

--- Module:   C:\qp_lab\qpc\src\qf\qep_msm.c (C)

--- Module:   C:\qp_lab\qpc\src\qf\qf_act.c (C)

--- Module:   C:\qp_lab\qpc\src\qf\qf_actq.c (C)

--- Module:   C:\qp_lab\qpc\src\qf\qf_defer.c (C)

--- Module:   C:\qp_lab\qpc\src\qf\qf_dyn.c (C)

--- Module:   C:\qp_lab\qpc\src\qf\qf_mem.c (C)

--- Module:   C:\qp_lab\qpc\src\qf\qf_ps.c (C)

--- Module:   C:\qp_lab\qpc\src\qf\qf_qact.c (C)

--- Module:   C:\qp_lab\qpc\src\qf\qf_qeq.c (C)

--- Module:   C:\qp_lab\qpc\src\qf\qf_qmact.c (C)

--- Module:   C:\qp_lab\qpc\src\qf\qf_time.c (C)

/// Start of Pass 2 ///

--- Module:   C:\qp_lab\qpc\src\qf\qep_hsm.c (C)

--- Module:   C:\qp_lab\qpc\src\qf\qep_msm.c (C)

--- Module:   C:\qp_lab\qpc\src\qf\qf_act.c (C)

--- Module:   C:\qp_lab\qpc\src\qf\qf_actq.c (C)

--- Module:   C:\qp_lab\qpc\src\qf\qf_defer.c (C)

--- Module:   C:\qp_lab\qpc\src\qf\qf_dyn.c (C)

--- Module:   C:\qp_lab\qpc\src\qf\qf_mem.c (C)

--- Module:   C:\qp_lab\qpc\src\qf\qf_ps.c (C)

--- Module:   C:\qp_lab\qpc\src\qf\qf_qact.c (C)

--- Module:   C:\qp_lab\qpc\src\qf\qf_qeq.c (C)

--- Module:   C:\qp_lab\qpc\src\qf\qf_qmact.c (C)

--- Module:   C:\qp_lab\qpc\src\qf\qf_time.c (C)

--- Global Wrap-up

"C:\qp_lab\qpc\ports\lint\qv\qf_port.h" 212 1 Info 757: global declarator 'intEnable(void)' (line 212, file C:\qp_lab\qpc\ports\lint\qv\qf_port.h) not referenced
 Note 960: Violates MISRA 2004 Required Rule 8.9, undefined symbol: 'intEnable' 
"C:\qp_lab\qpc\include\qf.h" 61 1 Info 756: global typedef 'QEvtSize' (line 61, file C:\qp_lab\qpc\include\qf.h) not referenced
"C:\qp_lab\qpc\include\qs.h" 272 1 Info 757: global declarator 'QS_mem(const uint8_t *, uint8_t)' (line 272, file C:\qp_lab\qpc\include\qs.h) not referenced
 Note 960: Violates MISRA 2004 Required Rule 8.9, undefined symbol: 'QS_mem' 
"C:\qp_lab\qpc\ports\lint\stdint.h" 31 1 Info 756: global typedef 'uint64_t' (line 31, file C:\qp_lab\qpc\ports\lint\stdint.h) not referenced
"C:\qp_lab\qpc\ports\lint\stdint.h" 26 1 Info 756: global typedef 'int64_t' (line 26, file C:\qp_lab\qpc\ports\lint\stdint.h) not referenced
"C:\qp_lab\qpc\src\qf\qf_actq.c" 383 1 Info 759: header declaration for symbol 'QTicker_ctor(QTicker *, uint8_t)' defined at (line 383, file C:\qp_lab\qpc\src\qf\qf_actq.c) could be moved from header to module
"C:\qp_lab\qpc\src\qf\qf_actq.c" 383 1 Info 765: external 'QTicker_ctor(QTicker *, uint8_t)' (line 383, file C:\qp_lab\qpc\src\qf\qf_actq.c) could be made static [MISRA 2004 Rule 8.10, required]
"C:\qp_lab\qpc\src\qf\qf_actq.c" 383 1 Info 714: Symbol 'QTicker_ctor(QTicker *, uint8_t)' (line 383, file C:\qp_lab\qpc\src\qf\qf_actq.c) not referenced
"C:\qp_lab\qpc\src\qf\qf_qmact.c" 67 1 Info 759: header declaration for symbol 'QMActive_ctor(QMActive *, QStateHandler)' defined at (line 67, file C:\qp_lab\qpc\src\qf\qf_qmact.c) could be moved from header to module
"C:\qp_lab\qpc\src\qf\qf_qmact.c" 67 1 Info 765: external 'QMActive_ctor(QMActive *, QStateHandler)' (line 67, file C:\qp_lab\qpc\src\qf\qf_qmact.c) could be made static [MISRA 2004 Rule 8.10, required]
"C:\qp_lab\qpc\src\qf\qf_qmact.c" 67 1 Info 714: Symbol 'QMActive_ctor(QMActive *, QStateHandler)' (line 67, file C:\qp_lab\qpc\src\qf\qf_qmact.c) not referenced
"C:\qp_lab\qpc\include\qs.h" 287 1 Info 757: global declarator 'QS_obj_dict(const void *, const char_t *)' (line 287, file C:\qp_lab\qpc\include\qs.h) not referenced
 Note 960: Violates MISRA 2004 Required Rule 8.9, undefined symbol: 'QS_obj_dict' 
"C:\qp_lab\qpc\include\qs.h" 338 1 Info 757: global declarator 'QS_onCleanup(void)' (line 338, file C:\qp_lab\qpc\include\qs.h) not referenced
 Note 960: Violates MISRA 2004 Required Rule 8.9, undefined symbol: 'QS_onCleanup' 
"C:\qp_lab\qpc\include\qs.h" 1153 1 Info 757: global declarator 'QS_onCommand(uint8_t, uint32_t, uint32_t, uint32_t)' (line 1153, file C:\qp_lab\qpc\include\qs.h) not referenced
 Note 960: Violates MISRA 2004 Required Rule 8.9, undefined symbol: 'QS_onCommand' 
"C:\qp_lab\qpc\include\qs.h" 348 1 Info 757: global declarator 'QS_onFlush(void)' (line 348, file C:\qp_lab\qpc\include\qs.h) not referenced
 Note 960: Violates MISRA 2004 Required Rule 8.9, undefined symbol: 'QS_onFlush' 
"C:\qp_lab\qpc\include\qs.h" 368 1 Warning 526: Symbol 'QS_onGetTime(void)' (line 368, file C:\qp_lab\qpc\include\qs.h, module C:\qp_lab\qpc\src\qf\qep_hsm.c) not defined
 Note 960: Violates MISRA 2004 Required Rule 8.9, undefined symbol: 'QS_onGetTime' 
"C:\qp_lab\qpc\include\qs.h" 1150 1 Info 757: global declarator 'QS_onReset(void)' (line 1150, file C:\qp_lab\qpc\include\qs.h) not referenced
 Note 960: Violates MISRA 2004 Required Rule 8.9, undefined symbol: 'QS_onReset' 
"C:\qp_lab\qpc\include\qs.h" 328 1 Info 757: global declarator 'QS_onStartup(const void *)' (line 328, file C:\qp_lab\qpc\include\qs.h) not referenced
 Note 960: Violates MISRA 2004 Required Rule 8.9, undefined symbol: 'QS_onStartup' 
"C:\qp_lab\qpc\include\qs.h" 1164 1 Info 757: global declarator 'QS_onTestLoop(void)' (line 1164, file C:\qp_lab\qpc\include\qs.h) not referenced
 Note 960: Violates MISRA 2004 Required Rule 8.9, undefined symbol: 'QS_onTestLoop' 
"C:\qp_lab\qpc\include\qs.h" 1167 1 Info 757: global declarator 'QS_onTestEvt(QEvt *)' (line 1167, file C:\qp_lab\qpc\include\qs.h) not referenced
 Note 960: Violates MISRA 2004 Required Rule 8.9, undefined symbol: 'QS_onTestEvt' 
"C:\qp_lab\qpc\include\qs.h" 1158 1 Info 757: global declarator 'QS_onTestSetup(void)' (line 1158, file C:\qp_lab\qpc\include\qs.h) not referenced
 Note 960: Violates MISRA 2004 Required Rule 8.9, undefined symbol: 'QS_onTestSetup' 
"C:\qp_lab\qpc\include\qs.h" 1161 1 Info 757: global declarator 'QS_onTestTeardown(void)' (line 1161, file C:\qp_lab\qpc\include\qs.h) not referenced
 Note 960: Violates MISRA 2004 Required Rule 8.9, undefined symbol: 'QS_onTestTeardown' 
"C:\qp_lab\qpc\ports\lint\qv\qf_port.h" 272 1 Warning 526: Symbol 'critEntry(void)' (line 272, file C:\qp_lab\qpc\ports\lint\qv\qf_port.h, module C:\qp_lab\qpc\src\qf\qep_hsm.c) not defined
 Note 960: Violates MISRA 2004 Required Rule 8.9, undefined symbol: 'critEntry' 
"C:\qp_lab\qpc\ports\lint\qv\qf_port.h" 273 1 Warning 526: Symbol 'critExit(crit_stat_t)' (line 273, file C:\qp_lab\qpc\ports\lint\qv\qf_port.h, module C:\qp_lab\qpc\src\qf\qep_hsm.c) not defined
 Note 960: Violates MISRA 2004 Required Rule 8.9, undefined symbol: 'critExit' 
"C:\qp_lab\qpc\ports\lint\stdint.h" 23 1 Info 756: global typedef 'int8_t' (line 23, file C:\qp_lab\qpc\ports\lint\stdint.h) not referenced
"C:\qp_lab\qpc\src\qf\qf_dyn.c" 55 1 Info 729: Symbol 'QF_maxPool_' (line 55, file C:\qp_lab\qpc\src\qf\qf_dyn.c) not explicitly initialized
"C:\qp_lab\qpc\src\qf\qf_ps.c" 55 1 Info 759: header declaration for symbol 'QF_maxPubSignal_' defined at (line 55, file C:\qp_lab\qpc\src\qf\qf_ps.c) could be moved from header to module
"C:\qp_lab\qpc\src\qf\qf_ps.c" 55 1 Info 765: external 'QF_maxPubSignal_' (line 55, file C:\qp_lab\qpc\src\qf\qf_ps.c) could be made static [MISRA 2004 Rule 8.10, required]
"C:\qp_lab\qpc\include\qs.h" 1081 1 Warning 526: Symbol 'QS_priv_' (line 1081, file C:\qp_lab\qpc\include\qs.h, module C:\qp_lab\qpc\src\qf\qep_hsm.c) not defined
"C:\qp_lab\qpc\src\qf\qf_time.c" 197 1 Info 759: header declaration for symbol 'QF_noTimeEvtsActiveX(uint_fast8_t)' defined at (line 197, file C:\qp_lab\qpc\src\qf\qf_time.c) could be moved from header to module
"C:\qp_lab\qpc\src\qf\qf_time.c" 197 1 Info 765: external 'QF_noTimeEvtsActiveX(uint_fast8_t)' (line 197, file C:\qp_lab\qpc\src\qf\qf_time.c) could be made static [MISRA 2004 Rule 8.10, required]
"C:\qp_lab\qpc\src\qf\qf_time.c" 197 1 Info 714: Symbol 'QF_noTimeEvtsActiveX(uint_fast8_t)' (line 197, file C:\qp_lab\qpc\src\qf\qf_time.c) not referenced
"C:\qp_lab\qpc\src\qf\qf_dyn.c" 152 1 Info 759: header declaration for symbol 'QF_newX_(uint_fast16_t, uint_fast16_t, enum_t)' defined at (line 152, file C:\qp_lab\qpc\src\qf\qf_dyn.c) could be moved from header to module
"C:\qp_lab\qpc\src\qf\qf_dyn.c" 152 1 Info 765: external 'QF_newX_(uint_fast16_t, uint_fast16_t, enum_t)' (line 152, file C:\qp_lab\qpc\src\qf\qf_dyn.c) could be made static [MISRA 2004 Rule 8.10, required]
"C:\qp_lab\qpc\src\qf\qf_dyn.c" 152 1 Info 714: Symbol 'QF_newX_(uint_fast16_t, uint_fast16_t, enum_t)' (line 152, file C:\qp_lab\qpc\src\qf\qf_dyn.c) not referenced
"C:\qp_lab\qpc\src\qf\qf_dyn.c" 270 1 Info 759: header declaration for symbol 'QF_newRef_(const QEvt *, const QEvt *)' defined at (line 270, file C:\qp_lab\qpc\src\qf\qf_dyn.c) could be moved from header to module
"C:\qp_lab\qpc\src\qf\qf_dyn.c" 270 1 Info 765: external 'QF_newRef_(const QEvt *, const QEvt *)' (line 270, file C:\qp_lab\qpc\src\qf\qf_dyn.c) could be made static [MISRA 2004 Rule 8.10, required]
"C:\qp_lab\qpc\src\qf\qf_dyn.c" 270 1 Info 714: Symbol 'QF_newRef_(const QEvt *, const QEvt *)' (line 270, file C:\qp_lab\qpc\src\qf\qf_dyn.c) not referenced
"C:\qp_lab\qpc\include\qf.h" 547 1 Info 757: global declarator 'QF_onStartup(void)' (line 547, file C:\qp_lab\qpc\include\qf.h) not referenced
 Note 960: Violates MISRA 2004 Required Rule 8.9, undefined symbol: 'QF_onStartup' 
"C:\qp_lab\qpc\include\qf.h" 563 1 Info 757: global declarator 'QF_onCleanup(void)' (line 563, file C:\qp_lab\qpc\include\qf.h) not referenced
 Note 960: Violates MISRA 2004 Required Rule 8.9, undefined symbol: 'QF_onCleanup' 
"C:\qp_lab\qpc\include\qv.h" 77 1 Info 757: global declarator 'QV_onIdle(void)' (line 77, file C:\qp_lab\qpc\include\qv.h) not referenced
 Note 960: Violates MISRA 2004 Required Rule 8.9, undefined symbol: 'QV_onIdle' 
"C:\qp_lab\qpc\include\qs.h" 232 1 Warning 526: Symbol 'QS_beginRec(uint_fast8_t)' (line 232, file C:\qp_lab\qpc\include\qs.h, module C:\qp_lab\qpc\src\qf\qep_hsm.c) not defined
 Note 960: Violates MISRA 2004 Required Rule 8.9, undefined symbol: 'QS_beginRec' 
"C:\qp_lab\qpc\include\qs.h" 1147 1 Info 757: global declarator 'QS_rxGetNfree(void)' (line 1147, file C:\qp_lab\qpc\include\qs.h) not referenced
 Note 960: Violates MISRA 2004 Required Rule 8.9, undefined symbol: 'QS_rxGetNfree' 
"C:\qp_lab\qpc\include\qs.h" 1113 1 Info 757: global declarator 'QS_rxInitBuf(uint8_t *, uint16_t)' (line 1113, file C:\qp_lab\qpc\include\qs.h) not referenced
 Note 960: Violates MISRA 2004 Required Rule 8.9, undefined symbol: 'QS_rxInitBuf' 
"C:\qp_lab\qpc\include\qs.h" 1116 1 Info 757: global declarator 'QS_rxParse(void)' (line 1116, file C:\qp_lab\qpc\include\qs.h) not referenced
 Note 960: Violates MISRA 2004 Required Rule 8.9, undefined symbol: 'QS_rxParse' 
"C:\qp_lab\qpc\include\qs.h" 1128 1 Info 757: global declarator 'QS_rxPriv_' (line 1128, file C:\qp_lab\qpc\include\qs.h) not referenced
 Note 960: Violates MISRA 2004 Required Rule 8.9, undefined symbol: 'QS_rxPriv_' 
"C:\qp_lab\qpc\src\qf\qf_dyn.c" 291 1 Info 759: header declaration for symbol 'QF_poolGetMaxBlockSize(void)' defined at (line 291, file C:\qp_lab\qpc\src\qf\qf_dyn.c) could be moved from header to module
"C:\qp_lab\qpc\src\qf\qf_dyn.c" 291 1 Info 765: external 'QF_poolGetMaxBlockSize(void)' (line 291, file C:\qp_lab\qpc\src\qf\qf_dyn.c) could be made static [MISRA 2004 Rule 8.10, required]
"C:\qp_lab\qpc\src\qf\qf_dyn.c" 291 1 Info 714: Symbol 'QF_poolGetMaxBlockSize(void)' (line 291, file C:\qp_lab\qpc\src\qf\qf_dyn.c) not referenced
"C:\qp_lab\qpc\src\qf\qf_dyn.c" 112 1 Info 759: header declaration for symbol 'QF_poolInit(void *, uint_fast32_t, uint_fast16_t)' defined at (line 112, file C:\qp_lab\qpc\src\qf\qf_dyn.c) could be moved from header to module
"C:\qp_lab\qpc\src\qf\qf_dyn.c" 112 1 Info 765: external 'QF_poolInit(void *, uint_fast32_t, uint_fast16_t)' (line 112, file C:\qp_lab\qpc\src\qf\qf_dyn.c) could be made static [MISRA 2004 Rule 8.10, required]
"C:\qp_lab\qpc\src\qf\qf_dyn.c" 112 1 Info 714: Symbol 'QF_poolInit(void *, uint_fast32_t, uint_fast16_t)' (line 112, file C:\qp_lab\qpc\src\qf\qf_dyn.c) not referenced
"C:\qp_lab\qpc\src\qf\qf_ps.c" 85 1 Info 759: header declaration for symbol 'QF_psInit(QSubscrList *, enum_t)' defined at (line 85, file C:\qp_lab\qpc\src\qf\qf_ps.c) could be moved from header to module
"C:\qp_lab\qpc\src\qf\qf_ps.c" 85 1 Info 765: external 'QF_psInit(QSubscrList *, enum_t)' (line 85, file C:\qp_lab\qpc\src\qf\qf_ps.c) could be made static [MISRA 2004 Rule 8.10, required]
"C:\qp_lab\qpc\src\qf\qf_ps.c" 85 1 Info 714: Symbol 'QF_psInit(QSubscrList *, enum_t)' (line 85, file C:\qp_lab\qpc\src\qf\qf_ps.c) not referenced
"C:\qp_lab\qpc\src\qf\qf_ps.c" 121 1 Info 759: header declaration for symbol 'QF_publish_(const QEvt *, const void *)' defined at (line 121, file C:\qp_lab\qpc\src\qf\qf_ps.c) could be moved from header to module
"C:\qp_lab\qpc\src\qf\qf_ps.c" 121 1 Info 765: external 'QF_publish_(const QEvt *, const void *)' (line 121, file C:\qp_lab\qpc\src\qf\qf_ps.c) could be made static [MISRA 2004 Rule 8.10, required]
"C:\qp_lab\qpc\src\qf\qf_ps.c" 121 1 Info 714: Symbol 'QF_publish_(const QEvt *, const void *)' (line 121, file C:\qp_lab\qpc\src\qf\qf_ps.c) not referenced
"C:\qp_lab\qpc\src\qf\qep_hsm.c" 52 1 Info 759: header declaration for symbol 'QP_versionStr' defined at (line 52, file C:\qp_lab\qpc\src\qf\qep_hsm.c) could be moved from header to module
"C:\qp_lab\qpc\src\qf\qep_hsm.c" 52 1 Info 765: external 'QP_versionStr' (line 52, file C:\qp_lab\qpc\src\qf\qep_hsm.c) could be made static [MISRA 2004 Rule 8.10, required]
"C:\qp_lab\qpc\src\qf\qep_hsm.c" 52 1 Info 714: Symbol 'QP_versionStr' (line 52, file C:\qp_lab\qpc\src\qf\qep_hsm.c) not referenced
"C:\qp_lab\qpc\include\qs.h" 250 1 Info 757: global declarator 'QS_str_(const char_t *)' (line 250, file C:\qp_lab\qpc\include\qs.h) not referenced
 Note 960: Violates MISRA 2004 Required Rule 8.9, undefined symbol: 'QS_str_' 
"C:\qp_lab\qpc\include\qs.h" 269 1 Info 757: global declarator 'QS_str(const char_t *)' (line 269, file C:\qp_lab\qpc\include\qs.h) not referenced
 Note 960: Violates MISRA 2004 Required Rule 8.9, undefined symbol: 'QS_str' 
"C:\qp_lab\qpc\include\qs.h" 283 1 Info 757: global declarator 'QS_sig_dict(enum_t, const void *, const char_t *)' (line 283, file C:\qp_lab\qpc\include\qs.h) not referenced
 Note 960: Violates MISRA 2004 Required Rule 8.9, undefined symbol: 'QS_sig_dict' 
"C:\qp_lab\qpc\src\qf\qf_act.c" 69 1 Info 759: header declaration for symbol 'QF_add_(struct QActive *)' defined at (line 69, file C:\qp_lab\qpc\src\qf\qf_act.c) could be moved from header to module
"C:\qp_lab\qpc\src\qf\qf_act.c" 69 1 Info 765: external 'QF_add_(struct QActive *)' (line 69, file C:\qp_lab\qpc\src\qf\qf_act.c) could be made static [MISRA 2004 Rule 8.10, required]
"C:\qp_lab\qpc\src\qf\qf_act.c" 69 1 Info 714: Symbol 'QF_add_(struct QActive *)' (line 69, file C:\qp_lab\qpc\src\qf\qf_act.c) not referenced
"C:\qp_lab\qpc\include\qv.h" 107 1 Warning 526: Symbol 'QV_readySet_' (line 107, file C:\qp_lab\qpc\include\qv.h, module C:\qp_lab\qpc\src\qf\qep_hsm.c) not defined
 Note 960: Violates MISRA 2004 Required Rule 8.9, undefined symbol: 'QV_readySet_' 
"C:\qp_lab\qpc\src\qf\qf_act.c" 109 1 Info 759: header declaration for symbol 'QF_remove_(struct QActive *)' defined at (line 109, file C:\qp_lab\qpc\src\qf\qf_act.c) could be moved from header to module
"C:\qp_lab\qpc\src\qf\qf_act.c" 109 1 Info 765: external 'QF_remove_(struct QActive *)' (line 109, file C:\qp_lab\qpc\src\qf\qf_act.c) could be made static [MISRA 2004 Rule 8.10, required]
"C:\qp_lab\qpc\src\qf\qf_act.c" 109 1 Info 714: Symbol 'QF_remove_(struct QActive *)' (line 109, file C:\qp_lab\qpc\src\qf\qf_act.c) not referenced
"C:\qp_lab\qpc\include\qf.h" 534 1 Info 757: global declarator 'QF_run(void)' (line 534, file C:\qp_lab\qpc\include\qf.h) not referenced
 Note 960: Violates MISRA 2004 Required Rule 8.9, undefined symbol: 'QF_run' 
"C:\qp_lab\qpc\include\qs.h" 235 1 Warning 526: Symbol 'QS_endRec(void)' (line 235, file C:\qp_lab\qpc\include\qs.h, module C:\qp_lab\qpc\src\qf\qep_hsm.c) not defined
 Note 960: Violates MISRA 2004 Required Rule 8.9, undefined symbol: 'QS_endRec' 
"C:\qp_lab\qpc\include\qs.h" 257 1 Info 757: global declarator 'QS_u16(uint8_t, uint16_t)' (line 257, file C:\qp_lab\qpc\include\qs.h) not referenced
 Note 960: Violates MISRA 2004 Required Rule 8.9, undefined symbol: 'QS_u16' 
"C:\qp_lab\qpc\include\qs.h" 244 1 Warning 526: Symbol 'QS_u16_(uint16_t)' (line 244, file C:\qp_lab\qpc\include\qs.h, module C:\qp_lab\qpc\src\qf\qep_hsm.c) not defined
 Note 960: Violates MISRA 2004 Required Rule 8.9, undefined symbol: 'QS_u16_' 
"C:\qp_lab\qpc\include\qs.h" 260 1 Info 757: global declarator 'QS_u32(uint8_t, uint32_t)' (line 260, file C:\qp_lab\qpc\include\qs.h) not referenced
 Note 960: Violates MISRA 2004 Required Rule 8.9, undefined symbol: 'QS_u32' 
"C:\qp_lab\qpc\include\qs.h" 247 1 Warning 526: Symbol 'QS_u32_(uint32_t)' (line 247, file C:\qp_lab\qpc\include\qs.h, module C:\qp_lab\qpc\src\qf\qep_hsm.c) not defined
 Note 960: Violates MISRA 2004 Required Rule 8.9, undefined symbol: 'QS_u32_' 
"C:\qp_lab\qpc\include\qs.h" 254 1 Info 757: global declarator 'QS_u8(uint8_t, uint8_t)' (line 254, file C:\qp_lab\qpc\include\qs.h) not referenced
 Note 960: Violates MISRA 2004 Required Rule 8.9, undefined symbol: 'QS_u8' 
"C:\qp_lab\qpc\include\qs.h" 238 1 Warning 526: Symbol 'QS_u8_(uint8_t)' (line 238, file C:\qp_lab\qpc\include\qs.h, module C:\qp_lab\qpc\src\qf\qep_hsm.c) not defined
 Note 960: Violates MISRA 2004 Required Rule 8.9, undefined symbol: 'QS_u8_' 
"C:\qp_lab\qpc\include\qs.h" 241 1 Warning 526: Symbol 'QS_u8u8_(uint8_t, uint8_t)' (line 241, file C:\qp_lab\qpc\include\qs.h, module C:\qp_lab\qpc\src\qf\qep_hsm.c) not defined
 Note 960: Violates MISRA 2004 Required Rule 8.9, undefined symbol: 'QS_u8u8_' 
"C:\qp_lab\qpc\include\qs.h" 295 1 Info 757: global declarator 'QS_usr_dict(enum_t, const char_t *)' (line 295, file C:\qp_lab\qpc\include\qs.h) not referenced
 Note 960: Violates MISRA 2004 Required Rule 8.9, undefined symbol: 'QS_usr_dict' 
"C:\qp_lab\qpc\src\qf\qf_defer.c" 77 1 Info 759: header declaration for symbol 'QActive_defer(const struct QActive *, struct QEQueue *, const QEvt *)' defined at (line 77, file C:\qp_lab\qpc\src\qf\qf_defer.c) could be moved from header to module
"C:\qp_lab\qpc\src\qf\qf_defer.c" 77 1 Info 765: external 'QActive_defer(const struct QActive *, struct QEQueue *, const QEvt *)' (line 77, file C:\qp_lab\qpc\src\qf\qf_defer.c) could be made static [MISRA 2004 Rule 8.10, required]
"C:\qp_lab\qpc\src\qf\qf_defer.c" 77 1 Info 714: Symbol 'QActive_defer(const struct QActive *, struct QEQueue *, const QEvt *)' (line 77, file C:\qp_lab\qpc\src\qf\qf_defer.c) not referenced
"C:\qp_lab\qpc\src\qf\qf_defer.c" 160 1 Info 759: header declaration for symbol 'QActive_flushDeferred(const struct QActive *, struct QEQueue *)' defined at (line 160, file C:\qp_lab\qpc\src\qf\qf_defer.c) could be moved from header to module
"C:\qp_lab\qpc\src\qf\qf_defer.c" 160 1 Info 765: external 'QActive_flushDeferred(const struct QActive *, struct QEQueue *)' (line 160, file C:\qp_lab\qpc\src\qf\qf_defer.c) could be made static [MISRA 2004 Rule 8.10, required]
"C:\qp_lab\qpc\src\qf\qf_defer.c" 160 1 Info 714: Symbol 'QActive_flushDeferred(const struct QActive *, struct QEQueue *)' (line 160, file C:\qp_lab\qpc\src\qf\qf_defer.c) not referenced
"C:\qp_lab\qpc\src\qf\qf_actq.c" 275 1 Info 759: header declaration for symbol 'QActive_get_(struct QActive *)' defined at (line 275, file C:\qp_lab\qpc\src\qf\qf_actq.c) could be moved from header to module
"C:\qp_lab\qpc\src\qf\qf_actq.c" 275 1 Info 765: external 'QActive_get_(struct QActive *)' (line 275, file C:\qp_lab\qpc\src\qf\qf_actq.c) could be made static [MISRA 2004 Rule 8.10, required]
"C:\qp_lab\qpc\src\qf\qf_actq.c" 275 1 Info 714: Symbol 'QActive_get_(struct QActive *)' (line 275, file C:\qp_lab\qpc\src\qf\qf_actq.c) not referenced
"C:\qp_lab\qpc\src\qf\qf_defer.c" 107 1 Info 759: header declaration for symbol 'QActive_recall(struct QActive *, struct QEQueue *)' defined at (line 107, file C:\qp_lab\qpc\src\qf\qf_defer.c) could be moved from header to module
"C:\qp_lab\qpc\src\qf\qf_defer.c" 107 1 Info 765: external 'QActive_recall(struct QActive *, struct QEQueue *)' (line 107, file C:\qp_lab\qpc\src\qf\qf_defer.c) could be made static [MISRA 2004 Rule 8.10, required]
"C:\qp_lab\qpc\src\qf\qf_defer.c" 107 1 Info 714: Symbol 'QActive_recall(struct QActive *, struct QEQueue *)' (line 107, file C:\qp_lab\qpc\src\qf\qf_defer.c) not referenced
"C:\qp_lab\qpc\include\qf.h" 352 1 Info 757: global declarator 'QActive_setAttr(struct QActive *, uint32_t, const void *)' (line 352, file C:\qp_lab\qpc\include\qf.h) not referenced
 Note 960: Violates MISRA 2004 Required Rule 8.9, undefined symbol: 'QActive_setAttr' 
"C:\qp_lab\qpc\include\qf.h" 216 1 Warning 526: Symbol 'QActive_start_(struct QActive *, uint_fast8_t, const QEvt **, uint_fast16_t, void *, uint_fast16_t, const QEvt *)' (line 216, file C:\qp_lab\qpc\include\qf.h, module C:\qp_lab\qpc\src\qf\qep_hsm.c) not defined
 Note 960: Violates MISRA 2004 Required Rule 8.9, undefined symbol: 'QActive_start_' 
"C:\qp_lab\qpc\include\qf.h" 325 1 Info 757: global declarator 'QActive_stop(struct QActive *)' (line 325, file C:\qp_lab\qpc\include\qf.h) not referenced
 Note 960: Violates MISRA 2004 Required Rule 8.9, undefined symbol: 'QActive_stop' 
"C:\qp_lab\qpc\src\qf\qf_ps.c" 205 1 Info 759: header declaration for symbol 'QActive_subscribe(const struct QActive *, enum_t)' defined at (line 205, file C:\qp_lab\qpc\src\qf\qf_ps.c) could be moved from header to module
"C:\qp_lab\qpc\src\qf\qf_ps.c" 205 1 Info 765: external 'QActive_subscribe(const struct QActive *, enum_t)' (line 205, file C:\qp_lab\qpc\src\qf\qf_ps.c) could be made static [MISRA 2004 Rule 8.10, required]
"C:\qp_lab\qpc\src\qf\qf_ps.c" 205 1 Info 714: Symbol 'QActive_subscribe(const struct QActive *, enum_t)' (line 205, file C:\qp_lab\qpc\src\qf\qf_ps.c) not referenced
"C:\qp_lab\qpc\src\qf\qf_ps.c" 250 1 Info 759: header declaration for symbol 'QActive_unsubscribe(const struct QActive *, enum_t)' defined at (line 250, file C:\qp_lab\qpc\src\qf\qf_ps.c) could be moved from header to module
"C:\qp_lab\qpc\src\qf\qf_ps.c" 250 1 Info 765: external 'QActive_unsubscribe(const struct QActive *, enum_t)' (line 250, file C:\qp_lab\qpc\src\qf\qf_ps.c) could be made static [MISRA 2004 Rule 8.10, required]
"C:\qp_lab\qpc\src\qf\qf_ps.c" 250 1 Info 714: Symbol 'QActive_unsubscribe(const struct QActive *, enum_t)' (line 250, file C:\qp_lab\qpc\src\qf\qf_ps.c) not referenced
"C:\qp_lab\qpc\src\qf\qf_ps.c" 297 1 Info 759: header declaration for symbol 'QActive_unsubscribeAll(const struct QActive *)' defined at (line 297, file C:\qp_lab\qpc\src\qf\qf_ps.c) could be moved from header to module
"C:\qp_lab\qpc\src\qf\qf_ps.c" 297 1 Info 765: external 'QActive_unsubscribeAll(const struct QActive *)' (line 297, file C:\qp_lab\qpc\src\qf\qf_ps.c) could be made static [MISRA 2004 Rule 8.10, required]
"C:\qp_lab\qpc\src\qf\qf_ps.c" 297 1 Info 714: Symbol 'QActive_unsubscribeAll(const struct QActive *)' (line 297, file C:\qp_lab\qpc\src\qf\qf_ps.c) not referenced
"C:\qp_lab\qpc\include\qf.h" 538 1 Info 757: global declarator 'QF_stop(void)' (line 538, file C:\qp_lab\qpc\include\qf.h) not referenced
 Note 960: Violates MISRA 2004 Required Rule 8.9, undefined symbol: 'QF_stop' 
"C:\qp_lab\qpc\src\qf\qf_ps.c" 54 1 Info 759: header declaration for symbol 'QF_subscrList_' defined at (line 54, file C:\qp_lab\qpc\src\qf\qf_ps.c) could be moved from header to module
"C:\qp_lab\qpc\src\qf\qf_ps.c" 54 1 Info 765: external 'QF_subscrList_' (line 54, file C:\qp_lab\qpc\src\qf\qf_ps.c) could be made static [MISRA 2004 Rule 8.10, required]
"C:\qp_lab\qpc\src\qf\qep_hsm.c" 606 1 Info 759: header declaration for symbol 'QHsm_childState_(QHsm *, QStateHandler)' defined at (line 606, file C:\qp_lab\qpc\src\qf\qep_hsm.c) could be moved from header to module
"C:\qp_lab\qpc\src\qf\qep_hsm.c" 606 1 Info 765: external 'QHsm_childState_(QHsm *, QStateHandler)' (line 606, file C:\qp_lab\qpc\src\qf\qep_hsm.c) could be made static [MISRA 2004 Rule 8.10, required]
"C:\qp_lab\qpc\src\qf\qep_hsm.c" 606 1 Info 714: Symbol 'QHsm_childState_(QHsm *, QStateHandler)' (line 606, file C:\qp_lab\qpc\src\qf\qep_hsm.c) not referenced
"C:\qp_lab\qpc\src\qf\qep_hsm.c" 561 1 Info 759: header declaration for symbol 'QHsm_isIn(QHsm *, QStateHandler)' defined at (line 561, file C:\qp_lab\qpc\src\qf\qep_hsm.c) could be moved from header to module
"C:\qp_lab\qpc\src\qf\qep_hsm.c" 561 1 Info 765: external 'QHsm_isIn(QHsm *, QStateHandler)' (line 561, file C:\qp_lab\qpc\src\qf\qep_hsm.c) could be made static [MISRA 2004 Rule 8.10, required]
"C:\qp_lab\qpc\src\qf\qep_hsm.c" 561 1 Info 714: Symbol 'QHsm_isIn(QHsm *, QStateHandler)' (line 561, file C:\qp_lab\qpc\src\qf\qep_hsm.c) not referenced
"C:\qp_lab\qpc\src\qf\qep_hsm.c" 233 1 Info 759: header declaration for symbol 'QHsm_top(const void *, const QEvt *)' defined at (line 233, file C:\qp_lab\qpc\src\qf\qep_hsm.c) could be moved from header to module
"C:\qp_lab\qpc\src\qf\qep_hsm.c" 233 1 Info 765: external 'QHsm_top(const void *, const QEvt *)' (line 233, file C:\qp_lab\qpc\src\qf\qep_hsm.c) could be made static [MISRA 2004 Rule 8.10, required]
"C:\qp_lab\qpc\include\qs.h" 229 1 Info 757: global declarator 'QS_filterOff(uint_fast8_t)' (line 229, file C:\qp_lab\qpc\include\qs.h) not referenced
 Note 960: Violates MISRA 2004 Required Rule 8.9, undefined symbol: 'QS_filterOff' 
"C:\qp_lab\qpc\include\qs.h" 263 1 Info 757: global declarator 'QS_f32(uint8_t, float32_t)' (line 263, file C:\qp_lab\qpc\include\qs.h) not referenced
 Note 960: Violates MISRA 2004 Required Rule 8.9, undefined symbol: 'QS_f32' 
"C:\qp_lab\qpc\include\qs.h" 266 1 Info 757: global declarator 'QS_f64(uint8_t, float64_t)' (line 266, file C:\qp_lab\qpc\include\qs.h) not referenced
 Note 960: Violates MISRA 2004 Required Rule 8.9, undefined symbol: 'QS_f64' 
"C:\qp_lab\qpc\include\qs.h" 226 1 Info 757: global declarator 'QS_filterOn(uint_fast8_t)' (line 226, file C:\qp_lab\qpc\include\qs.h) not referenced
 Note 960: Violates MISRA 2004 Required Rule 8.9, undefined symbol: 'QS_filterOn' 
"C:\qp_lab\qpc\include\qs.h" 291 1 Info 757: global declarator 'QS_fun_dict(void (*)(void), const char_t *)' (line 291, file C:\qp_lab\qpc\include\qs.h) not referenced
 Note 960: Violates MISRA 2004 Required Rule 8.9, undefined symbol: 'QS_fun_dict' 
"C:\qp_lab\qpc\include\qs.h" 306 1 Info 757: global declarator 'QS_getBlock(uint16_t *)' (line 306, file C:\qp_lab\qpc\include\qs.h) not referenced
 Note 960: Violates MISRA 2004 Required Rule 8.9, undefined symbol: 'QS_getBlock' 
"C:\qp_lab\qpc\src\qf\qf_time.c" 53 1 Info 759: header declaration for symbol 'QF_timeEvtHead_' defined at (line 53, file C:\qp_lab\qpc\src\qf\qf_time.c) could be moved from header to module
"C:\qp_lab\qpc\src\qf\qf_time.c" 53 1 Info 765: external 'QF_timeEvtHead_' (line 53, file C:\qp_lab\qpc\src\qf\qf_time.c) could be made static [MISRA 2004 Rule 8.10, required]
"C:\qp_lab\qpc\include\qs.h" 300 1 Info 757: global declarator 'QS_getByte(void)' (line 300, file C:\qp_lab\qpc\include\qs.h) not referenced
 Note 960: Violates MISRA 2004 Required Rule 8.9, undefined symbol: 'QS_getByte' 
"C:\qp_lab\qpc\include\qs.h" 1170 1 Info 757: global declarator 'QS_getTestProbe_(void (*)(void))' (line 1170, file C:\qp_lab\qpc\include\qs.h) not referenced
 Note 960: Violates MISRA 2004 Required Rule 8.9, undefined symbol: 'QS_getTestProbe_' 
"C:\qp_lab\qpc\ports\lint\stdint.h" 36 1 Info 756: global typedef 'int_fast16_t' (line 36, file C:\qp_lab\qpc\ports\lint\stdint.h) not referenced
"C:\qp_lab\qpc\ports\lint\stdint.h" 38 1 Info 756: global typedef 'int_fast32_t' (line 38, file C:\qp_lab\qpc\ports\lint\stdint.h) not referenced
"C:\qp_lab\qpc\src\qf\qf_time.c" 292 1 Info 759: header declaration for symbol 'QTimeEvt_armX(struct QTimeEvt *, QTimeEvtCtr, QTimeEvtCtr)' defined at (line 292, file C:\qp_lab\qpc\src\qf\qf_time.c) could be moved from header to module
"C:\qp_lab\qpc\src\qf\qf_time.c" 292 1 Info 765: external 'QTimeEvt_armX(struct QTimeEvt *, QTimeEvtCtr, QTimeEvtCtr)' (line 292, file C:\qp_lab\qpc\src\qf\qf_time.c) could be made static [MISRA 2004 Rule 8.10, required]
"C:\qp_lab\qpc\src\qf\qf_time.c" 292 1 Info 714: Symbol 'QTimeEvt_armX(struct QTimeEvt *, QTimeEvtCtr, QTimeEvtCtr)' (line 292, file C:\qp_lab\qpc\src\qf\qf_time.c) not referenced
"C:\qp_lab\qpc\src\qf\qf_time.c" 232 1 Info 759: header declaration for symbol 'QTimeEvt_ctorX(struct QTimeEvt *, struct QActive *, enum_t, uint_fast8_t)' defined at (line 232, file C:\qp_lab\qpc\src\qf\qf_time.c) could be moved from header to module
"C:\qp_lab\qpc\src\qf\qf_time.c" 232 1 Info 765: external 'QTimeEvt_ctorX(struct QTimeEvt *, struct QActive *, enum_t, uint_fast8_t)' (line 232, file C:\qp_lab\qpc\src\qf\qf_time.c) could be made static [MISRA 2004 Rule 8.10, required]
"C:\qp_lab\qpc\src\qf\qf_time.c" 232 1 Info 714: Symbol 'QTimeEvt_ctorX(struct QTimeEvt *, struct QActive *, enum_t, uint_fast8_t)' (line 232, file C:\qp_lab\qpc\src\qf\qf_time.c) not referenced
"C:\qp_lab\qpc\src\qf\qf_time.c" 362 1 Info 759: header declaration for symbol 'QTimeEvt_disarm(struct QTimeEvt *)' defined at (line 362, file C:\qp_lab\qpc\src\qf\qf_time.c) could be moved from header to module
"C:\qp_lab\qpc\src\qf\qf_time.c" 362 1 Info 765: external 'QTimeEvt_disarm(struct QTimeEvt *)' (line 362, file C:\qp_lab\qpc\src\qf\qf_time.c) could be made static [MISRA 2004 Rule 8.10, required]
"C:\qp_lab\qpc\src\qf\qf_time.c" 362 1 Info 714: Symbol 'QTimeEvt_disarm(struct QTimeEvt *)' (line 362, file C:\qp_lab\qpc\src\qf\qf_time.c) not referenced
"C:\qp_lab\qpc\src\qf\qf_time.c" 496 1 Info 759: header declaration for symbol 'QTimeEvt_ctr(const struct QTimeEvt *)' defined at (line 496, file C:\qp_lab\qpc\src\qf\qf_time.c) could be moved from header to module
"C:\qp_lab\qpc\src\qf\qf_time.c" 496 1 Info 765: external 'QTimeEvt_ctr(const struct QTimeEvt *)' (line 496, file C:\qp_lab\qpc\src\qf\qf_time.c) could be made static [MISRA 2004 Rule 8.10, required]
"C:\qp_lab\qpc\src\qf\qf_time.c" 496 1 Info 714: Symbol 'QTimeEvt_ctr(const struct QTimeEvt *)' (line 496, file C:\qp_lab\qpc\src\qf\qf_time.c) not referenced
"C:\qp_lab\qpc\src\qf\qf_time.c" 421 1 Info 759: header declaration for symbol 'QTimeEvt_rearm(struct QTimeEvt *, QTimeEvtCtr)' defined at (line 421, file C:\qp_lab\qpc\src\qf\qf_time.c) could be moved from header to module
"C:\qp_lab\qpc\src\qf\qf_time.c" 421 1 Info 765: external 'QTimeEvt_rearm(struct QTimeEvt *, QTimeEvtCtr)' (line 421, file C:\qp_lab\qpc\src\qf\qf_time.c) could be made static [MISRA 2004 Rule 8.10, required]
"C:\qp_lab\qpc\src\qf\qf_time.c" 421 1 Info 714: Symbol 'QTimeEvt_rearm(struct QTimeEvt *, QTimeEvtCtr)' (line 421, file C:\qp_lab\qpc\src\qf\qf_time.c) not referenced
"C:\qp_lab\qpc\ports\lint\stdint.h" 24 1 Info 756: global typedef 'int16_t' (line 24, file C:\qp_lab\qpc\ports\lint\stdint.h) not referenced
"C:\qp_lab\qpc\src\qf\qf_qeq.c" 70 1 Info 759: header declaration for symbol 'QEQueue_init(struct QEQueue *, const QEvt **, uint_fast16_t)' defined at (line 70, file C:\qp_lab\qpc\src\qf\qf_qeq.c) could be moved from header to module
"C:\qp_lab\qpc\src\qf\qf_qeq.c" 70 1 Info 765: external 'QEQueue_init(struct QEQueue *, const QEvt **, uint_fast16_t)' (line 70, file C:\qp_lab\qpc\src\qf\qf_qeq.c) could be made static [MISRA 2004 Rule 8.10, required]
"C:\qp_lab\qpc\src\qf\qf_qeq.c" 70 1 Info 714: Symbol 'QEQueue_init(struct QEQueue *, const QEvt **, uint_fast16_t)' (line 70, file C:\qp_lab\qpc\src\qf\qf_qeq.c) not referenced
"C:\qp_lab\qpc\src\qf\qf_qeq.c" 218 1 Info 759: header declaration for symbol 'QEQueue_postLIFO(struct QEQueue *, const QEvt *)' defined at (line 218, file C:\qp_lab\qpc\src\qf\qf_qeq.c) could be moved from header to module
"C:\qp_lab\qpc\src\qf\qf_qeq.c" 218 1 Info 765: external 'QEQueue_postLIFO(struct QEQueue *, const QEvt *)' (line 218, file C:\qp_lab\qpc\src\qf\qf_qeq.c) could be made static [MISRA 2004 Rule 8.10, required]
"C:\qp_lab\qpc\src\qf\qf_qeq.c" 218 1 Info 714: Symbol 'QEQueue_postLIFO(struct QEQueue *, const QEvt *)' (line 218, file C:\qp_lab\qpc\src\qf\qf_qeq.c) not referenced
"C:\qp_lab\qpc\include\qs.h" 223 1 Info 757: global declarator 'QS_initBuf(uint8_t *, uint_fast16_t)' (line 223, file C:\qp_lab\qpc\include\qs.h) not referenced
 Note 960: Violates MISRA 2004 Required Rule 8.9, undefined symbol: 'QS_initBuf' 
"C:\qp_lab\qpc\src\qf\qf_mem.c" 289 1 Info 759: header declaration for symbol 'QF_getPoolMin(uint_fast8_t)' defined at (line 289, file C:\qp_lab\qpc\src\qf\qf_mem.c) could be moved from header to module
"C:\qp_lab\qpc\src\qf\qf_mem.c" 289 1 Info 765: external 'QF_getPoolMin(uint_fast8_t)' (line 289, file C:\qp_lab\qpc\src\qf\qf_mem.c) could be made static [MISRA 2004 Rule 8.10, required]
"C:\qp_lab\qpc\src\qf\qf_mem.c" 289 1 Info 714: Symbol 'QF_getPoolMin(uint_fast8_t)' (line 289, file C:\qp_lab\qpc\src\qf\qf_mem.c) not referenced
"C:\qp_lab\qpc\src\qf\qf_actq.c" 342 1 Info 759: header declaration for symbol 'QF_getQueueMin(uint_fast8_t)' defined at (line 342, file C:\qp_lab\qpc\src\qf\qf_actq.c) could be moved from header to module
"C:\qp_lab\qpc\src\qf\qf_actq.c" 342 1 Info 765: external 'QF_getQueueMin(uint_fast8_t)' (line 342, file C:\qp_lab\qpc\src\qf\qf_actq.c) could be made static [MISRA 2004 Rule 8.10, required]
"C:\qp_lab\qpc\src\qf\qf_actq.c" 342 1 Info 714: Symbol 'QF_getQueueMin(uint_fast8_t)' (line 342, file C:\qp_lab\qpc\src\qf\qf_actq.c) not referenced
"C:\qp_lab\qpc\include\qassert.h" 229 1 Warning 526: Symbol 'Q_onAssert(const char_t *, int_t)' (line 229, file C:\qp_lab\qpc\include\qassert.h, module C:\qp_lab\qpc\src\qf\qep_hsm.c) not defined
 Note 960: Violates MISRA 2004 Required Rule 8.9, undefined symbol: 'Q_onAssert' 
"C:\qp_lab\qpc\ports\lint\stdint.h" 25 1 Info 756: global typedef 'int32_t' (line 25, file C:\qp_lab\qpc\ports\lint\stdint.h) not referenced
"C:\qp_lab\qpc\src\qf\qep_msm.c" 558 1 Info 759: header declaration for symbol 'QMsm_childStateObj_(const QMsm *, const struct QMState *)' defined at (line 558, file C:\qp_lab\qpc\src\qf\qep_msm.c) could be moved from header to module
"C:\qp_lab\qpc\src\qf\qep_msm.c" 558 1 Info 765: external 'QMsm_childStateObj_(const QMsm *, const struct QMState *)' (line 558, file C:\qp_lab\qpc\src\qf\qep_msm.c) could be made static [MISRA 2004 Rule 8.10, required]
"C:\qp_lab\qpc\src\qf\qep_msm.c" 558 1 Info 714: Symbol 'QMsm_childStateObj_(const QMsm *, const struct QMState *)' (line 558, file C:\qp_lab\qpc\src\qf\qep_msm.c) not referenced
"C:\qp_lab\qpc\src\qf\qep_msm.c" 527 1 Info 759: header declaration for symbol 'QMsm_isInState(const QMsm *, const struct QMState *)' defined at (line 527, file C:\qp_lab\qpc\src\qf\qep_msm.c) could be moved from header to module
"C:\qp_lab\qpc\src\qf\qep_msm.c" 527 1 Info 765: external 'QMsm_isInState(const QMsm *, const struct QMState *)' (line 527, file C:\qp_lab\qpc\src\qf\qep_msm.c) could be made static [MISRA 2004 Rule 8.10, required]
"C:\qp_lab\qpc\src\qf\qep_msm.c" 527 1 Info 714: Symbol 'QMsm_isInState(const QMsm *, const struct QMState *)' (line 527, file C:\qp_lab\qpc\src\qf\qep_msm.c) not referenced
"C:\qp_lab\qpc\ports\lint\qv\qf_port.h" 211 1 Info 757: global declarator 'intDisable(void)' (line 211, file C:\qp_lab\qpc\ports\lint\qv\qf_port.h) not referenced
 Note 960: Violates MISRA 2004 Required Rule 8.9, undefined symbol: 'intDisable' 
"C:\qp_lab\qpc\include\qf.h" 521 1 Info 757: global declarator 'QF_init(void)' (line 521, file C:\qp_lab\qpc\include\qf.h) not referenced
 Note 960: Violates MISRA 2004 Required Rule 8.9, undefined symbol: 'QF_init' 
"C:\qp_lab\qpc\include\qep.h" 545 1 Info 755: global macro 'QM_SM_EXIT' (line 545, file C:\qp_lab\qpc\include\qep.h) not referenced
"C:\qp_lab\qpc\include\qep.h" 599 1 Info 755: global macro 'QM_SUPER' (line 599, file C:\qp_lab\qpc\include\qep.h) not referenced
"C:\qp_lab\qpc\include\qep.h" 605 1 Info 755: global macro 'QM_SUPER_SUB' (line 605, file C:\qp_lab\qpc\include\qep.h) not referenced
"C:\qp_lab\qpc\include\qs.h" 844 1 Info 755: global macro 'QS_MEM' (line 844, file C:\qp_lab\qpc\include\qs.h) not referenced
"C:\qp_lab\qpc\src\qf_pkg.h" 170 1 Info 755: global macro 'QS_MPS_' (line 170, file C:\qp_lab\qpc\src\qf_pkg.h) not referenced
"C:\qp_lab\qpc\include\qep.h" 552 1 Info 755: global macro 'QM_TRAN' (line 552, file C:\qp_lab\qpc\include\qep.h) not referenced
"C:\qp_lab\qpc\include\qep.h" 567 1 Info 755: global macro 'QM_TRAN_HIST' (line 567, file C:\qp_lab\qpc\include\qep.h) not referenced
"C:\qp_lab\qpc\include\qep.h" 574 1 Info 755: global macro 'QM_TRAN_EP' (line 574, file C:\qp_lab\qpc\include\qep.h) not referenced
"C:\qp_lab\qpc\include\qep.h" 559 1 Info 755: global macro 'QM_TRAN_INIT' (line 559, file C:\qp_lab\qpc\include\qep.h) not referenced
"C:\qp_lab\qpc\include\qep.h" 582 1 Info 755: global macro 'QM_TRAN_XP' (line 582, file C:\qp_lab\qpc\include\qep.h) not referenced
"C:\qp_lab\qpc\include\qep.h" 526 1 Info 755: global macro 'QM_ENTRY' (line 526, file C:\qp_lab\qpc\include\qep.h) not referenced
"C:\qp_lab\qpc\include\qep.h" 532 1 Info 755: global macro 'QM_EXIT' (line 532, file C:\qp_lab\qpc\include\qep.h) not referenced
"C:\qp_lab\qpc\include\qep.h" 594 1 Info 755: global macro 'QM_UNHANDLED' (line 594, file C:\qp_lab\qpc\include\qep.h) not referenced
"C:\qp_lab\qpc\include\qep.h" 57 1 Info 755: global macro 'QP_RELEASE' (line 57, file C:\qp_lab\qpc\include\qep.h) not referenced
"C:\qp_lab\qpc\include\qs.h" 852 1 Info 755: global macro 'QS_OBJ' (line 852, file C:\qp_lab\qpc\include\qs.h) not referenced
"C:\qp_lab\qpc\include\qs.h" 960 1 Info 755: global macro 'QS_OBJ_DICTIONARY' (line 960, file C:\qp_lab\qpc\include\qs.h) not referenced
"C:\qp_lab\qpc\include\qmpool.h" 166 1 Info 755: global macro 'QF_MPOOL_EL' (line 166, file C:\qp_lab\qpc\include\qmpool.h) not referenced
"C:\qp_lab\qpc\include\qs.h" 216 1 Info 755: global macro 'QS_PTR_AT_' (line 216, file C:\qp_lab\qpc\include\qs.h) not referenced
"C:\qp_lab\qpc\include\qassert.h" 262 1 Info 755: global macro 'Q_ENSURE' (line 262, file C:\qp_lab\qpc\include\qassert.h) not referenced
"C:\qp_lab\qpc\include\qf.h" 716 1 Info 755: global macro 'Q_NEW' (line 716, file C:\qp_lab\qpc\include\qf.h) not referenced
"C:\qp_lab\qpc\include\qf.h" 745 1 Info 755: global macro 'Q_NEW_X' (line 745, file C:\qp_lab\qpc\include\qf.h) not referenced
"C:\qp_lab\qpc\include\qf.h" 770 1 Info 755: global macro 'Q_NEW_REF' (line 770, file C:\qp_lab\qpc\include\qf.h) not referenced
"C:\qp_lab\qpc\include\qep.h" 486 1 Info 755: global macro 'Q_UNHANDLED' (line 486, file C:\qp_lab\qpc\include\qep.h) not referenced
"C:\qp_lab\qpc\include\qs.h" 1005 1 Info 755: global macro 'QS_ASSERTION' (line 1005, file C:\qp_lab\qpc\include\qs.h) not referenced
"C:\qp_lab\qpc\include\qassert.h" 118 1 Info 755: global macro 'Q_ASSERT' (line 118, file C:\qp_lab\qpc\include\qassert.h) not referenced
"C:\qp_lab\qpc\include\qassert.h" 307 1 Info 755: global macro 'Q_ASSERT_COMPILE' (line 307, file C:\qp_lab\qpc\include\qassert.h) not referenced
"C:\qp_lab\qpc\include\qep.h" 101 1 Info 755: global macro 'QEP_getVersion' (line 101, file C:\qp_lab\qpc\include\qep.h) not referenced
"C:\qp_lab\qpc\include\qep.h" 587 1 Info 755: global macro 'QM_HANDLED' (line 587, file C:\qp_lab\qpc\include\qep.h) not referenced
"C:\qp_lab\qpc\include\qs.h" 645 1 Info 755: global macro 'QS_BEGIN' (line 645, file C:\qp_lab\qpc\include\qs.h) not referenced
"C:\qp_lab\qpc\include\qs.h" 554 1 Info 755: global macro 'QS_BEGIN_NOCRIT' (line 554, file C:\qp_lab\qpc\include\qs.h) not referenced
"C:\qp_lab\qpc\include\qs.h" 1144 1 Info 755: global macro 'QS_RX_PUT' (line 1144, file C:\qp_lab\qpc\include\qs.h) not referenced
"C:\qp_lab\qpc\include\qf.h" 594 1 Info 755: global macro 'QF_PUBLISH' (line 594, file C:\qp_lab\qpc\include\qf.h) not referenced
"C:\qp_lab\qpc\include\qep.h" 48 1 Info 755: global macro 'QP_VERSION' (line 48, file C:\qp_lab\qpc\include\qep.h) not referenced
"C:\qp_lab\qpc\include\qs.h" 887 1 Info 755: global macro 'QS_SIG' (line 887, file C:\qp_lab\qpc\include\qs.h) not referenced
"C:\qp_lab\qpc\include\qs.h" 767 1 Info 755: global macro 'QS_STR_' (line 767, file C:\qp_lab\qpc\include\qs.h) not referenced
"C:\qp_lab\qpc\include\qs.h" 841 1 Info 755: global macro 'QS_STR' (line 841, file C:\qp_lab\qpc\include\qs.h) not referenced
"C:\qp_lab\qpc\include\qs.h" 941 1 Info 755: global macro 'QS_SIG_DICTIONARY' (line 941, file C:\qp_lab\qpc\include\qs.h) not referenced
"C:\qp_lab\qpc\include\qep.h" 457 1 Info 755: global macro 'Q_TRAN' (line 457, file C:\qp_lab\qpc\include\qep.h) not referenced
"C:\qp_lab\qpc\include\qep.h" 466 1 Info 755: global macro 'Q_TRAN_HIST' (line 466, file C:\qp_lab\qpc\include\qep.h) not referenced
"C:\qp_lab\qpc\include\qs.h" 1046 1 Info 755: global macro 'QF_QS_ACTION' (line 1046, file C:\qp_lab\qpc\include\qs.h) not referenced
"C:\qp_lab\qpc\include\qs.h" 1022 1 Info 755: global macro 'QF_QS_CRIT_ENTRY' (line 1022, file C:\qp_lab\qpc\include\qs.h) not referenced
"C:\qp_lab\qpc\include\qs.h" 1029 1 Info 755: global macro 'QF_QS_CRIT_EXIT' (line 1029, file C:\qp_lab\qpc\include\qs.h) not referenced
"C:\qp_lab\qpc\include\qs.h" 1036 1 Info 755: global macro 'QF_QS_ISR_ENTRY' (line 1036, file C:\qp_lab\qpc\include\qs.h) not referenced
"C:\qp_lab\qpc\include\qs.h" 1043 1 Info 755: global macro 'QF_QS_ISR_EXIT' (line 1043, file C:\qp_lab\qpc\include\qs.h) not referenced
"C:\qp_lab\qpc\include\qs.h" 1178 1 Info 755: global macro 'QS_TEST_PROBE' (line 1178, file C:\qp_lab\qpc\include\qs.h) not referenced
"C:\qp_lab\qpc\include\qs.h" 1189 1 Info 755: global macro 'QS_TEST_PAUSE' (line 1189, file C:\qp_lab\qpc\include\qs.h) not referenced
"C:\qp_lab\qpc\include\qs.h" 1174 1 Info 755: global macro 'QS_TEST_PROBE_DEF' (line 1174, file C:\qp_lab\qpc\include\qs.h) not referenced
"C:\qp_lab\qpc\include\qs.h" 1182 1 Info 755: global macro 'QS_TEST_PROBE_ID' (line 1182, file C:\qp_lab\qpc\include\qs.h) not referenced
"C:\qp_lab\qpc\include\qassert.h" 177 1 Info 755: global macro 'Q_ERROR' (line 177, file C:\qp_lab\qpc\include\qassert.h) not referenced
"C:\qp_lab\qpc\include\qassert.h" 283 1 Info 755: global macro 'Q_INVARIANT' (line 283, file C:\qp_lab\qpc\include\qassert.h) not referenced
"C:\qp_lab\qpc\include\qassert.h" 294 1 Info 755: global macro 'Q_INVARIANT_ID' (line 294, file C:\qp_lab\qpc\include\qassert.h) not referenced
"C:\qp_lab\qpc\include\qassert.h" 243 1 Info 755: global macro 'Q_REQUIRE' (line 243, file C:\qp_lab\qpc\include\qassert.h) not referenced
"C:\qp_lab\qpc\include\qs.h" 652 1 Info 755: global macro 'QS_END' (line 652, file C:\qp_lab\qpc\include\qs.h) not referenced
"C:\qp_lab\qpc\include\qs.h" 558 1 Info 755: global macro 'QS_END_NOCRIT' (line 558, file C:\qp_lab\qpc\include\qs.h) not referenced
"C:\qp_lab\qpc\include\qs.h" 303 1 Info 755: global macro 'QS_EOD' (line 303, file C:\qp_lab\qpc\include\qs.h) not referenced
"C:\qp_lab\qpc\include\qs.h" 389 1 Info 755: global macro 'QS_EXIT' (line 389, file C:\qp_lab\qpc\include\qs.h) not referenced
"C:\qp_lab\qpc\include\qs.h" 810 1 Info 755: global macro 'QS_U16' (line 810, file C:\qp_lab\qpc\include\qs.h) not referenced
"C:\qp_lab\qpc\include\qs.h" 711 1 Info 755: global macro 'QS_U16_' (line 711, file C:\qp_lab\qpc\include\qs.h) not referenced
"C:\qp_lab\qpc\include\qs.h" 818 1 Info 755: global macro 'QS_U32' (line 818, file C:\qp_lab\qpc\include\qs.h) not referenced
"C:\qp_lab\qpc\include\qs.h" 714 1 Info 755: global macro 'QS_U32_' (line 714, file C:\qp_lab\qpc\include\qs.h) not referenced
"C:\qp_lab\qpc\include\qs.h" 802 1 Info 755: global macro 'QS_U8' (line 802, file C:\qp_lab\qpc\include\qs.h) not referenced
"C:\qp_lab\qpc\include\qs.h" 834 1 Info 755: global macro 'QS_U64' (line 834, file C:\qp_lab\qpc\include\qs.h) not referenced
"C:\qp_lab\qpc\include\qs.h" 838 1 Info 755: global macro 'QS_U32_HEX' (line 838, file C:\qp_lab\qpc\include\qs.h) not referenced
"C:\qp_lab\qpc\include\qs.h" 989 1 Info 755: global macro 'QS_USR_DICTIONARY' (line 989, file C:\qp_lab\qpc\include\qs.h) not referenced
"C:\qp_lab\qpc\include\qep.h" 475 1 Info 755: global macro 'Q_SUPER' (line 475, file C:\qp_lab\qpc\include\qep.h) not referenced
"C:\qp_lab\qpc\include\qep.h" 326 1 Info 755: global macro 'QHSM_DISPATCH' (line 326, file C:\qp_lab\qpc\include\qep.h) not referenced
"C:\qp_lab\qpc\include\qf.h" 213 1 Info 755: global macro 'QACTIVE_START' (line 213, file C:\qp_lab\qpc\include\qf.h) not referenced
"C:\qp_lab\qpc\include\qf.h" 292 1 Info 755: global macro 'QACTIVE_POST_X' (line 292, file C:\qp_lab\qpc\include\qf.h) not referenced
"C:\qp_lab\qpc\include\qep.h" 311 1 Info 755: global macro 'QHSM_INIT' (line 311, file C:\qp_lab\qpc\include\qep.h) not referenced
"C:\qp_lab\qpc\include\qep.h" 347 1 Info 755: global macro 'QHsm_childState' (line 347, file C:\qp_lab\qpc\include\qep.h) not referenced
"C:\qp_lab\qpc\include\qep.h" 337 1 Info 755: global macro 'QHsm_state' (line 337, file C:\qp_lab\qpc\include\qep.h) not referenced
"C:\qp_lab\qpc\include\qpset.h" 104 1 Info 755: global macro 'QPSet_setEmpty' (line 104, file C:\qp_lab\qpc\include\qpset.h) not referenced
"C:\qp_lab\qpc\include\qpset.h" 111 1 Info 755: global macro 'QPSet_isEmpty' (line 111, file C:\qp_lab\qpc\include\qpset.h) not referenced
"C:\qp_lab\qpc\include\qep.h" 480 1 Info 755: global macro 'Q_HANDLED' (line 480, file C:\qp_lab\qpc\include\qep.h) not referenced
"C:\qp_lab\qpc\include\qs.h" 413 1 Info 755: global macro 'QS_FILTER_OFF' (line 413, file C:\qp_lab\qpc\include\qs.h) not referenced
"C:\qp_lab\qpc\include\qs.h" 822 1 Info 755: global macro 'QS_F32' (line 822, file C:\qp_lab\qpc\include\qs.h) not referenced
"C:\qp_lab\qpc\include\qs.h" 826 1 Info 755: global macro 'QS_F64' (line 826, file C:\qp_lab\qpc\include\qs.h) not referenced
"C:\qp_lab\qpc\include\qs.h" 462 1 Info 755: global macro 'QS_FILTER_AO_OBJ' (line 462, file C:\qp_lab\qpc\include\qs.h) not referenced
"C:\qp_lab\qpc\include\qs.h" 482 1 Info 755: global macro 'QS_FILTER_MP_OBJ' (line 482, file C:\qp_lab\qpc\include\qs.h) not referenced
"C:\qp_lab\qpc\include\qs.h" 502 1 Info 755: global macro 'QS_FILTER_EQ_OBJ' (line 502, file C:\qp_lab\qpc\include\qs.h) not referenced
"C:\qp_lab\qpc\include\qs.h" 540 1 Info 755: global macro 'QS_FILTER_AP_OBJ' (line 540, file C:\qp_lab\qpc\include\qs.h) not referenced
"C:\qp_lab\qpc\include\qs.h" 400 1 Info 755: global macro 'QS_FILTER_ON' (line 400, file C:\qp_lab\qpc\include\qs.h) not referenced
"C:\qp_lab\qpc\include\qs.h" 441 1 Info 755: global macro 'QS_FILTER_SM_OBJ' (line 441, file C:\qp_lab\qpc\include\qs.h) not referenced
"C:\qp_lab\qpc\include\qs.h" 523 1 Info 755: global macro 'QS_FILTER_TE_OBJ' (line 523, file C:\qp_lab\qpc\include\qs.h) not referenced
"C:\qp_lab\qpc\include\qs.h" 866 1 Info 755: global macro 'QS_FUN' (line 866, file C:\qp_lab\qpc\include\qs.h) not referenced
"C:\qp_lab\qpc\include\qs.h" 1015 1 Info 755: global macro 'QS_FLUSH' (line 1015, file C:\qp_lab\qpc\include\qs.h) not referenced
"C:\qp_lab\qpc\include\qs.h" 978 1 Info 755: global macro 'QS_FUN_DICTIONARY' (line 978, file C:\qp_lab\qpc\include\qs.h) not referenced
"C:\qp_lab\qpc\ports\lint\qv\qf_port.h" 269 1 Info 755: global macro 'QV_CPU_SLEEP' (line 269, file C:\qp_lab\qpc\ports\lint\qv\qf_port.h) not referenced
"C:\qp_lab\qpc\include\qassert.h" 86 1 Info 755: global macro 'Q_DEFINE_THIS_FILE' (line 86, file C:\qp_lab\qpc\include\qassert.h) not referenced
"C:\qp_lab\qpc\include\qf.h" 790 1 Info 755: global macro 'Q_DELETE_REF' (line 790, file C:\qp_lab\qpc\include\qf.h) not referenced
"C:\qp_lab\qpc\include\qf.h" 651 1 Info 755: global macro 'QF_TICK' (line 651, file C:\qp_lab\qpc\include\qf.h) not referenced
"C:\qp_lab\qpc\include\qs.h" 1049 1 Info 755: global macro 'QS_getVersion' (line 1049, file C:\qp_lab\qpc\include\qs.h) not referenced
"C:\qp_lab\qpc\include\qep.h" 190 1 Info 755: global macro 'Q_EVT_CAST' (line 190, file C:\qp_lab\qpc\include\qep.h) not referenced
"C:\qp_lab\qpc\include\qep.h" 180 1 Info 755: global macro 'Q_HSM_UPCAST' (line 180, file C:\qp_lab\qpc\include\qep.h) not referenced
"C:\qp_lab\qpc\include\qequeue.h" 200 1 Info 755: global macro 'QEQueue_getNFree' (line 200, file C:\qp_lab\qpc\include\qequeue.h) not referenced
"C:\qp_lab\qpc\include\qequeue.h" 214 1 Info 755: global macro 'QEQueue_getNMin' (line 214, file C:\qp_lab\qpc\include\qequeue.h) not referenced
"C:\qp_lab\qpc\include\qequeue.h" 230 1 Info 755: global macro 'QEQueue_isEmpty' (line 230, file C:\qp_lab\qpc\include\qequeue.h) not referenced
"C:\qp_lab\qpc\include\qs.h" 380 1 Info 755: global macro 'QS_INIT' (line 380, file C:\qp_lab\qpc\include\qs.h) not referenced
"C:\qp_lab\qpc\include\qs.h" 798 1 Info 755: global macro 'QS_I8' (line 798, file C:\qp_lab\qpc\include\qs.h) not referenced
"C:\qp_lab\qpc\include\qs.h" 806 1 Info 755: global macro 'QS_I16' (line 806, file C:\qp_lab\qpc\include\qs.h) not referenced
"C:\qp_lab\qpc\include\qs.h" 814 1 Info 755: global macro 'QS_I32' (line 814, file C:\qp_lab\qpc\include\qs.h) not referenced
"C:\qp_lab\qpc\include\qs.h" 830 1 Info 755: global macro 'QS_I64' (line 830, file C:\qp_lab\qpc\include\qs.h) not referenced
"C:\qp_lab\qpc\include\qv.h" 81 1 Info 755: global macro 'QV_getVersion' (line 81, file C:\qp_lab\qpc\include\qv.h) not referenced
"C:\qp_lab\qpc\include\qf.h" 838 1 Info 755: global macro 'QF_getVersion' (line 838, file C:\qp_lab\qpc\include\qf.h) not referenced
"C:\qp_lab\qpc\include\qassert.h" 152 1 Info 755: global macro 'Q_ALLEGE' (line 152, file C:\qp_lab\qpc\include\qassert.h) not referenced
"C:\qp_lab\qpc\include\qassert.h" 167 1 Info 755: global macro 'Q_ALLEGE_ID' (line 167, file C:\qp_lab\qpc\include\qassert.h) not referenced
"C:\qp_lab\qpc\include\qep.h" 431 1 Info 755: global macro 'QMsm_stateObj' (line 431, file C:\qp_lab\qpc\include\qep.h) not referenced
"C:\qp_lab\qpc\include\qep.h" 441 1 Info 755: global macro 'QMsm_childStateObj' (line 441, file C:\qp_lab\qpc\include\qep.h) not referenced
"C:\qp_lab\qpc\include\qep.h" 204 1 Info 755: global macro 'Q_UINT2PTR_CAST' (line 204, file C:\qp_lab\qpc\include\qep.h) not referenced
"C:\qp_lab\qpc\ports\lint\stdbool.h" 22 1 Info 755: global macro '__bool_true_false_are_defined' (line 22, file C:\qp_lab\qpc\ports\lint\stdbool.h) not referenced
"C:\qp_lab\qpc\ports\lint\qv\qf_port.h" 198 1 Info 755: global macro 'QF_INT_DISABLE' (line 198, file C:\qp_lab\qpc\ports\lint\qv\qf_port.h) not referenced
"C:\qp_lab\qpc\ports\lint\qv\qf_port.h" 209 1 Info 755: global macro 'QF_INT_ENABLE' (line 209, file C:\qp_lab\qpc\ports\lint\qv\qf_port.h) not referenced
"C:\qp_lab\qpc\include\qs.h" 153 1 Info 758: global enum 'QSpyRecordGroups' (line 153, file C:\qp_lab\qpc\include\qs.h) not referenced
"C:\qp_lab\qpc\include\qs.h" 171 1 Info 758: global enum 'QSpyUserRecords' (line 171, file C:\qp_lab\qpc\include\qs.h) not referenced
"C:\qp_lab\qpc\include\qs.h" 777 1 Info 758: global enum '(untagged)' (line 777, file C:\qp_lab\qpc\include\qs.h) not referenced
"C:\qp_lab\qpc\include\qs.h" 1092 1 Info 758: global enum 'QSpyRxRecords' (line 1092, file C:\qp_lab\qpc\include\qs.h) not referenced
"C:\qp_lab\qpc\include\qep.h" 290 1 Info 768: global struct member 'QHsmVtbl::init' (line 290, file C:\qp_lab\qpc\include\qep.h) not referenced
"C:\qp_lab\qpc\include\qep.h" 293 1 Info 768: global struct member 'QHsmVtbl::dispatch' (line 293, file C:\qp_lab\qpc\include\qep.h) not referenced
"C:\qp_lab\qpc\include\qequeue.h" 130 1 Info 768: global struct member 'QEQueue' (line 130, file C:\qp_lab\qpc\include\qequeue.h) not referenced
"C:\qp_lab\qpc\include\qf.h" 174 1 Info 768: global struct member 'QActiveVtbl::start' (line 174, file C:\qp_lab\qpc\include\qf.h) not referenced
"C:\qp_lab\qpc\include\qs.h" 67 1 Info 769: global enumeration constant 'QSpyRecords::QS_EMPTY' (line 67, file C:\qp_lab\qpc\include\qs.h) not referenced
"C:\qp_lab\qpc\include\qs.h" 98 1 Info 769: global enumeration constant 'QSpyRecords::QS_QF_RESERVED8' (line 98, file C:\qp_lab\qpc\include\qs.h) not referenced
"C:\qp_lab\qpc\include\qs.h" 110 1 Info 769: global enumeration constant 'QSpyRecords::QS_QF_CRIT_ENTRY' (line 110, file C:\qp_lab\qpc\include\qs.h) not referenced
"C:\qp_lab\qpc\include\qs.h" 111 1 Info 769: global enumeration constant 'QSpyRecords::QS_QF_CRIT_EXIT' (line 111, file C:\qp_lab\qpc\include\qs.h) not referenced
"C:\qp_lab\qpc\include\qs.h" 112 1 Info 769: global enumeration constant 'QSpyRecords::QS_QF_ISR_ENTRY' (line 112, file C:\qp_lab\qpc\include\qs.h) not referenced
"C:\qp_lab\qpc\include\qs.h" 113 1 Info 769: global enumeration constant 'QSpyRecords::QS_QF_ISR_EXIT' (line 113, file C:\qp_lab\qpc\include\qs.h) not referenced
"C:\qp_lab\qpc\include\qs.h" 114 1 Info 769: global enumeration constant 'QSpyRecords::QS_QF_INT_DISABLE' (line 114, file C:\qp_lab\qpc\include\qs.h) not referenced
"C:\qp_lab\qpc\include\qs.h" 115 1 Info 769: global enumeration constant 'QSpyRecords::QS_QF_INT_ENABLE' (line 115, file C:\qp_lab\qpc\include\qs.h) not referenced
"C:\qp_lab\qpc\include\qs.h" 119 1 Info 769: global enumeration constant 'QSpyRecords::QS_MUTEX_LOCK' (line 119, file C:\qp_lab\qpc\include\qs.h) not referenced
"C:\qp_lab\qpc\include\qs.h" 120 1 Info 769: global enumeration constant 'QSpyRecords::QS_MUTEX_UNLOCK' (line 120, file C:\qp_lab\qpc\include\qs.h) not referenced
"C:\qp_lab\qpc\include\qs.h" 123 1 Info 769: global enumeration constant 'QSpyRecords::QS_SCHED_LOCK' (line 123, file C:\qp_lab\qpc\include\qs.h) not referenced
"C:\qp_lab\qpc\include\qs.h" 124 1 Info 769: global enumeration constant 'QSpyRecords::QS_SCHED_UNLOCK' (line 124, file C:\qp_lab\qpc\include\qs.h) not referenced
"C:\qp_lab\qpc\include\qs.h" 125 1 Info 769: global enumeration constant 'QSpyRecords::QS_SCHED_NEXT' (line 125, file C:\qp_lab\qpc\include\qs.h) not referenced
"C:\qp_lab\qpc\include\qs.h" 126 1 Info 769: global enumeration constant 'QSpyRecords::QS_SCHED_IDLE' (line 126, file C:\qp_lab\qpc\include\qs.h) not referenced
"C:\qp_lab\qpc\include\qs.h" 127 1 Info 769: global enumeration constant 'QSpyRecords::QS_SCHED_RESUME' (line 127, file C:\qp_lab\qpc\include\qs.h) not referenced
"C:\qp_lab\qpc\include\qs.h" 135 1 Info 769: global enumeration constant 'QSpyRecords::QS_TEST_PAUSED' (line 135, file C:\qp_lab\qpc\include\qs.h) not referenced
"C:\qp_lab\qpc\include\qs.h" 136 1 Info 769: global enumeration constant 'QSpyRecords::QS_TEST_PROBE_GET' (line 136, file C:\qp_lab\qpc\include\qs.h) not referenced
"C:\qp_lab\qpc\include\qs.h" 137 1 Info 769: global enumeration constant 'QSpyRecords::QS_SIG_DICT' (line 137, file C:\qp_lab\qpc\include\qs.h) not referenced
"C:\qp_lab\qpc\include\qs.h" 138 1 Info 769: global enumeration constant 'QSpyRecords::QS_OBJ_DICT' (line 138, file C:\qp_lab\qpc\include\qs.h) not referenced
"C:\qp_lab\qpc\include\qs.h" 139 1 Info 769: global enumeration constant 'QSpyRecords::QS_FUN_DICT' (line 139, file C:\qp_lab\qpc\include\qs.h) not referenced
"C:\qp_lab\qpc\include\qs.h" 140 1 Info 769: global enumeration constant 'QSpyRecords::QS_USR_DICT' (line 140, file C:\qp_lab\qpc\include\qs.h) not referenced
"C:\qp_lab\qpc\include\qs.h" 141 1 Info 769: global enumeration constant 'QSpyRecords::QS_TARGET_INFO' (line 141, file C:\qp_lab\qpc\include\qs.h) not referenced
"C:\qp_lab\qpc\include\qs.h" 142 1 Info 769: global enumeration constant 'QSpyRecords::QS_TARGET_DONE' (line 142, file C:\qp_lab\qpc\include\qs.h) not referenced
"C:\qp_lab\qpc\include\qs.h" 143 1 Info 769: global enumeration constant 'QSpyRecords::QS_RX_STATUS' (line 143, file C:\qp_lab\qpc\include\qs.h) not referenced
"C:\qp_lab\qpc\include\qs.h" 144 1 Info 769: global enumeration constant 'QSpyRecords::QS_MSC_RESERVED1' (line 144, file C:\qp_lab\qpc\include\qs.h) not referenced
"C:\qp_lab\qpc\include\qs.h" 145 1 Info 769: global enumeration constant 'QSpyRecords::QS_PEEK_DATA' (line 145, file C:\qp_lab\qpc\include\qs.h) not referenced
"C:\qp_lab\qpc\include\qs.h" 146 1 Info 769: global enumeration constant 'QSpyRecords::QS_ASSERT_FAIL' (line 146, file C:\qp_lab\qpc\include\qs.h) not referenced
"C:\qp_lab\qpc\include\qs.h" 154 1 Info 769: global enumeration constant 'QSpyRecordGroups::QS_ALL_RECORDS' (line 154, file C:\qp_lab\qpc\include\qs.h) not referenced
"C:\qp_lab\qpc\include\qs.h" 155 1 Info 769: global enumeration constant 'QSpyRecordGroups::QS_SM_RECORDS' (line 155, file C:\qp_lab\qpc\include\qs.h) not referenced
"C:\qp_lab\qpc\include\qs.h" 156 1 Info 769: global enumeration constant 'QSpyRecordGroups::QS_AO_RECORDS' (line 156, file C:\qp_lab\qpc\include\qs.h) not referenced
"C:\qp_lab\qpc\include\qs.h" 157 1 Info 769: global enumeration constant 'QSpyRecordGroups::QS_EQ_RECORDS' (line 157, file C:\qp_lab\qpc\include\qs.h) not referenced
"C:\qp_lab\qpc\include\qs.h" 158 1 Info 769: global enumeration constant 'QSpyRecordGroups::QS_MP_RECORDS' (line 158, file C:\qp_lab\qpc\include\qs.h) not referenced
"C:\qp_lab\qpc\include\qs.h" 159 1 Info 769: global enumeration constant 'QSpyRecordGroups::QS_TE_RECORDS' (line 159, file C:\qp_lab\qpc\include\qs.h) not referenced
"C:\qp_lab\qpc\include\qs.h" 160 1 Info 769: global enumeration constant 'QSpyRecordGroups::QS_QF_RECORDS' (line 160, file C:\qp_lab\qpc\include\qs.h) not referenced
"C:\qp_lab\qpc\include\qs.h" 161 1 Info 769: global enumeration constant 'QSpyRecordGroups::QS_SC_RECORDS' (line 161, file C:\qp_lab\qpc\include\qs.h) not referenced
"C:\qp_lab\qpc\include\qs.h" 162 1 Info 769: global enumeration constant 'QSpyRecordGroups::QS_U0_RECORDS' (line 162, file C:\qp_lab\qpc\include\qs.h) not referenced
"C:\qp_lab\qpc\include\qs.h" 163 1 Info 769: global enumeration constant 'QSpyRecordGroups::QS_U1_RECORDS' (line 163, file C:\qp_lab\qpc\include\qs.h) not referenced
"C:\qp_lab\qpc\include\qs.h" 164 1 Info 769: global enumeration constant 'QSpyRecordGroups::QS_U2_RECORDS' (line 164, file C:\qp_lab\qpc\include\qs.h) not referenced
"C:\qp_lab\qpc\include\qs.h" 165 1 Info 769: global enumeration constant 'QSpyRecordGroups::QS_U3_RECORDS' (line 165, file C:\qp_lab\qpc\include\qs.h) not referenced
"C:\qp_lab\qpc\include\qs.h" 166 1 Info 769: global enumeration constant 'QSpyRecordGroups::QS_U4_RECORDS' (line 166, file C:\qp_lab\qpc\include\qs.h) not referenced
"C:\qp_lab\qpc\include\qs.h" 167 1 Info 769: global enumeration constant 'QSpyRecordGroups::QS_UA_RECORDS' (line 167, file C:\qp_lab\qpc\include\qs.h) not referenced
"C:\qp_lab\qpc\include\qs.h" 175 1 Info 769: global enumeration constant 'QSpyUserRecords::QS_USER3' (line 175, file C:\qp_lab\qpc\include\qs.h) not referenced
"C:\qp_lab\qpc\include\qs.h" 778 1 Info 769: global enumeration constant 'QS_I8_T' (line 778, file C:\qp_lab\qpc\include\qs.h) not referenced
"C:\qp_lab\qpc\include\qs.h" 779 1 Info 769: global enumeration constant 'QS_U8_T' (line 779, file C:\qp_lab\qpc\include\qs.h) not referenced
"C:\qp_lab\qpc\include\qs.h" 780 1 Info 769: global enumeration constant 'QS_I16_T' (line 780, file C:\qp_lab\qpc\include\qs.h) not referenced
"C:\qp_lab\qpc\include\qs.h" 781 1 Info 769: global enumeration constant 'QS_U16_T' (line 781, file C:\qp_lab\qpc\include\qs.h) not referenced
"C:\qp_lab\qpc\include\qs.h" 782 1 Info 769: global enumeration constant 'QS_I32_T' (line 782, file C:\qp_lab\qpc\include\qs.h) not referenced
"C:\qp_lab\qpc\include\qs.h" 783 1 Info 769: global enumeration constant 'QS_U32_T' (line 783, file C:\qp_lab\qpc\include\qs.h) not referenced
"C:\qp_lab\qpc\include\qs.h" 784 1 Info 769: global enumeration constant 'QS_F32_T' (line 784, file C:\qp_lab\qpc\include\qs.h) not referenced
"C:\qp_lab\qpc\include\qs.h" 785 1 Info 769: global enumeration constant 'QS_F64_T' (line 785, file C:\qp_lab\qpc\include\qs.h) not referenced
"C:\qp_lab\qpc\include\qs.h" 786 1 Info 769: global enumeration constant 'QS_STR_T' (line 786, file C:\qp_lab\qpc\include\qs.h) not referenced
"C:\qp_lab\qpc\include\qs.h" 787 1 Info 769: global enumeration constant 'QS_MEM_T' (line 787, file C:\qp_lab\qpc\include\qs.h) not referenced
"C:\qp_lab\qpc\include\qs.h" 788 1 Info 769: global enumeration constant 'QS_SIG_T' (line 788, file C:\qp_lab\qpc\include\qs.h) not referenced
"C:\qp_lab\qpc\include\qs.h" 789 1 Info 769: global enumeration constant 'QS_OBJ_T' (line 789, file C:\qp_lab\qpc\include\qs.h) not referenced
"C:\qp_lab\qpc\include\qs.h" 790 1 Info 769: global enumeration constant 'QS_FUN_T' (line 790, file C:\qp_lab\qpc\include\qs.h) not referenced
"C:\qp_lab\qpc\include\qs.h" 791 1 Info 769: global enumeration constant 'QS_I64_T' (line 791, file C:\qp_lab\qpc\include\qs.h) not referenced
"C:\qp_lab\qpc\include\qs.h" 792 1 Info 769: global enumeration constant 'QS_U64_T' (line 792, file C:\qp_lab\qpc\include\qs.h) not referenced
"C:\qp_lab\qpc\include\qs.h" 793 1 Info 769: global enumeration constant 'QS_U32_HEX_T' (line 793, file C:\qp_lab\qpc\include\qs.h) not referenced
"C:\qp_lab\qpc\include\qs.h" 1062 1 Info 769: global enumeration constant 'QSpyObjKind::AP_OBJ' (line 1062, file C:\qp_lab\qpc\include\qs.h) not referenced
"C:\qp_lab\qpc\include\qs.h" 1070 1 Info 768: global struct member 'QSPriv::buf' (line 1070, file C:\qp_lab\qpc\include\qs.h) not referenced
"C:\qp_lab\qpc\include\qs.h" 1071 1 Info 768: global struct member 'QSPriv::end' (line 1071, file C:\qp_lab\qpc\include\qs.h) not referenced
"C:\qp_lab\qpc\include\qs.h" 1072 1 Info 768: global struct member 'QSPriv::head' (line 1072, file C:\qp_lab\qpc\include\qs.h) not referenced
"C:\qp_lab\qpc\include\qs.h" 1073 1 Info 768: global struct member 'QSPriv::tail' (line 1073, file C:\qp_lab\qpc\include\qs.h) not referenced
"C:\qp_lab\qpc\include\qs.h" 1074 1 Info 768: global struct member 'QSPriv::used' (line 1074, file C:\qp_lab\qpc\include\qs.h) not referenced
"C:\qp_lab\qpc\include\qs.h" 1075 1 Info 768: global struct member 'QSPriv::seq' (line 1075, file C:\qp_lab\qpc\include\qs.h) not referenced
"C:\qp_lab\qpc\include\qs.h" 1076 1 Info 768: global struct member 'QSPriv::chksum' (line 1076, file C:\qp_lab\qpc\include\qs.h) not referenced
"C:\qp_lab\qpc\include\qs.h" 1078 1 Info 768: global struct member 'QSPriv::critNest' (line 1078, file C:\qp_lab\qpc\include\qs.h) not referenced
"C:\qp_lab\qpc\include\qs.h" 1093 1 Info 769: global enumeration constant 'QSpyRxRecords::QS_RX_INFO' (line 1093, file C:\qp_lab\qpc\include\qs.h) not referenced
"C:\qp_lab\qpc\include\qs.h" 1094 1 Info 769: global enumeration constant 'QSpyRxRecords::QS_RX_COMMAND' (line 1094, file C:\qp_lab\qpc\include\qs.h) not referenced
"C:\qp_lab\qpc\include\qs.h" 1095 1 Info 769: global enumeration constant 'QSpyRxRecords::QS_RX_RESET' (line 1095, file C:\qp_lab\qpc\include\qs.h) not referenced
"C:\qp_lab\qpc\include\qs.h" 1096 1 Info 769: global enumeration constant 'QSpyRxRecords::QS_RX_TICK' (line 1096, file C:\qp_lab\qpc\include\qs.h) not referenced
"C:\qp_lab\qpc\include\qs.h" 1097 1 Info 769: global enumeration constant 'QSpyRxRecords::QS_RX_PEEK' (line 1097, file C:\qp_lab\qpc\include\qs.h) not referenced
"C:\qp_lab\qpc\include\qs.h" 1098 1 Info 769: global enumeration constant 'QSpyRxRecords::QS_RX_POKE' (line 1098, file C:\qp_lab\qpc\include\qs.h) not referenced
"C:\qp_lab\qpc\include\qs.h" 1099 1 Info 769: global enumeration constant 'QSpyRxRecords::QS_RX_FILL' (line 1099, file C:\qp_lab\qpc\include\qs.h) not referenced
"C:\qp_lab\qpc\include\qs.h" 1100 1 Info 769: global enumeration constant 'QSpyRxRecords::QS_RX_TEST_SETUP' (line 1100, file C:\qp_lab\qpc\include\qs.h) not referenced
"C:\qp_lab\qpc\include\qs.h" 1101 1 Info 769: global enumeration constant 'QSpyRxRecords::QS_RX_TEST_TEARDOWN' (line 1101, file C:\qp_lab\qpc\include\qs.h) not referenced
"C:\qp_lab\qpc\include\qs.h" 1102 1 Info 769: global enumeration constant 'QSpyRxRecords::QS_RX_TEST_PROBE' (line 1102, file C:\qp_lab\qpc\include\qs.h) not referenced
"C:\qp_lab\qpc\include\qs.h" 1103 1 Info 769: global enumeration constant 'QSpyRxRecords::QS_RX_GLB_FILTER' (line 1103, file C:\qp_lab\qpc\include\qs.h) not referenced
"C:\qp_lab\qpc\include\qs.h" 1104 1 Info 769: global enumeration constant 'QSpyRxRecords::QS_RX_LOC_FILTER' (line 1104, file C:\qp_lab\qpc\include\qs.h) not referenced
"C:\qp_lab\qpc\include\qs.h" 1105 1 Info 769: global enumeration constant 'QSpyRxRecords::QS_RX_AO_FILTER' (line 1105, file C:\qp_lab\qpc\include\qs.h) not referenced
"C:\qp_lab\qpc\include\qs.h" 1106 1 Info 769: global enumeration constant 'QSpyRxRecords::QS_RX_CURR_OBJ' (line 1106, file C:\qp_lab\qpc\include\qs.h) not referenced
"C:\qp_lab\qpc\include\qs.h" 1107 1 Info 769: global enumeration constant 'QSpyRxRecords::QS_RX_TEST_CONTINUE' (line 1107, file C:\qp_lab\qpc\include\qs.h) not referenced
"C:\qp_lab\qpc\include\qs.h" 1108 1 Info 769: global enumeration constant 'QSpyRxRecords::QS_RX_RESERVED1' (line 1108, file C:\qp_lab\qpc\include\qs.h) not referenced
"C:\qp_lab\qpc\include\qs.h" 1109 1 Info 769: global enumeration constant 'QSpyRxRecords::QS_RX_EVENT' (line 1109, file C:\qp_lab\qpc\include\qs.h) not referenced
"C:\qp_lab\qpc\include\qs.h" 1120 1 Info 768: global struct member 'QSrxPriv::currObj' (line 1120, file C:\qp_lab\qpc\include\qs.h) not referenced
"C:\qp_lab\qpc\include\qs.h" 1121 1 Info 768: global struct member 'QSrxPriv::buf' (line 1121, file C:\qp_lab\qpc\include\qs.h) not referenced
"C:\qp_lab\qpc\include\qs.h" 1122 1 Info 768: global struct member 'QSrxPriv::end' (line 1122, file C:\qp_lab\qpc\include\qs.h) not referenced
"C:\qp_lab\qpc\include\qs.h" 1123 1 Info 768: global struct member 'QSrxPriv::head' (line 1123, file C:\qp_lab\qpc\include\qs.h) not referenced
"C:\qp_lab\qpc\include\qs.h" 1124 1 Info 768: global struct member 'QSrxPriv::tail' (line 1124, file C:\qp_lab\qpc\include\qs.h) not referenced
"C:\qp_lab\qpc\include\qs.h" 1125 1 Info 768: global struct member 'QSrxPriv::inTestLoop' (line 1125, file C:\qp_lab\qpc\include\qs.h) not referenced
 Note 900: Successful completion, 430 messages produced

Count   Type    Number  Text

13      Warning 526     Symbol '___' (___) not defined
32      Info    714     Symbol '___' (___) not referenced
1       Info    729     Symbol '___' (___) not explicitly initialized
112     Info    755     global macro '___' (___) not referenced
8       Info    756     global typedef '___' (___) not referenced
41      Info    757     global declarator '___' (___) not referenced
4       Info    758     global ___ '___' (___) not referenced
36      Info    759     header declaration for symbol '___' defined at (___) could be moved from header to module
36      Info    765     external '___' (___) could be made static
18      Info    768     global struct member '___' (___) not referenced
76      Info    769     global enumeration constant '___' (___) not referenced
1       Note    900     Successful completion, ___ messages produced
53      Note    960     Violates MISRA 2004 Required Rule ___, ___
