###############################################################################
#
# IAR ANSI C/C++ Compiler V7.70.2.11706/W32 for ARM       11/Jan/2018  15:11:46
# Copyright 1999-2016 IAR Systems AB.
#
#    Cpu mode     =  thumb
#    Endian       =  little
#    Source file  =  C:\Embedded_Program\Lesson15\startup_tm4c.c
#    Command line =  
#        C:\Embedded_Program\Lesson15\startup_tm4c.c -lc
#        C:\Embedded_Program\Lesson15\Debug\List -o
#        C:\Embedded_Program\Lesson15\Debug\Obj --no_cse --no_unroll
#        --no_inline --no_code_motion --no_tbaa --no_clustering --no_scheduling
#        --debug --endian=little --cpu=Cortex-M4 -e --fpu=VFPv4_sp
#        --dlib_config "C:\Program Files (x86)\IAR Systems\Embedded Workbench
#        7.5\arm\INC\c\DLib_Config_Normal.h" -Ol -I "C:\Program Files (x86)\IAR
#        Systems\Embedded Workbench 7.5\arm\CMSIS\Include\"
#    Locale       =  English_United States.1252
#    List file    =  C:\Embedded_Program\Lesson15\Debug\List\startup_tm4c.lst
#    Object file  =  C:\Embedded_Program\Lesson15\Debug\Obj\startup_tm4c.o
#
###############################################################################

C:\Embedded_Program\Lesson15\startup_tm4c.c
      1          /*Startup code for TM4c MCU*/
      2          extern int CSTACK$$Limit;
      3          const int __vector_table[] @ ".intvec"={
      4          (int)&CSTACK$$Limit
      5          ,0x9
      6          };


   Section sizes:

   Bytes  Function/Label
   -----  --------------
       8  __vector_table

 
 8 bytes in section .intvec
 
 8 bytes of CONST memory

Errors: none
Warnings: none
