
**** Build of configuration Debug for project Lesson19 ****

"C:\\ti_gnu\\ccsv6\\utils\\bin\\gmake" -k all 
'Building file: ../BSP.c'
'Invoking: GNU Compiler'
"C:/ti_gnu/ccsv6/tools/compiler/gcc-arm-none-eabi-4_7-2013q3/bin/arm-none-eabi-gcc.exe" -c -mcpu=cortex-m4 -mthumb -mfloat-abi=softfp -mfpu=fpv4-sp-d16 -DPART_TM4C123GH6PM -I"C:/Embedded_Program/CMSIS/Include" -ffunction-sections -fdata-sections -g -gstrict-dwarf -Wall -MMD -MP -MF"BSP.d" -MT"BSP.d" -o"BSP.o"  "../BSP.c"
In file included from ../tm4c_cmsis.h:346:0,
                 from ../BSP.c:2:
C:/Embedded_Program/CMSIS/Include/core_cm4.h:153:8: error: #error "Compiler generates FPU instructions for a device without an FPU (check __FPU_PRESENT)"
gmake: *** [BSP.o] Error 1
'Building file: ../main.c'
'Invoking: GNU Compiler'
"C:/ti_gnu/ccsv6/tools/compiler/gcc-arm-none-eabi-4_7-2013q3/bin/arm-none-eabi-gcc.exe" -c -mcpu=cortex-m4 -mthumb -mfloat-abi=softfp -mfpu=fpv4-sp-d16 -DPART_TM4C123GH6PM -I"C:/Embedded_Program/CMSIS/Include" -ffunction-sections -fdata-sections -g -gstrict-dwarf -Wall -MMD -MP -MF"main.d" -MT"main.d" -o"main.o"  "../main.c"
In file included from ../tm4c_cmsis.h:346:0,
                 from ../main.c:3:
C:/Embedded_Program/CMSIS/Include/core_cm4.h:153:8: error: #error "Compiler generates FPU instructions for a device without an FPU (check __FPU_PRESENT)"
gmake: *** [main.o] Error 1
'Building file: ../startup_tm4c_gnu.c'
'Invoking: GNU Compiler'
"C:/ti_gnu/ccsv6/tools/compiler/gcc-arm-none-eabi-4_7-2013q3/bin/arm-none-eabi-gcc.exe" -c -mcpu=cortex-m4 -mthumb -mfloat-abi=softfp -mfpu=fpv4-sp-d16 -DPART_TM4C123GH6PM -I"C:/Embedded_Program/CMSIS/Include" -ffunction-sections -fdata-sections -g -gstrict-dwarf -Wall -MMD -MP -MF"startup_tm4c_gnu.d" -MT"startup_tm4c_gnu.d" -o"startup_tm4c_gnu.o"  "../startup_tm4c_gnu.c"
'Finished building: ../startup_tm4c_gnu.c'
' '
'Building file: ../tm4c123gh6pm_startup_ccs_gcc.c'
'Invoking: GNU Compiler'
"C:/ti_gnu/ccsv6/tools/compiler/gcc-arm-none-eabi-4_7-2013q3/bin/arm-none-eabi-gcc.exe" -c -mcpu=cortex-m4 -mthumb -mfloat-abi=softfp -mfpu=fpv4-sp-d16 -DPART_TM4C123GH6PM -I"C:/Embedded_Program/CMSIS/Include" -ffunction-sections -fdata-sections -g -gstrict-dwarf -Wall -MMD -MP -MF"tm4c123gh6pm_startup_ccs_gcc.d" -MT"tm4c123gh6pm_startup_ccs_gcc.d" -o"tm4c123gh6pm_startup_ccs_gcc.o"  "../tm4c123gh6pm_startup_ccs_gcc.c"
'Finished building: ../tm4c123gh6pm_startup_ccs_gcc.c'
' '
gmake: Target `all' not remade because of errors.

**** Build Finished ****
